{"/home/aspl/Documents/new_clone_15_nov/jasmine/auth/verifyToken.js":{"path":"/home/aspl/Documents/new_clone_15_nov/jasmine/auth/verifyToken.js","statementMap":{"0":{"start":{"line":1,"column":15},"end":{"line":1,"column":45}},"1":{"start":{"line":2,"column":12},"end":{"line":2,"column":35}},"2":{"start":{"line":5,"column":14},"end":{"line":5,"column":43}},"3":{"start":{"line":6,"column":2},"end":{"line":7,"column":80}},"4":{"start":{"line":7,"column":4},"end":{"line":7,"column":80}},"5":{"start":{"line":9,"column":2},"end":{"line":16,"column":5}},"6":{"start":{"line":10,"column":4},"end":{"line":13,"column":73}},"7":{"start":{"line":11,"column":6},"end":{"line":13,"column":73}},"8":{"start":{"line":14,"column":4},"end":{"line":14,"column":28}},"9":{"start":{"line":15,"column":4},"end":{"line":15,"column":11}},"10":{"start":{"line":18,"column":0},"end":{"line":18,"column":29}}},"fnMap":{"0":{"name":"verifyToken","decl":{"start":{"line":4,"column":9},"end":{"line":4,"column":20}},"loc":{"start":{"line":4,"column":37},"end":{"line":17,"column":1}},"line":4},"1":{"name":"(anonymous_1)","decl":{"start":{"line":9,"column":38},"end":{"line":9,"column":39}},"loc":{"start":{"line":9,"column":61},"end":{"line":16,"column":3}},"line":9}},"branchMap":{"0":{"loc":{"start":{"line":6,"column":2},"end":{"line":7,"column":80}},"type":"if","locations":[{"start":{"line":6,"column":2},"end":{"line":7,"column":80}},{"start":{"line":6,"column":2},"end":{"line":7,"column":80}}],"line":6},"1":{"loc":{"start":{"line":10,"column":4},"end":{"line":13,"column":73}},"type":"if","locations":[{"start":{"line":10,"column":4},"end":{"line":13,"column":73}},{"start":{"line":10,"column":4},"end":{"line":13,"column":73}}],"line":10}},"s":{"0":0,"1":0,"2":0,"3":0,"4":0,"5":0,"6":0,"7":0,"8":0,"9":0,"10":0},"f":{"0":0,"1":0},"b":{"0":[0,0],"1":[0,0]}},"/home/aspl/Documents/new_clone_15_nov/jasmine/config/jwtConfig.js":{"path":"/home/aspl/Documents/new_clone_15_nov/jasmine/config/jwtConfig.js","statementMap":{"0":{"start":{"line":1,"column":0},"end":{"line":3,"column":2}}},"fnMap":{},"branchMap":{},"s":{"0":0},"f":{},"b":{}},"/home/aspl/Documents/new_clone_15_nov/jasmine/config/setting.js":{"path":"/home/aspl/Documents/new_clone_15_nov/jasmine/config/setting.js","statementMap":{"0":{"start":{"line":1,"column":0},"end":{"line":14,"column":2}}},"fnMap":{},"branchMap":{},"s":{"0":0},"f":{},"b":{}},"/home/aspl/Documents/new_clone_15_nov/jasmine/config/table.js":{"path":"/home/aspl/Documents/new_clone_15_nov/jasmine/config/table.js","statementMap":{"0":{"start":{"line":1,"column":0},"end":{"line":37,"column":4}}},"fnMap":{},"branchMap":{},"s":{"0":0},"f":{},"b":{}},"/home/aspl/Documents/new_clone_15_nov/jasmine/controllers/hospitalBranchController.js":{"path":"/home/aspl/Documents/new_clone_15_nov/jasmine/controllers/hospitalBranchController.js","statementMap":{"0":{"start":{"line":1,"column":23},"end":{"line":1,"column":46}},"1":{"start":{"line":2,"column":27},"end":{"line":2,"column":61}},"2":{"start":{"line":3,"column":23},"end":{"line":3,"column":47}},"3":{"start":{"line":4,"column":17},"end":{"line":4,"column":46}},"4":{"start":{"line":5,"column":20},"end":{"line":5,"column":43}},"5":{"start":{"line":6,"column":16},"end":{"line":6,"column":44}},"6":{"start":{"line":7,"column":15},"end":{"line":7,"column":42}},"7":{"start":{"line":8,"column":18},"end":{"line":8,"column":43}},"8":{"start":{"line":9,"column":19},"end":{"line":9,"column":40}},"9":{"start":{"line":10,"column":19},"end":{"line":10,"column":73}},"10":{"start":{"line":12,"column":0},"end":{"line":154,"column":1}},"11":{"start":{"line":13,"column":21},"end":{"line":13,"column":23}},"12":{"start":{"line":14,"column":17},"end":{"line":14,"column":19}},"13":{"start":{"line":15,"column":16},"end":{"line":15,"column":18}},"14":{"start":{"line":16,"column":4},"end":{"line":16,"column":61}},"15":{"start":{"line":17,"column":4},"end":{"line":17,"column":103}},"16":{"start":{"line":18,"column":4},"end":{"line":18,"column":125}},"17":{"start":{"line":19,"column":4},"end":{"line":153,"column":6}},"18":{"start":{"line":38,"column":8},"end":{"line":138,"column":9}},"19":{"start":{"line":39,"column":32},"end":{"line":43,"column":14}},"20":{"start":{"line":40,"column":16},"end":{"line":42,"column":17}},"21":{"start":{"line":41,"column":20},"end":{"line":41,"column":98}},"22":{"start":{"line":44,"column":31},"end":{"line":44,"column":104}},"23":{"start":{"line":44,"column":55},"end":{"line":44,"column":101}},"24":{"start":{"line":45,"column":29},"end":{"line":45,"column":122}},"25":{"start":{"line":45,"column":53},"end":{"line":45,"column":119}},"26":{"start":{"line":46,"column":27},"end":{"line":46,"column":128}},"27":{"start":{"line":46,"column":51},"end":{"line":46,"column":125}},"28":{"start":{"line":48,"column":12},"end":{"line":58,"column":13}},"29":{"start":{"line":49,"column":16},"end":{"line":49,"column":90}},"30":{"start":{"line":50,"column":19},"end":{"line":58,"column":13}},"31":{"start":{"line":51,"column":16},"end":{"line":51,"column":93}},"32":{"start":{"line":52,"column":19},"end":{"line":58,"column":13}},"33":{"start":{"line":53,"column":16},"end":{"line":53,"column":92}},"34":{"start":{"line":54,"column":19},"end":{"line":58,"column":13}},"35":{"start":{"line":55,"column":16},"end":{"line":55,"column":87}},"36":{"start":{"line":57,"column":16},"end":{"line":57,"column":80}},"37":{"start":{"line":60,"column":12},"end":{"line":137,"column":18}},"38":{"start":{"line":62,"column":20},"end":{"line":136,"column":21}},"39":{"start":{"line":63,"column":24},"end":{"line":63,"column":70}},"40":{"start":{"line":64,"column":24},"end":{"line":70,"column":26}},"41":{"start":{"line":65,"column":28},"end":{"line":67,"column":29}},"42":{"start":{"line":66,"column":32},"end":{"line":66,"column":82}},"43":{"start":{"line":69,"column":28},"end":{"line":69,"column":88}},"44":{"start":{"line":71,"column":24},"end":{"line":71,"column":77}},"45":{"start":{"line":72,"column":24},"end":{"line":135,"column":30}},"46":{"start":{"line":75,"column":32},"end":{"line":131,"column":33}},"47":{"start":{"line":77,"column":36},"end":{"line":130,"column":38}},"48":{"start":{"line":82,"column":40},"end":{"line":96,"column":42}},"49":{"start":{"line":83,"column":44},"end":{"line":94,"column":46}},"50":{"start":{"line":92,"column":48},"end":{"line":92,"column":124}},"51":{"start":{"line":97,"column":40},"end":{"line":128,"column":41}},"52":{"start":{"line":98,"column":62},"end":{"line":106,"column":46}},"53":{"start":{"line":108,"column":62},"end":{"line":120,"column":45}},"54":{"start":{"line":121,"column":44},"end":{"line":127,"column":47}},"55":{"start":{"line":122,"column":48},"end":{"line":126,"column":49}},"56":{"start":{"line":123,"column":52},"end":{"line":123,"column":88}},"57":{"start":{"line":125,"column":52},"end":{"line":125,"column":97}},"58":{"start":{"line":129,"column":40},"end":{"line":129,"column":115}},"59":{"start":{"line":134,"column":32},"end":{"line":134,"column":92}},"60":{"start":{"line":139,"column":8},"end":{"line":139,"column":21}},"61":{"start":{"line":150,"column":8},"end":{"line":150,"column":25}},"62":{"start":{"line":152,"column":8},"end":{"line":152,"column":68}},"63":{"start":{"line":156,"column":0},"end":{"line":178,"column":1}},"64":{"start":{"line":157,"column":17},"end":{"line":157,"column":45}},"65":{"start":{"line":158,"column":12},"end":{"line":158,"column":16}},"66":{"start":{"line":159,"column":0},"end":{"line":164,"column":1}},"67":{"start":{"line":160,"column":1},"end":{"line":160,"column":83}},"68":{"start":{"line":163,"column":4},"end":{"line":163,"column":82}},"69":{"start":{"line":165,"column":4},"end":{"line":177,"column":10}},"70":{"start":{"line":173,"column":8},"end":{"line":173,"column":66}},"71":{"start":{"line":176,"column":12},"end":{"line":176,"column":72}},"72":{"start":{"line":180,"column":0},"end":{"line":231,"column":1}},"73":{"start":{"line":181,"column":15},"end":{"line":181,"column":17}},"74":{"start":{"line":182,"column":27},"end":{"line":182,"column":29}},"75":{"start":{"line":183,"column":4},"end":{"line":183,"column":53}},"76":{"start":{"line":185,"column":4},"end":{"line":230,"column":6}},"77":{"start":{"line":190,"column":4},"end":{"line":226,"column":9}},"78":{"start":{"line":191,"column":8},"end":{"line":210,"column":10}},"79":{"start":{"line":197,"column":10},"end":{"line":209,"column":11}},"80":{"start":{"line":198,"column":12},"end":{"line":198,"column":72}},"81":{"start":{"line":200,"column":12},"end":{"line":200,"column":56}},"82":{"start":{"line":201,"column":12},"end":{"line":201,"column":64}},"83":{"start":{"line":202,"column":12},"end":{"line":202,"column":77}},"84":{"start":{"line":203,"column":12},"end":{"line":203,"column":45}},"85":{"start":{"line":204,"column":12},"end":{"line":204,"column":44}},"86":{"start":{"line":205,"column":12},"end":{"line":208,"column":14}},"87":{"start":{"line":207,"column":12},"end":{"line":207,"column":84}},"88":{"start":{"line":213,"column":12},"end":{"line":225,"column":14}},"89":{"start":{"line":214,"column":16},"end":{"line":224,"column":17}},"90":{"start":{"line":215,"column":20},"end":{"line":215,"column":61}},"91":{"start":{"line":216,"column":20},"end":{"line":216,"column":72}},"92":{"start":{"line":217,"column":20},"end":{"line":217,"column":85}},"93":{"start":{"line":218,"column":20},"end":{"line":218,"column":53}},"94":{"start":{"line":219,"column":20},"end":{"line":219,"column":52}},"95":{"start":{"line":220,"column":20},"end":{"line":223,"column":22}},"96":{"start":{"line":222,"column":24},"end":{"line":222,"column":96}},"97":{"start":{"line":229,"column":9},"end":{"line":229,"column":68}},"98":{"start":{"line":233,"column":0},"end":{"line":244,"column":1}},"99":{"start":{"line":234,"column":4},"end":{"line":243,"column":6}},"100":{"start":{"line":236,"column":8},"end":{"line":236,"column":31}},"101":{"start":{"line":239,"column":8},"end":{"line":239,"column":79}},"102":{"start":{"line":242,"column":8},"end":{"line":242,"column":67}},"103":{"start":{"line":246,"column":0},"end":{"line":259,"column":1}},"104":{"start":{"line":247,"column":16},"end":{"line":247,"column":82}},"105":{"start":{"line":248,"column":4},"end":{"line":258,"column":7}},"106":{"start":{"line":254,"column":8},"end":{"line":254,"column":66}},"107":{"start":{"line":257,"column":8},"end":{"line":257,"column":67}},"108":{"start":{"line":261,"column":0},"end":{"line":297,"column":1}},"109":{"start":{"line":262,"column":14},"end":{"line":262,"column":16}},"110":{"start":{"line":263,"column":27},"end":{"line":263,"column":29}},"111":{"start":{"line":265,"column":4},"end":{"line":270,"column":6}},"112":{"start":{"line":268,"column":8},"end":{"line":268,"column":29}},"113":{"start":{"line":269,"column":8},"end":{"line":269,"column":21}},"114":{"start":{"line":272,"column":4},"end":{"line":276,"column":28}},"115":{"start":{"line":278,"column":4},"end":{"line":296,"column":6}},"116":{"start":{"line":281,"column":8},"end":{"line":292,"column":9}},"117":{"start":{"line":282,"column":12},"end":{"line":282,"column":53}},"118":{"start":{"line":283,"column":12},"end":{"line":283,"column":64}},"119":{"start":{"line":284,"column":12},"end":{"line":284,"column":77}},"120":{"start":{"line":285,"column":12},"end":{"line":285,"column":45}},"121":{"start":{"line":286,"column":12},"end":{"line":286,"column":44}},"122":{"start":{"line":288,"column":12},"end":{"line":291,"column":14}},"123":{"start":{"line":290,"column":16},"end":{"line":290,"column":88}},"124":{"start":{"line":295,"column":8},"end":{"line":295,"column":67}},"125":{"start":{"line":299,"column":0},"end":{"line":353,"column":1}},"126":{"start":{"line":300,"column":20},"end":{"line":300,"column":22}},"127":{"start":{"line":301,"column":33},"end":{"line":301,"column":35}},"128":{"start":{"line":302,"column":4},"end":{"line":302,"column":69}},"129":{"start":{"line":303,"column":4},"end":{"line":352,"column":6}},"130":{"start":{"line":309,"column":8},"end":{"line":309,"column":17}},"131":{"start":{"line":310,"column":4},"end":{"line":348,"column":5}},"132":{"start":{"line":311,"column":7},"end":{"line":313,"column":8}},"133":{"start":{"line":312,"column":8},"end":{"line":312,"column":74}},"134":{"start":{"line":314,"column":8},"end":{"line":333,"column":5}},"135":{"start":{"line":320,"column":10},"end":{"line":332,"column":6}},"136":{"start":{"line":321,"column":12},"end":{"line":321,"column":78}},"137":{"start":{"line":323,"column":8},"end":{"line":323,"column":70}},"138":{"start":{"line":324,"column":8},"end":{"line":324,"column":66}},"139":{"start":{"line":325,"column":8},"end":{"line":325,"column":79}},"140":{"start":{"line":326,"column":8},"end":{"line":326,"column":47}},"141":{"start":{"line":327,"column":8},"end":{"line":327,"column":46}},"142":{"start":{"line":328,"column":8},"end":{"line":331,"column":10}},"143":{"start":{"line":330,"column":11},"end":{"line":330,"column":89}},"144":{"start":{"line":335,"column":8},"end":{"line":347,"column":10}},"145":{"start":{"line":336,"column":12},"end":{"line":346,"column":13}},"146":{"start":{"line":337,"column":8},"end":{"line":337,"column":67}},"147":{"start":{"line":338,"column":8},"end":{"line":338,"column":66}},"148":{"start":{"line":339,"column":8},"end":{"line":339,"column":79}},"149":{"start":{"line":340,"column":8},"end":{"line":340,"column":47}},"150":{"start":{"line":341,"column":8},"end":{"line":341,"column":46}},"151":{"start":{"line":342,"column":8},"end":{"line":345,"column":16}},"152":{"start":{"line":344,"column":13},"end":{"line":344,"column":91}},"153":{"start":{"line":351,"column":9},"end":{"line":351,"column":68}},"154":{"start":{"line":355,"column":0},"end":{"line":369,"column":1}},"155":{"start":{"line":356,"column":16},"end":{"line":356,"column":89}},"156":{"start":{"line":357,"column":4},"end":{"line":368,"column":10}},"157":{"start":{"line":364,"column":12},"end":{"line":364,"column":70}},"158":{"start":{"line":367,"column":12},"end":{"line":367,"column":72}},"159":{"start":{"line":371,"column":0},"end":{"line":382,"column":1}},"160":{"start":{"line":372,"column":4},"end":{"line":381,"column":6}},"161":{"start":{"line":374,"column":8},"end":{"line":374,"column":31}},"162":{"start":{"line":377,"column":8},"end":{"line":377,"column":79}},"163":{"start":{"line":380,"column":8},"end":{"line":380,"column":67}},"164":{"start":{"line":384,"column":0},"end":{"line":420,"column":1}},"165":{"start":{"line":385,"column":19},"end":{"line":385,"column":21}},"166":{"start":{"line":386,"column":33},"end":{"line":386,"column":35}},"167":{"start":{"line":388,"column":4},"end":{"line":393,"column":6}},"168":{"start":{"line":391,"column":8},"end":{"line":391,"column":29}},"169":{"start":{"line":392,"column":8},"end":{"line":392,"column":21}},"170":{"start":{"line":395,"column":4},"end":{"line":399,"column":45}},"171":{"start":{"line":401,"column":4},"end":{"line":419,"column":6}},"172":{"start":{"line":404,"column":8},"end":{"line":415,"column":9}},"173":{"start":{"line":405,"column":12},"end":{"line":405,"column":71}},"174":{"start":{"line":406,"column":12},"end":{"line":406,"column":70}},"175":{"start":{"line":407,"column":12},"end":{"line":407,"column":83}},"176":{"start":{"line":408,"column":12},"end":{"line":408,"column":51}},"177":{"start":{"line":409,"column":12},"end":{"line":409,"column":50}},"178":{"start":{"line":411,"column":12},"end":{"line":414,"column":14}},"179":{"start":{"line":413,"column":16},"end":{"line":413,"column":98}},"180":{"start":{"line":418,"column":8},"end":{"line":418,"column":67}},"181":{"start":{"line":422,"column":0},"end":{"line":434,"column":1}},"182":{"start":{"line":423,"column":16},"end":{"line":423,"column":84}},"183":{"start":{"line":424,"column":4},"end":{"line":433,"column":6}},"184":{"start":{"line":429,"column":9},"end":{"line":429,"column":67}},"185":{"start":{"line":432,"column":9},"end":{"line":432,"column":68}},"186":{"start":{"line":436,"column":0},"end":{"line":496,"column":1}},"187":{"start":{"line":437,"column":4},"end":{"line":495,"column":7}},"188":{"start":{"line":439,"column":6},"end":{"line":439,"column":45}},"189":{"start":{"line":440,"column":6},"end":{"line":440,"column":26}},"190":{"start":{"line":443,"column":22},"end":{"line":443,"column":72}},"191":{"start":{"line":444,"column":5},"end":{"line":444,"column":22}},"192":{"start":{"line":447,"column":8},"end":{"line":490,"column":11}},"193":{"start":{"line":459,"column":12},"end":{"line":489,"column":13}},"194":{"start":{"line":460,"column":36},"end":{"line":464,"column":18}},"195":{"start":{"line":461,"column":20},"end":{"line":463,"column":21}},"196":{"start":{"line":462,"column":24},"end":{"line":462,"column":101}},"197":{"start":{"line":465,"column":35},"end":{"line":465,"column":116}},"198":{"start":{"line":465,"column":60},"end":{"line":465,"column":113}},"199":{"start":{"line":466,"column":31},"end":{"line":466,"column":132}},"200":{"start":{"line":466,"column":56},"end":{"line":466,"column":129}},"201":{"start":{"line":469,"column":16},"end":{"line":477,"column":17}},"202":{"start":{"line":470,"column":20},"end":{"line":470,"column":92}},"203":{"start":{"line":471,"column":23},"end":{"line":477,"column":17}},"204":{"start":{"line":472,"column":20},"end":{"line":472,"column":97}},"205":{"start":{"line":473,"column":23},"end":{"line":477,"column":17}},"206":{"start":{"line":474,"column":20},"end":{"line":474,"column":98}},"207":{"start":{"line":476,"column":20},"end":{"line":476,"column":85}},"208":{"start":{"line":479,"column":16},"end":{"line":479,"column":54}},"209":{"start":{"line":480,"column":16},"end":{"line":480,"column":64}},"210":{"start":{"line":481,"column":16},"end":{"line":481,"column":62}},"211":{"start":{"line":482,"column":16},"end":{"line":482,"column":47}},"212":{"start":{"line":483,"column":16},"end":{"line":483,"column":45}},"213":{"start":{"line":484,"column":16},"end":{"line":484,"column":51}},"214":{"start":{"line":485,"column":16},"end":{"line":485,"column":51}},"215":{"start":{"line":486,"column":16},"end":{"line":486,"column":53}},"216":{"start":{"line":487,"column":16},"end":{"line":487,"column":33}},"217":{"start":{"line":488,"column":16},"end":{"line":488,"column":67}},"218":{"start":{"line":494,"column":8},"end":{"line":494,"column":67}}},"fnMap":{"0":{"name":"(anonymous_0)","decl":{"start":{"line":12,"column":33},"end":{"line":12,"column":34}},"loc":{"start":{"line":12,"column":53},"end":{"line":154,"column":1}},"line":12},"1":{"name":"(anonymous_1)","decl":{"start":{"line":37,"column":12},"end":{"line":37,"column":13}},"loc":{"start":{"line":37,"column":22},"end":{"line":149,"column":5}},"line":37},"2":{"name":"(anonymous_2)","decl":{"start":{"line":39,"column":44},"end":{"line":39,"column":45}},"loc":{"start":{"line":39,"column":54},"end":{"line":43,"column":13}},"line":39},"3":{"name":"(anonymous_3)","decl":{"start":{"line":44,"column":43},"end":{"line":44,"column":44}},"loc":{"start":{"line":44,"column":53},"end":{"line":44,"column":103}},"line":44},"4":{"name":"(anonymous_4)","decl":{"start":{"line":45,"column":41},"end":{"line":45,"column":42}},"loc":{"start":{"line":45,"column":51},"end":{"line":45,"column":121}},"line":45},"5":{"name":"(anonymous_5)","decl":{"start":{"line":46,"column":39},"end":{"line":46,"column":40}},"loc":{"start":{"line":46,"column":49},"end":{"line":46,"column":127}},"line":46},"6":{"name":"(anonymous_6)","decl":{"start":{"line":61,"column":22},"end":{"line":61,"column":23}},"loc":{"start":{"line":61,"column":32},"end":{"line":137,"column":17}},"line":61},"7":{"name":"(anonymous_7)","decl":{"start":{"line":64,"column":74},"end":{"line":64,"column":75}},"loc":{"start":{"line":64,"column":84},"end":{"line":68,"column":25}},"line":64},"8":{"name":"(anonymous_8)","decl":{"start":{"line":68,"column":33},"end":{"line":68,"column":34}},"loc":{"start":{"line":68,"column":40},"end":{"line":70,"column":25}},"line":68},"9":{"name":"(anonymous_9)","decl":{"start":{"line":73,"column":34},"end":{"line":73,"column":35}},"loc":{"start":{"line":73,"column":44},"end":{"line":133,"column":29}},"line":73},"10":{"name":"(anonymous_10)","decl":{"start":{"line":81,"column":44},"end":{"line":81,"column":45}},"loc":{"start":{"line":81,"column":55},"end":{"line":130,"column":37}},"line":81},"11":{"name":"(anonymous_11)","decl":{"start":{"line":82,"column":56},"end":{"line":82,"column":57}},"loc":{"start":{"line":82,"column":73},"end":{"line":96,"column":41}},"line":82},"12":{"name":"(anonymous_12)","decl":{"start":{"line":91,"column":51},"end":{"line":91,"column":52}},"loc":{"start":{"line":91,"column":62},"end":{"line":94,"column":45}},"line":91},"13":{"name":"(anonymous_13)","decl":{"start":{"line":121,"column":78},"end":{"line":121,"column":79}},"loc":{"start":{"line":121,"column":101},"end":{"line":127,"column":45}},"line":121},"14":{"name":"(anonymous_14)","decl":{"start":{"line":133,"column":37},"end":{"line":133,"column":38}},"loc":{"start":{"line":133,"column":44},"end":{"line":135,"column":29}},"line":133},"15":{"name":"(anonymous_15)","decl":{"start":{"line":149,"column":13},"end":{"line":149,"column":14}},"loc":{"start":{"line":149,"column":20},"end":{"line":153,"column":5}},"line":149},"16":{"name":"(anonymous_16)","decl":{"start":{"line":156,"column":28},"end":{"line":156,"column":29}},"loc":{"start":{"line":156,"column":44},"end":{"line":178,"column":1}},"line":156},"17":{"name":"(anonymous_17)","decl":{"start":{"line":172,"column":11},"end":{"line":172,"column":12}},"loc":{"start":{"line":172,"column":21},"end":{"line":174,"column":5}},"line":172},"18":{"name":"(anonymous_18)","decl":{"start":{"line":175,"column":15},"end":{"line":175,"column":16}},"loc":{"start":{"line":175,"column":22},"end":{"line":177,"column":9}},"line":175},"19":{"name":"(anonymous_19)","decl":{"start":{"line":180,"column":17},"end":{"line":180,"column":18}},"loc":{"start":{"line":180,"column":33},"end":{"line":231,"column":1}},"line":180},"20":{"name":"(anonymous_20)","decl":{"start":{"line":189,"column":12},"end":{"line":189,"column":13}},"loc":{"start":{"line":189,"column":22},"end":{"line":227,"column":5}},"line":189},"21":{"name":"(anonymous_21)","decl":{"start":{"line":196,"column":16},"end":{"line":196,"column":17}},"loc":{"start":{"line":196,"column":26},"end":{"line":210,"column":9}},"line":196},"22":{"name":"(anonymous_22)","decl":{"start":{"line":206,"column":18},"end":{"line":206,"column":19}},"loc":{"start":{"line":206,"column":26},"end":{"line":208,"column":13}},"line":206},"23":{"name":"(anonymous_23)","decl":{"start":{"line":213,"column":57},"end":{"line":213,"column":58}},"loc":{"start":{"line":213,"column":65},"end":{"line":225,"column":13}},"line":213},"24":{"name":"(anonymous_24)","decl":{"start":{"line":221,"column":26},"end":{"line":221,"column":27}},"loc":{"start":{"line":221,"column":34},"end":{"line":223,"column":21}},"line":221},"25":{"name":"(anonymous_25)","decl":{"start":{"line":228,"column":11},"end":{"line":228,"column":12}},"loc":{"start":{"line":228,"column":16},"end":{"line":230,"column":5}},"line":228},"26":{"name":"(anonymous_26)","decl":{"start":{"line":233,"column":19},"end":{"line":233,"column":20}},"loc":{"start":{"line":233,"column":35},"end":{"line":244,"column":1}},"line":233},"27":{"name":"(anonymous_27)","decl":{"start":{"line":235,"column":10},"end":{"line":235,"column":11}},"loc":{"start":{"line":235,"column":18},"end":{"line":237,"column":5}},"line":235},"28":{"name":"(anonymous_28)","decl":{"start":{"line":238,"column":10},"end":{"line":238,"column":11}},"loc":{"start":{"line":238,"column":18},"end":{"line":240,"column":5}},"line":238},"29":{"name":"(anonymous_29)","decl":{"start":{"line":241,"column":11},"end":{"line":241,"column":12}},"loc":{"start":{"line":241,"column":16},"end":{"line":243,"column":5}},"line":241},"30":{"name":"(anonymous_30)","decl":{"start":{"line":246,"column":30},"end":{"line":246,"column":31}},"loc":{"start":{"line":246,"column":46},"end":{"line":259,"column":1}},"line":246},"31":{"name":"(anonymous_31)","decl":{"start":{"line":253,"column":11},"end":{"line":253,"column":12}},"loc":{"start":{"line":253,"column":21},"end":{"line":255,"column":5}},"line":253},"32":{"name":"(anonymous_32)","decl":{"start":{"line":256,"column":11},"end":{"line":256,"column":12}},"loc":{"start":{"line":256,"column":18},"end":{"line":258,"column":6}},"line":256},"33":{"name":"(anonymous_33)","decl":{"start":{"line":261,"column":36},"end":{"line":261,"column":37}},"loc":{"start":{"line":261,"column":52},"end":{"line":297,"column":1}},"line":261},"34":{"name":"(anonymous_34)","decl":{"start":{"line":267,"column":10},"end":{"line":267,"column":11}},"loc":{"start":{"line":267,"column":18},"end":{"line":270,"column":5}},"line":267},"35":{"name":"(anonymous_35)","decl":{"start":{"line":279,"column":10},"end":{"line":279,"column":11}},"loc":{"start":{"line":279,"column":18},"end":{"line":293,"column":5}},"line":279},"36":{"name":"(anonymous_36)","decl":{"start":{"line":289,"column":18},"end":{"line":289,"column":19}},"loc":{"start":{"line":289,"column":26},"end":{"line":291,"column":13}},"line":289},"37":{"name":"(anonymous_37)","decl":{"start":{"line":294,"column":11},"end":{"line":294,"column":12}},"loc":{"start":{"line":294,"column":16},"end":{"line":296,"column":5}},"line":294},"38":{"name":"(anonymous_38)","decl":{"start":{"line":299,"column":22},"end":{"line":299,"column":23}},"loc":{"start":{"line":299,"column":38},"end":{"line":353,"column":1}},"line":299},"39":{"name":"(anonymous_39)","decl":{"start":{"line":308,"column":10},"end":{"line":308,"column":11}},"loc":{"start":{"line":308,"column":18},"end":{"line":349,"column":1}},"line":308},"40":{"name":"(anonymous_40)","decl":{"start":{"line":319,"column":16},"end":{"line":319,"column":17}},"loc":{"start":{"line":319,"column":26},"end":{"line":333,"column":4}},"line":319},"41":{"name":"(anonymous_41)","decl":{"start":{"line":329,"column":14},"end":{"line":329,"column":15}},"loc":{"start":{"line":329,"column":22},"end":{"line":331,"column":9}},"line":329},"42":{"name":"(anonymous_42)","decl":{"start":{"line":335,"column":64},"end":{"line":335,"column":65}},"loc":{"start":{"line":335,"column":72},"end":{"line":347,"column":9}},"line":335},"43":{"name":"(anonymous_43)","decl":{"start":{"line":343,"column":14},"end":{"line":343,"column":15}},"loc":{"start":{"line":343,"column":22},"end":{"line":345,"column":15}},"line":343},"44":{"name":"(anonymous_44)","decl":{"start":{"line":350,"column":7},"end":{"line":350,"column":8}},"loc":{"start":{"line":350,"column":12},"end":{"line":352,"column":5}},"line":350},"45":{"name":"(anonymous_45)","decl":{"start":{"line":355,"column":38},"end":{"line":355,"column":39}},"loc":{"start":{"line":355,"column":60},"end":{"line":369,"column":1}},"line":355},"46":{"name":"(anonymous_46)","decl":{"start":{"line":363,"column":14},"end":{"line":363,"column":15}},"loc":{"start":{"line":363,"column":24},"end":{"line":365,"column":9}},"line":363},"47":{"name":"(anonymous_47)","decl":{"start":{"line":366,"column":15},"end":{"line":366,"column":16}},"loc":{"start":{"line":366,"column":22},"end":{"line":368,"column":9}},"line":366},"48":{"name":"(anonymous_48)","decl":{"start":{"line":371,"column":27},"end":{"line":371,"column":28}},"loc":{"start":{"line":371,"column":47},"end":{"line":382,"column":1}},"line":371},"49":{"name":"(anonymous_49)","decl":{"start":{"line":373,"column":10},"end":{"line":373,"column":11}},"loc":{"start":{"line":373,"column":18},"end":{"line":375,"column":5}},"line":373},"50":{"name":"(anonymous_50)","decl":{"start":{"line":376,"column":10},"end":{"line":376,"column":11}},"loc":{"start":{"line":376,"column":18},"end":{"line":378,"column":5}},"line":376},"51":{"name":"(anonymous_51)","decl":{"start":{"line":379,"column":11},"end":{"line":379,"column":12}},"loc":{"start":{"line":379,"column":16},"end":{"line":381,"column":5}},"line":379},"52":{"name":"(anonymous_52)","decl":{"start":{"line":384,"column":43},"end":{"line":384,"column":44}},"loc":{"start":{"line":384,"column":59},"end":{"line":420,"column":1}},"line":384},"53":{"name":"(anonymous_53)","decl":{"start":{"line":390,"column":10},"end":{"line":390,"column":11}},"loc":{"start":{"line":390,"column":18},"end":{"line":393,"column":5}},"line":390},"54":{"name":"(anonymous_54)","decl":{"start":{"line":402,"column":10},"end":{"line":402,"column":11}},"loc":{"start":{"line":402,"column":18},"end":{"line":416,"column":5}},"line":402},"55":{"name":"(anonymous_55)","decl":{"start":{"line":412,"column":18},"end":{"line":412,"column":19}},"loc":{"start":{"line":412,"column":26},"end":{"line":414,"column":13}},"line":412},"56":{"name":"(anonymous_56)","decl":{"start":{"line":417,"column":11},"end":{"line":417,"column":12}},"loc":{"start":{"line":417,"column":16},"end":{"line":419,"column":5}},"line":417},"57":{"name":"(anonymous_57)","decl":{"start":{"line":422,"column":32},"end":{"line":422,"column":33}},"loc":{"start":{"line":422,"column":48},"end":{"line":434,"column":1}},"line":422},"58":{"name":"(anonymous_58)","decl":{"start":{"line":428,"column":12},"end":{"line":428,"column":13}},"loc":{"start":{"line":428,"column":22},"end":{"line":430,"column":6}},"line":428},"59":{"name":"(anonymous_59)","decl":{"start":{"line":431,"column":12},"end":{"line":431,"column":13}},"loc":{"start":{"line":431,"column":19},"end":{"line":433,"column":5}},"line":431},"60":{"name":"(anonymous_60)","decl":{"start":{"line":436,"column":35},"end":{"line":436,"column":36}},"loc":{"start":{"line":436,"column":51},"end":{"line":496,"column":1}},"line":436},"61":{"name":"(anonymous_61)","decl":{"start":{"line":438,"column":10},"end":{"line":438,"column":11}},"loc":{"start":{"line":438,"column":18},"end":{"line":441,"column":5}},"line":438},"62":{"name":"(anonymous_62)","decl":{"start":{"line":442,"column":10},"end":{"line":442,"column":11}},"loc":{"start":{"line":442,"column":19},"end":{"line":445,"column":5}},"line":442},"63":{"name":"(anonymous_63)","decl":{"start":{"line":446,"column":10},"end":{"line":446,"column":11}},"loc":{"start":{"line":446,"column":22},"end":{"line":492,"column":5}},"line":446},"64":{"name":"(anonymous_64)","decl":{"start":{"line":458,"column":16},"end":{"line":458,"column":17}},"loc":{"start":{"line":458,"column":27},"end":{"line":490,"column":9}},"line":458},"65":{"name":"(anonymous_65)","decl":{"start":{"line":460,"column":49},"end":{"line":460,"column":50}},"loc":{"start":{"line":460,"column":59},"end":{"line":464,"column":17}},"line":460},"66":{"name":"(anonymous_66)","decl":{"start":{"line":465,"column":48},"end":{"line":465,"column":49}},"loc":{"start":{"line":465,"column":58},"end":{"line":465,"column":115}},"line":465},"67":{"name":"(anonymous_67)","decl":{"start":{"line":466,"column":44},"end":{"line":466,"column":45}},"loc":{"start":{"line":466,"column":54},"end":{"line":466,"column":131}},"line":466},"68":{"name":"(anonymous_68)","decl":{"start":{"line":493,"column":12},"end":{"line":493,"column":13}},"loc":{"start":{"line":493,"column":19},"end":{"line":495,"column":6}},"line":493}},"branchMap":{"0":{"loc":{"start":{"line":38,"column":8},"end":{"line":138,"column":9}},"type":"if","locations":[{"start":{"line":38,"column":8},"end":{"line":138,"column":9}},{"start":{"line":38,"column":8},"end":{"line":138,"column":9}}],"line":38},"1":{"loc":{"start":{"line":40,"column":16},"end":{"line":42,"column":17}},"type":"if","locations":[{"start":{"line":40,"column":16},"end":{"line":42,"column":17}},{"start":{"line":40,"column":16},"end":{"line":42,"column":17}}],"line":40},"2":{"loc":{"start":{"line":48,"column":12},"end":{"line":58,"column":13}},"type":"if","locations":[{"start":{"line":48,"column":12},"end":{"line":58,"column":13}},{"start":{"line":48,"column":12},"end":{"line":58,"column":13}}],"line":48},"3":{"loc":{"start":{"line":50,"column":19},"end":{"line":58,"column":13}},"type":"if","locations":[{"start":{"line":50,"column":19},"end":{"line":58,"column":13}},{"start":{"line":50,"column":19},"end":{"line":58,"column":13}}],"line":50},"4":{"loc":{"start":{"line":52,"column":19},"end":{"line":58,"column":13}},"type":"if","locations":[{"start":{"line":52,"column":19},"end":{"line":58,"column":13}},{"start":{"line":52,"column":19},"end":{"line":58,"column":13}}],"line":52},"5":{"loc":{"start":{"line":54,"column":19},"end":{"line":58,"column":13}},"type":"if","locations":[{"start":{"line":54,"column":19},"end":{"line":58,"column":13}},{"start":{"line":54,"column":19},"end":{"line":58,"column":13}}],"line":54},"6":{"loc":{"start":{"line":62,"column":20},"end":{"line":136,"column":21}},"type":"if","locations":[{"start":{"line":62,"column":20},"end":{"line":136,"column":21}},{"start":{"line":62,"column":20},"end":{"line":136,"column":21}}],"line":62},"7":{"loc":{"start":{"line":65,"column":28},"end":{"line":67,"column":29}},"type":"if","locations":[{"start":{"line":65,"column":28},"end":{"line":67,"column":29}},{"start":{"line":65,"column":28},"end":{"line":67,"column":29}}],"line":65},"8":{"loc":{"start":{"line":75,"column":32},"end":{"line":131,"column":33}},"type":"if","locations":[{"start":{"line":75,"column":32},"end":{"line":131,"column":33}},{"start":{"line":75,"column":32},"end":{"line":131,"column":33}}],"line":75},"9":{"loc":{"start":{"line":97,"column":40},"end":{"line":128,"column":41}},"type":"if","locations":[{"start":{"line":97,"column":40},"end":{"line":128,"column":41}},{"start":{"line":97,"column":40},"end":{"line":128,"column":41}}],"line":97},"10":{"loc":{"start":{"line":122,"column":48},"end":{"line":126,"column":49}},"type":"if","locations":[{"start":{"line":122,"column":48},"end":{"line":126,"column":49}},{"start":{"line":122,"column":48},"end":{"line":126,"column":49}}],"line":122},"11":{"loc":{"start":{"line":159,"column":0},"end":{"line":164,"column":1}},"type":"if","locations":[{"start":{"line":159,"column":0},"end":{"line":164,"column":1}},{"start":{"line":159,"column":0},"end":{"line":164,"column":1}}],"line":159},"12":{"loc":{"start":{"line":190,"column":4},"end":{"line":226,"column":9}},"type":"if","locations":[{"start":{"line":190,"column":4},"end":{"line":226,"column":9}},{"start":{"line":190,"column":4},"end":{"line":226,"column":9}}],"line":190},"13":{"loc":{"start":{"line":197,"column":10},"end":{"line":209,"column":11}},"type":"if","locations":[{"start":{"line":197,"column":10},"end":{"line":209,"column":11}},{"start":{"line":197,"column":10},"end":{"line":209,"column":11}}],"line":197},"14":{"loc":{"start":{"line":214,"column":16},"end":{"line":224,"column":17}},"type":"if","locations":[{"start":{"line":214,"column":16},"end":{"line":224,"column":17}},{"start":{"line":214,"column":16},"end":{"line":224,"column":17}}],"line":214},"15":{"loc":{"start":{"line":281,"column":8},"end":{"line":292,"column":9}},"type":"if","locations":[{"start":{"line":281,"column":8},"end":{"line":292,"column":9}},{"start":{"line":281,"column":8},"end":{"line":292,"column":9}}],"line":281},"16":{"loc":{"start":{"line":310,"column":4},"end":{"line":348,"column":5}},"type":"if","locations":[{"start":{"line":310,"column":4},"end":{"line":348,"column":5}},{"start":{"line":310,"column":4},"end":{"line":348,"column":5}}],"line":310},"17":{"loc":{"start":{"line":311,"column":7},"end":{"line":313,"column":8}},"type":"if","locations":[{"start":{"line":311,"column":7},"end":{"line":313,"column":8}},{"start":{"line":311,"column":7},"end":{"line":313,"column":8}}],"line":311},"18":{"loc":{"start":{"line":320,"column":10},"end":{"line":332,"column":6}},"type":"if","locations":[{"start":{"line":320,"column":10},"end":{"line":332,"column":6}},{"start":{"line":320,"column":10},"end":{"line":332,"column":6}}],"line":320},"19":{"loc":{"start":{"line":336,"column":12},"end":{"line":346,"column":13}},"type":"if","locations":[{"start":{"line":336,"column":12},"end":{"line":346,"column":13}},{"start":{"line":336,"column":12},"end":{"line":346,"column":13}}],"line":336},"20":{"loc":{"start":{"line":404,"column":8},"end":{"line":415,"column":9}},"type":"if","locations":[{"start":{"line":404,"column":8},"end":{"line":415,"column":9}},{"start":{"line":404,"column":8},"end":{"line":415,"column":9}}],"line":404},"21":{"loc":{"start":{"line":459,"column":12},"end":{"line":489,"column":13}},"type":"if","locations":[{"start":{"line":459,"column":12},"end":{"line":489,"column":13}},{"start":{"line":459,"column":12},"end":{"line":489,"column":13}}],"line":459},"22":{"loc":{"start":{"line":461,"column":20},"end":{"line":463,"column":21}},"type":"if","locations":[{"start":{"line":461,"column":20},"end":{"line":463,"column":21}},{"start":{"line":461,"column":20},"end":{"line":463,"column":21}}],"line":461},"23":{"loc":{"start":{"line":469,"column":16},"end":{"line":477,"column":17}},"type":"if","locations":[{"start":{"line":469,"column":16},"end":{"line":477,"column":17}},{"start":{"line":469,"column":16},"end":{"line":477,"column":17}}],"line":469},"24":{"loc":{"start":{"line":471,"column":23},"end":{"line":477,"column":17}},"type":"if","locations":[{"start":{"line":471,"column":23},"end":{"line":477,"column":17}},{"start":{"line":471,"column":23},"end":{"line":477,"column":17}}],"line":471},"25":{"loc":{"start":{"line":473,"column":23},"end":{"line":477,"column":17}},"type":"if","locations":[{"start":{"line":473,"column":23},"end":{"line":477,"column":17}},{"start":{"line":473,"column":23},"end":{"line":477,"column":17}}],"line":473}},"s":{"0":0,"1":0,"2":0,"3":0,"4":0,"5":0,"6":0,"7":0,"8":0,"9":0,"10":0,"11":0,"12":0,"13":0,"14":0,"15":0,"16":0,"17":0,"18":0,"19":0,"20":0,"21":0,"22":0,"23":0,"24":0,"25":0,"26":0,"27":0,"28":0,"29":0,"30":0,"31":0,"32":0,"33":0,"34":0,"35":0,"36":0,"37":0,"38":0,"39":0,"40":0,"41":0,"42":0,"43":0,"44":0,"45":0,"46":0,"47":0,"48":0,"49":0,"50":0,"51":0,"52":0,"53":0,"54":0,"55":0,"56":0,"57":0,"58":0,"59":0,"60":0,"61":0,"62":0,"63":0,"64":0,"65":0,"66":0,"67":0,"68":0,"69":0,"70":0,"71":0,"72":0,"73":0,"74":0,"75":0,"76":0,"77":0,"78":0,"79":0,"80":0,"81":0,"82":0,"83":0,"84":0,"85":0,"86":0,"87":0,"88":0,"89":0,"90":0,"91":0,"92":0,"93":0,"94":0,"95":0,"96":0,"97":0,"98":0,"99":0,"100":0,"101":0,"102":0,"103":0,"104":0,"105":0,"106":0,"107":0,"108":0,"109":0,"110":0,"111":0,"112":0,"113":0,"114":0,"115":0,"116":0,"117":0,"118":0,"119":0,"120":0,"121":0,"122":0,"123":0,"124":0,"125":0,"126":0,"127":0,"128":0,"129":0,"130":0,"131":0,"132":0,"133":0,"134":0,"135":0,"136":0,"137":0,"138":0,"139":0,"140":0,"141":0,"142":0,"143":0,"144":0,"145":0,"146":0,"147":0,"148":0,"149":0,"150":0,"151":0,"152":0,"153":0,"154":0,"155":0,"156":0,"157":0,"158":0,"159":0,"160":0,"161":0,"162":0,"163":0,"164":0,"165":0,"166":0,"167":0,"168":0,"169":0,"170":0,"171":0,"172":0,"173":0,"174":0,"175":0,"176":0,"177":0,"178":0,"179":0,"180":0,"181":0,"182":0,"183":0,"184":0,"185":0,"186":0,"187":0,"188":0,"189":0,"190":0,"191":0,"192":0,"193":0,"194":0,"195":0,"196":0,"197":0,"198":0,"199":0,"200":0,"201":0,"202":0,"203":0,"204":0,"205":0,"206":0,"207":0,"208":0,"209":0,"210":0,"211":0,"212":0,"213":0,"214":0,"215":0,"216":0,"217":0,"218":0},"f":{"0":0,"1":0,"2":0,"3":0,"4":0,"5":0,"6":0,"7":0,"8":0,"9":0,"10":0,"11":0,"12":0,"13":0,"14":0,"15":0,"16":0,"17":0,"18":0,"19":0,"20":0,"21":0,"22":0,"23":0,"24":0,"25":0,"26":0,"27":0,"28":0,"29":0,"30":0,"31":0,"32":0,"33":0,"34":0,"35":0,"36":0,"37":0,"38":0,"39":0,"40":0,"41":0,"42":0,"43":0,"44":0,"45":0,"46":0,"47":0,"48":0,"49":0,"50":0,"51":0,"52":0,"53":0,"54":0,"55":0,"56":0,"57":0,"58":0,"59":0,"60":0,"61":0,"62":0,"63":0,"64":0,"65":0,"66":0,"67":0,"68":0},"b":{"0":[0,0],"1":[0,0],"2":[0,0],"3":[0,0],"4":[0,0],"5":[0,0],"6":[0,0],"7":[0,0],"8":[0,0],"9":[0,0],"10":[0,0],"11":[0,0],"12":[0,0],"13":[0,0],"14":[0,0],"15":[0,0],"16":[0,0],"17":[0,0],"18":[0,0],"19":[0,0],"20":[0,0],"21":[0,0],"22":[0,0],"23":[0,0],"24":[0,0],"25":[0,0]}},"/home/aspl/Documents/new_clone_15_nov/jasmine/controllers/hospitalController.js":{"path":"/home/aspl/Documents/new_clone_15_nov/jasmine/controllers/hospitalController.js","statementMap":{"0":{"start":{"line":1,"column":23},"end":{"line":1,"column":46}},"1":{"start":{"line":2,"column":27},"end":{"line":2,"column":61}},"2":{"start":{"line":3,"column":23},"end":{"line":3,"column":47}},"3":{"start":{"line":4,"column":17},"end":{"line":4,"column":46}},"4":{"start":{"line":5,"column":20},"end":{"line":5,"column":43}},"5":{"start":{"line":6,"column":16},"end":{"line":6,"column":44}},"6":{"start":{"line":7,"column":15},"end":{"line":7,"column":42}},"7":{"start":{"line":8,"column":18},"end":{"line":8,"column":43}},"8":{"start":{"line":9,"column":19},"end":{"line":9,"column":40}},"9":{"start":{"line":10,"column":19},"end":{"line":10,"column":67}},"10":{"start":{"line":13,"column":0},"end":{"line":107,"column":1}},"11":{"start":{"line":15,"column":12},"end":{"line":15,"column":14}},"12":{"start":{"line":16,"column":2},"end":{"line":16,"column":36}},"13":{"start":{"line":18,"column":15},"end":{"line":18,"column":17}},"14":{"start":{"line":19,"column":2},"end":{"line":19,"column":48}},"15":{"start":{"line":21,"column":13},"end":{"line":21,"column":15}},"16":{"start":{"line":22,"column":2},"end":{"line":22,"column":37}},"17":{"start":{"line":23,"column":2},"end":{"line":23,"column":94}},"18":{"start":{"line":24,"column":2},"end":{"line":24,"column":116}},"19":{"start":{"line":25,"column":2},"end":{"line":106,"column":65}},"20":{"start":{"line":42,"column":4},"end":{"line":103,"column":5}},"21":{"start":{"line":43,"column":22},"end":{"line":43,"column":118}},"22":{"start":{"line":43,"column":43},"end":{"line":43,"column":116}},"23":{"start":{"line":44,"column":27},"end":{"line":44,"column":96}},"24":{"start":{"line":44,"column":48},"end":{"line":44,"column":94}},"25":{"start":{"line":45,"column":23},"end":{"line":45,"column":123}},"26":{"start":{"line":45,"column":47},"end":{"line":45,"column":120}},"27":{"start":{"line":47,"column":8},"end":{"line":55,"column":9}},"28":{"start":{"line":48,"column":12},"end":{"line":48,"column":88}},"29":{"start":{"line":49,"column":15},"end":{"line":55,"column":9}},"30":{"start":{"line":50,"column":12},"end":{"line":50,"column":88}},"31":{"start":{"line":51,"column":14},"end":{"line":55,"column":9}},"32":{"start":{"line":52,"column":12},"end":{"line":52,"column":83}},"33":{"start":{"line":54,"column":12},"end":{"line":54,"column":76}},"34":{"start":{"line":57,"column":8},"end":{"line":102,"column":9}},"35":{"start":{"line":59,"column":12},"end":{"line":101,"column":11}},"36":{"start":{"line":60,"column":15},"end":{"line":60,"column":43}},"37":{"start":{"line":61,"column":15},"end":{"line":61,"column":61}},"38":{"start":{"line":62,"column":15},"end":{"line":62,"column":46}},"39":{"start":{"line":64,"column":16},"end":{"line":69,"column":18}},"40":{"start":{"line":66,"column":16},"end":{"line":68,"column":17}},"41":{"start":{"line":67,"column":19},"end":{"line":67,"column":72}},"42":{"start":{"line":70,"column":6},"end":{"line":100,"column":13}},"43":{"start":{"line":71,"column":8},"end":{"line":99,"column":14}},"44":{"start":{"line":72,"column":29},"end":{"line":80,"column":14}},"45":{"start":{"line":82,"column":30},"end":{"line":91,"column":13}},"46":{"start":{"line":92,"column":14},"end":{"line":98,"column":18}},"47":{"start":{"line":93,"column":15},"end":{"line":97,"column":17}},"48":{"start":{"line":94,"column":17},"end":{"line":94,"column":78}},"49":{"start":{"line":96,"column":16},"end":{"line":96,"column":92}},"50":{"start":{"line":106,"column":4},"end":{"line":106,"column":63}},"51":{"start":{"line":109,"column":0},"end":{"line":122,"column":1}},"52":{"start":{"line":111,"column":15},"end":{"line":111,"column":17}},"53":{"start":{"line":112,"column":4},"end":{"line":112,"column":47}},"54":{"start":{"line":114,"column":4},"end":{"line":120,"column":6}},"55":{"start":{"line":115,"column":8},"end":{"line":117,"column":9}},"56":{"start":{"line":116,"column":12},"end":{"line":116,"column":84}},"57":{"start":{"line":119,"column":9},"end":{"line":119,"column":68}},"58":{"start":{"line":124,"column":0},"end":{"line":137,"column":1}},"59":{"start":{"line":126,"column":16},"end":{"line":126,"column":73}},"60":{"start":{"line":127,"column":4},"end":{"line":136,"column":7}},"61":{"start":{"line":132,"column":8},"end":{"line":132,"column":66}},"62":{"start":{"line":135,"column":8},"end":{"line":135,"column":67}},"63":{"start":{"line":139,"column":0},"end":{"line":220,"column":1}},"64":{"start":{"line":141,"column":4},"end":{"line":141,"column":96}},"65":{"start":{"line":142,"column":4},"end":{"line":142,"column":118}},"66":{"start":{"line":143,"column":4},"end":{"line":219,"column":7}},"67":{"start":{"line":159,"column":8},"end":{"line":218,"column":9}},"68":{"start":{"line":160,"column":26},"end":{"line":160,"column":127}},"69":{"start":{"line":160,"column":51},"end":{"line":160,"column":124}},"70":{"start":{"line":161,"column":31},"end":{"line":161,"column":113}},"71":{"start":{"line":161,"column":56},"end":{"line":161,"column":110}},"72":{"start":{"line":162,"column":27},"end":{"line":162,"column":129}},"73":{"start":{"line":162,"column":52},"end":{"line":162,"column":126}},"74":{"start":{"line":164,"column":12},"end":{"line":172,"column":13}},"75":{"start":{"line":165,"column":16},"end":{"line":165,"column":93}},"76":{"start":{"line":166,"column":19},"end":{"line":172,"column":13}},"77":{"start":{"line":167,"column":16},"end":{"line":167,"column":93}},"78":{"start":{"line":168,"column":19},"end":{"line":172,"column":13}},"79":{"start":{"line":169,"column":16},"end":{"line":169,"column":88}},"80":{"start":{"line":171,"column":16},"end":{"line":171,"column":81}},"81":{"start":{"line":174,"column":12},"end":{"line":217,"column":18}},"82":{"start":{"line":181,"column":20},"end":{"line":183,"column":21}},"83":{"start":{"line":182,"column":24},"end":{"line":182,"column":91}},"84":{"start":{"line":185,"column":20},"end":{"line":185,"column":53}},"85":{"start":{"line":186,"column":20},"end":{"line":186,"column":47}},"86":{"start":{"line":187,"column":20},"end":{"line":187,"column":67}},"87":{"start":{"line":188,"column":20},"end":{"line":188,"column":65}},"88":{"start":{"line":189,"column":20},"end":{"line":189,"column":53}},"89":{"start":{"line":190,"column":20},"end":{"line":190,"column":49}},"90":{"start":{"line":191,"column":20},"end":{"line":191,"column":57}},"91":{"start":{"line":192,"column":20},"end":{"line":192,"column":55}},"92":{"start":{"line":193,"column":20},"end":{"line":193,"column":40}},"93":{"start":{"line":197,"column":41},"end":{"line":201,"column":22}},"94":{"start":{"line":203,"column":20},"end":{"line":203,"column":41}},"95":{"start":{"line":207,"column":20},"end":{"line":207,"column":65}},"96":{"start":{"line":208,"column":20},"end":{"line":208,"column":40}},"97":{"start":{"line":212,"column":20},"end":{"line":212,"column":108}},"98":{"start":{"line":216,"column":20},"end":{"line":216,"column":80}},"99":{"start":{"line":222,"column":0},"end":{"line":278,"column":1}},"100":{"start":{"line":223,"column":12},"end":{"line":223,"column":47}},"101":{"start":{"line":224,"column":17},"end":{"line":224,"column":19}},"102":{"start":{"line":225,"column":17},"end":{"line":225,"column":45}},"103":{"start":{"line":226,"column":13},"end":{"line":226,"column":17}},"104":{"start":{"line":228,"column":0},"end":{"line":232,"column":1}},"105":{"start":{"line":229,"column":0},"end":{"line":229,"column":100}},"106":{"start":{"line":231,"column":4},"end":{"line":231,"column":89}},"107":{"start":{"line":233,"column":3},"end":{"line":277,"column":3}},"108":{"start":{"line":237,"column":8},"end":{"line":276,"column":3}},"109":{"start":{"line":238,"column":12},"end":{"line":240,"column":10}},"110":{"start":{"line":239,"column":16},"end":{"line":239,"column":50}},"111":{"start":{"line":241,"column":21},"end":{"line":241,"column":93}},"112":{"start":{"line":242,"column":8},"end":{"line":273,"column":6}},"113":{"start":{"line":247,"column":7},"end":{"line":253,"column":7}},"114":{"start":{"line":247,"column":18},"end":{"line":247,"column":19}},"115":{"start":{"line":248,"column":11},"end":{"line":248,"column":68}},"116":{"start":{"line":249,"column":11},"end":{"line":249,"column":53}},"117":{"start":{"line":250,"column":11},"end":{"line":250,"column":46}},"118":{"start":{"line":251,"column":11},"end":{"line":251,"column":68}},"119":{"start":{"line":252,"column":11},"end":{"line":252,"column":53}},"120":{"start":{"line":254,"column":12},"end":{"line":266,"column":10}},"121":{"start":{"line":255,"column":16},"end":{"line":265,"column":13}},"122":{"start":{"line":255,"column":27},"end":{"line":255,"column":28}},"123":{"start":{"line":256,"column":16},"end":{"line":264,"column":16}},"124":{"start":{"line":256,"column":26},"end":{"line":256,"column":27}},"125":{"start":{"line":257,"column":17},"end":{"line":263,"column":18}},"126":{"start":{"line":258,"column":20},"end":{"line":258,"column":109}},"127":{"start":{"line":259,"column":20},"end":{"line":259,"column":109}},"128":{"start":{"line":260,"column":20},"end":{"line":260,"column":97}},"129":{"start":{"line":261,"column":20},"end":{"line":261,"column":109}},"130":{"start":{"line":262,"column":20},"end":{"line":262,"column":109}},"131":{"start":{"line":267,"column":9},"end":{"line":267,"column":22}},"132":{"start":{"line":270,"column":8},"end":{"line":270,"column":66}},"133":{"start":{"line":272,"column":8},"end":{"line":272,"column":67}},"134":{"start":{"line":275,"column":4},"end":{"line":275,"column":62}},"135":{"start":{"line":280,"column":0},"end":{"line":316,"column":1}},"136":{"start":{"line":282,"column":21},"end":{"line":282,"column":53}},"137":{"start":{"line":283,"column":17},"end":{"line":283,"column":21}},"138":{"start":{"line":285,"column":4},"end":{"line":291,"column":5}},"139":{"start":{"line":286,"column":8},"end":{"line":286,"column":82}},"140":{"start":{"line":289,"column":8},"end":{"line":289,"column":78}},"141":{"start":{"line":293,"column":19},"end":{"line":299,"column":5}},"142":{"start":{"line":300,"column":16},"end":{"line":300,"column":36}},"143":{"start":{"line":301,"column":4},"end":{"line":301,"column":78}},"144":{"start":{"line":318,"column":0},"end":{"line":334,"column":1}},"145":{"start":{"line":319,"column":17},"end":{"line":327,"column":6}},"146":{"start":{"line":328,"column":8},"end":{"line":333,"column":12}},"147":{"start":{"line":330,"column":12},"end":{"line":330,"column":75}},"148":{"start":{"line":332,"column":12},"end":{"line":332,"column":71}},"149":{"start":{"line":336,"column":0},"end":{"line":425,"column":5}},"150":{"start":{"line":337,"column":16},"end":{"line":337,"column":71}},"151":{"start":{"line":338,"column":16},"end":{"line":344,"column":5}},"152":{"start":{"line":345,"column":18},"end":{"line":345,"column":84}},"153":{"start":{"line":346,"column":17},"end":{"line":350,"column":10}},"154":{"start":{"line":352,"column":9},"end":{"line":424,"column":11}},"155":{"start":{"line":353,"column":12},"end":{"line":376,"column":9}},"156":{"start":{"line":354,"column":16},"end":{"line":354,"column":37}},"157":{"start":{"line":355,"column":16},"end":{"line":375,"column":15}},"158":{"start":{"line":356,"column":30},"end":{"line":365,"column":19}},"159":{"start":{"line":367,"column":17},"end":{"line":373,"column":21}},"160":{"start":{"line":368,"column":20},"end":{"line":368,"column":52}},"161":{"start":{"line":369,"column":20},"end":{"line":369,"column":57}},"162":{"start":{"line":371,"column":23},"end":{"line":371,"column":41}},"163":{"start":{"line":372,"column":23},"end":{"line":372,"column":43}},"164":{"start":{"line":377,"column":17},"end":{"line":377,"column":87}},"165":{"start":{"line":378,"column":19},"end":{"line":381,"column":47}},"166":{"start":{"line":383,"column":8},"end":{"line":423,"column":11}},"167":{"start":{"line":384,"column":12},"end":{"line":406,"column":15}},"168":{"start":{"line":385,"column":18},"end":{"line":385,"column":47}},"169":{"start":{"line":386,"column":34},"end":{"line":395,"column":22}},"170":{"start":{"line":396,"column":20},"end":{"line":402,"column":21}},"171":{"start":{"line":397,"column":22},"end":{"line":397,"column":55}},"172":{"start":{"line":398,"column":22},"end":{"line":398,"column":60}},"173":{"start":{"line":400,"column":22},"end":{"line":400,"column":40}},"174":{"start":{"line":401,"column":22},"end":{"line":401,"column":42}},"175":{"start":{"line":403,"column":20},"end":{"line":405,"column":21}},"176":{"start":{"line":404,"column":22},"end":{"line":404,"column":39}},"177":{"start":{"line":407,"column":14},"end":{"line":417,"column":15}},"178":{"start":{"line":408,"column":35},"end":{"line":410,"column":21}},"179":{"start":{"line":409,"column":20},"end":{"line":409,"column":50}},"180":{"start":{"line":411,"column":16},"end":{"line":411,"column":79}},"181":{"start":{"line":413,"column":35},"end":{"line":415,"column":21}},"182":{"start":{"line":414,"column":20},"end":{"line":414,"column":50}},"183":{"start":{"line":416,"column":18},"end":{"line":416,"column":77}},"184":{"start":{"line":419,"column":31},"end":{"line":421,"column":17}},"185":{"start":{"line":420,"column":16},"end":{"line":420,"column":46}},"186":{"start":{"line":422,"column":14},"end":{"line":422,"column":72}},"187":{"start":{"line":427,"column":0},"end":{"line":446,"column":1}},"188":{"start":{"line":428,"column":16},"end":{"line":428,"column":107}},"189":{"start":{"line":429,"column":4},"end":{"line":445,"column":7}},"190":{"start":{"line":432,"column":7},"end":{"line":438,"column":9}},"191":{"start":{"line":433,"column":8},"end":{"line":437,"column":9}},"192":{"start":{"line":434,"column":13},"end":{"line":434,"column":33}},"193":{"start":{"line":436,"column":12},"end":{"line":436,"column":34}},"194":{"start":{"line":439,"column":8},"end":{"line":439,"column":21}},"195":{"start":{"line":441,"column":8},"end":{"line":441,"column":66}},"196":{"start":{"line":444,"column":8},"end":{"line":444,"column":67}},"197":{"start":{"line":448,"column":0},"end":{"line":540,"column":2}},"198":{"start":{"line":449,"column":16},"end":{"line":449,"column":84}},"199":{"start":{"line":450,"column":16},"end":{"line":456,"column":5}},"200":{"start":{"line":457,"column":17},"end":{"line":457,"column":89}},"201":{"start":{"line":459,"column":17},"end":{"line":463,"column":7}},"202":{"start":{"line":465,"column":6},"end":{"line":486,"column":6}},"203":{"start":{"line":466,"column":9},"end":{"line":485,"column":10}},"204":{"start":{"line":467,"column":13},"end":{"line":467,"column":34}},"205":{"start":{"line":468,"column":27},"end":{"line":477,"column":16}},"206":{"start":{"line":478,"column":14},"end":{"line":484,"column":15}},"207":{"start":{"line":479,"column":14},"end":{"line":479,"column":46}},"208":{"start":{"line":480,"column":14},"end":{"line":480,"column":51}},"209":{"start":{"line":482,"column":17},"end":{"line":482,"column":35}},"210":{"start":{"line":483,"column":17},"end":{"line":483,"column":37}},"211":{"start":{"line":487,"column":18},"end":{"line":487,"column":94}},"212":{"start":{"line":488,"column":17},"end":{"line":492,"column":7}},"213":{"start":{"line":494,"column":5},"end":{"line":539,"column":14}},"214":{"start":{"line":495,"column":15},"end":{"line":517,"column":18}},"215":{"start":{"line":496,"column":21},"end":{"line":496,"column":50}},"216":{"start":{"line":497,"column":37},"end":{"line":506,"column":25}},"217":{"start":{"line":507,"column":23},"end":{"line":513,"column":24}},"218":{"start":{"line":508,"column":25},"end":{"line":508,"column":58}},"219":{"start":{"line":509,"column":25},"end":{"line":509,"column":63}},"220":{"start":{"line":511,"column":25},"end":{"line":511,"column":43}},"221":{"start":{"line":512,"column":25},"end":{"line":512,"column":45}},"222":{"start":{"line":514,"column":23},"end":{"line":516,"column":24}},"223":{"start":{"line":515,"column":25},"end":{"line":515,"column":42}},"224":{"start":{"line":518,"column":17},"end":{"line":532,"column":18}},"225":{"start":{"line":520,"column":39},"end":{"line":522,"column":25}},"226":{"start":{"line":521,"column":24},"end":{"line":521,"column":54}},"227":{"start":{"line":524,"column":21},"end":{"line":524,"column":84}},"228":{"start":{"line":527,"column":39},"end":{"line":529,"column":25}},"229":{"start":{"line":528,"column":24},"end":{"line":528,"column":54}},"230":{"start":{"line":531,"column":21},"end":{"line":531,"column":80}},"231":{"start":{"line":534,"column":35},"end":{"line":536,"column":21}},"232":{"start":{"line":535,"column":20},"end":{"line":535,"column":50}},"233":{"start":{"line":538,"column":17},"end":{"line":538,"column":80}},"234":{"start":{"line":542,"column":0},"end":{"line":565,"column":1}},"235":{"start":{"line":543,"column":4},"end":{"line":564,"column":7}},"236":{"start":{"line":550,"column":8},"end":{"line":552,"column":10}},"237":{"start":{"line":553,"column":8},"end":{"line":556,"column":10}},"238":{"start":{"line":554,"column":12},"end":{"line":554,"column":28}},"239":{"start":{"line":555,"column":12},"end":{"line":555,"column":23}},"240":{"start":{"line":557,"column":6},"end":{"line":557,"column":19}},"241":{"start":{"line":560,"column":8},"end":{"line":560,"column":66}},"242":{"start":{"line":563,"column":8},"end":{"line":563,"column":67}},"243":{"start":{"line":567,"column":0},"end":{"line":577,"column":1}},"244":{"start":{"line":568,"column":16},"end":{"line":568,"column":79}},"245":{"start":{"line":569,"column":4},"end":{"line":576,"column":7}},"246":{"start":{"line":572,"column":8},"end":{"line":572,"column":66}},"247":{"start":{"line":575,"column":8},"end":{"line":575,"column":67}},"248":{"start":{"line":579,"column":0},"end":{"line":691,"column":1}},"249":{"start":{"line":580,"column":19},"end":{"line":580,"column":21}},"250":{"start":{"line":581,"column":16},"end":{"line":581,"column":18}},"251":{"start":{"line":582,"column":18},"end":{"line":582,"column":97}},"252":{"start":{"line":583,"column":19},"end":{"line":583,"column":105}},"253":{"start":{"line":584,"column":18},"end":{"line":584,"column":76}},"254":{"start":{"line":585,"column":25},"end":{"line":585,"column":108}},"255":{"start":{"line":586,"column":28},"end":{"line":586,"column":96}},"256":{"start":{"line":587,"column":5},"end":{"line":663,"column":4}},"257":{"start":{"line":588,"column":5},"end":{"line":588,"column":20}},"258":{"start":{"line":589,"column":5},"end":{"line":589,"column":50}},"259":{"start":{"line":590,"column":5},"end":{"line":590,"column":224}},"260":{"start":{"line":591,"column":26},"end":{"line":591,"column":94}},"261":{"start":{"line":592,"column":25},"end":{"line":592,"column":100}},"262":{"start":{"line":593,"column":5},"end":{"line":610,"column":7}},"263":{"start":{"line":594,"column":8},"end":{"line":609,"column":10}},"264":{"start":{"line":604,"column":12},"end":{"line":608,"column":12}},"265":{"start":{"line":605,"column":12},"end":{"line":605,"column":59}},"266":{"start":{"line":606,"column":12},"end":{"line":606,"column":45}},"267":{"start":{"line":607,"column":12},"end":{"line":607,"column":31}},"268":{"start":{"line":613,"column":8},"end":{"line":619,"column":9}},"269":{"start":{"line":614,"column":8},"end":{"line":614,"column":23}},"270":{"start":{"line":617,"column":8},"end":{"line":617,"column":110}},"271":{"start":{"line":618,"column":8},"end":{"line":618,"column":21}},"272":{"start":{"line":620,"column":5},"end":{"line":620,"column":50}},"273":{"start":{"line":621,"column":5},"end":{"line":621,"column":180}},"274":{"start":{"line":622,"column":5},"end":{"line":622,"column":113}},"275":{"start":{"line":623,"column":26},"end":{"line":623,"column":94}},"276":{"start":{"line":624,"column":25},"end":{"line":624,"column":100}},"277":{"start":{"line":625,"column":5},"end":{"line":642,"column":7}},"278":{"start":{"line":626,"column":8},"end":{"line":641,"column":10}},"279":{"start":{"line":636,"column":12},"end":{"line":640,"column":12}},"280":{"start":{"line":637,"column":12},"end":{"line":637,"column":59}},"281":{"start":{"line":638,"column":12},"end":{"line":638,"column":45}},"282":{"start":{"line":639,"column":12},"end":{"line":639,"column":31}},"283":{"start":{"line":644,"column":28},"end":{"line":644,"column":106}},"284":{"start":{"line":645,"column":5},"end":{"line":662,"column":7}},"285":{"start":{"line":646,"column":8},"end":{"line":661,"column":10}},"286":{"start":{"line":656,"column":12},"end":{"line":660,"column":12}},"287":{"start":{"line":657,"column":12},"end":{"line":657,"column":59}},"288":{"start":{"line":658,"column":12},"end":{"line":658,"column":45}},"289":{"start":{"line":659,"column":12},"end":{"line":659,"column":31}},"290":{"start":{"line":664,"column":4},"end":{"line":690,"column":7}},"291":{"start":{"line":667,"column":8},"end":{"line":671,"column":9}},"292":{"start":{"line":668,"column":12},"end":{"line":668,"column":35}},"293":{"start":{"line":669,"column":12},"end":{"line":669,"column":44}},"294":{"start":{"line":670,"column":12},"end":{"line":670,"column":38}},"295":{"start":{"line":672,"column":8},"end":{"line":686,"column":9}},"296":{"start":{"line":673,"column":12},"end":{"line":673,"column":84}},"297":{"start":{"line":674,"column":11},"end":{"line":685,"column":12}},"298":{"start":{"line":675,"column":31},"end":{"line":677,"column":29}},"299":{"start":{"line":676,"column":17},"end":{"line":676,"column":57}},"300":{"start":{"line":678,"column":13},"end":{"line":678,"column":45}},"301":{"start":{"line":679,"column":13},"end":{"line":681,"column":20}},"302":{"start":{"line":680,"column":16},"end":{"line":680,"column":74}},"303":{"start":{"line":683,"column":12},"end":{"line":683,"column":35}},"304":{"start":{"line":684,"column":12},"end":{"line":684,"column":70}},"305":{"start":{"line":689,"column":8},"end":{"line":689,"column":67}},"306":{"start":{"line":694,"column":0},"end":{"line":704,"column":1}},"307":{"start":{"line":695,"column":16},"end":{"line":695,"column":76}},"308":{"start":{"line":696,"column":17},"end":{"line":701,"column":10}},"309":{"start":{"line":703,"column":4},"end":{"line":703,"column":62}}},"fnMap":{"0":{"name":"(anonymous_0)","decl":{"start":{"line":13,"column":25},"end":{"line":13,"column":26}},"loc":{"start":{"line":13,"column":41},"end":{"line":107,"column":1}},"line":13},"1":{"name":"(anonymous_1)","decl":{"start":{"line":41,"column":8},"end":{"line":41,"column":9}},"loc":{"start":{"line":41,"column":18},"end":{"line":104,"column":1}},"line":41},"2":{"name":"(anonymous_2)","decl":{"start":{"line":43,"column":34},"end":{"line":43,"column":35}},"loc":{"start":{"line":43,"column":42},"end":{"line":43,"column":117}},"line":43},"3":{"name":"(anonymous_3)","decl":{"start":{"line":44,"column":39},"end":{"line":44,"column":40}},"loc":{"start":{"line":44,"column":47},"end":{"line":44,"column":95}},"line":44},"4":{"name":"(anonymous_4)","decl":{"start":{"line":45,"column":35},"end":{"line":45,"column":36}},"loc":{"start":{"line":45,"column":45},"end":{"line":45,"column":122}},"line":45},"5":{"name":"(anonymous_5)","decl":{"start":{"line":58,"column":14},"end":{"line":58,"column":15}},"loc":{"start":{"line":58,"column":24},"end":{"line":102,"column":8}},"line":58},"6":{"name":"(anonymous_6)","decl":{"start":{"line":65,"column":22},"end":{"line":65,"column":23}},"loc":{"start":{"line":65,"column":32},"end":{"line":69,"column":17}},"line":65},"7":{"name":"(anonymous_7)","decl":{"start":{"line":70,"column":56},"end":{"line":70,"column":57}},"loc":{"start":{"line":70,"column":64},"end":{"line":100,"column":12}},"line":70},"8":{"name":"(anonymous_8)","decl":{"start":{"line":92,"column":48},"end":{"line":92,"column":49}},"loc":{"start":{"line":92,"column":69},"end":{"line":98,"column":16}},"line":92},"9":{"name":"(anonymous_9)","decl":{"start":{"line":105,"column":7},"end":{"line":105,"column":8}},"loc":{"start":{"line":105,"column":12},"end":{"line":106,"column":64}},"line":105},"10":{"name":"(anonymous_10)","decl":{"start":{"line":109,"column":17},"end":{"line":109,"column":18}},"loc":{"start":{"line":109,"column":33},"end":{"line":122,"column":1}},"line":109},"11":{"name":"(anonymous_11)","decl":{"start":{"line":114,"column":49},"end":{"line":114,"column":50}},"loc":{"start":{"line":114,"column":57},"end":{"line":118,"column":5}},"line":114},"12":{"name":"(anonymous_12)","decl":{"start":{"line":118,"column":13},"end":{"line":118,"column":14}},"loc":{"start":{"line":118,"column":18},"end":{"line":120,"column":5}},"line":118},"13":{"name":"(anonymous_13)","decl":{"start":{"line":124,"column":29},"end":{"line":124,"column":30}},"loc":{"start":{"line":124,"column":47},"end":{"line":137,"column":1}},"line":124},"14":{"name":"(anonymous_14)","decl":{"start":{"line":131,"column":11},"end":{"line":131,"column":12}},"loc":{"start":{"line":131,"column":21},"end":{"line":133,"column":5}},"line":131},"15":{"name":"(anonymous_15)","decl":{"start":{"line":134,"column":11},"end":{"line":134,"column":12}},"loc":{"start":{"line":134,"column":18},"end":{"line":136,"column":6}},"line":134},"16":{"name":"(anonymous_16)","decl":{"start":{"line":139,"column":32},"end":{"line":139,"column":33}},"loc":{"start":{"line":139,"column":52},"end":{"line":220,"column":1}},"line":139},"17":{"name":"(anonymous_17)","decl":{"start":{"line":158,"column":12},"end":{"line":158,"column":13}},"loc":{"start":{"line":158,"column":25},"end":{"line":219,"column":5}},"line":158},"18":{"name":"(anonymous_18)","decl":{"start":{"line":160,"column":39},"end":{"line":160,"column":40}},"loc":{"start":{"line":160,"column":49},"end":{"line":160,"column":126}},"line":160},"19":{"name":"(anonymous_19)","decl":{"start":{"line":161,"column":44},"end":{"line":161,"column":45}},"loc":{"start":{"line":161,"column":54},"end":{"line":161,"column":112}},"line":161},"20":{"name":"(anonymous_20)","decl":{"start":{"line":162,"column":40},"end":{"line":162,"column":41}},"loc":{"start":{"line":162,"column":50},"end":{"line":162,"column":128}},"line":162},"21":{"name":"(anonymous_21)","decl":{"start":{"line":179,"column":22},"end":{"line":179,"column":23}},"loc":{"start":{"line":179,"column":32},"end":{"line":194,"column":17}},"line":179},"22":{"name":"(anonymous_22)","decl":{"start":{"line":195,"column":22},"end":{"line":195,"column":23}},"loc":{"start":{"line":195,"column":32},"end":{"line":204,"column":17}},"line":195},"23":{"name":"(anonymous_23)","decl":{"start":{"line":205,"column":22},"end":{"line":205,"column":23}},"loc":{"start":{"line":205,"column":32},"end":{"line":209,"column":17}},"line":205},"24":{"name":"(anonymous_24)","decl":{"start":{"line":210,"column":22},"end":{"line":210,"column":23}},"loc":{"start":{"line":210,"column":32},"end":{"line":214,"column":17}},"line":210},"25":{"name":"(anonymous_25)","decl":{"start":{"line":215,"column":23},"end":{"line":215,"column":24}},"loc":{"start":{"line":215,"column":30},"end":{"line":217,"column":17}},"line":215},"26":{"name":"(anonymous_26)","decl":{"start":{"line":222,"column":30},"end":{"line":222,"column":31}},"loc":{"start":{"line":222,"column":46},"end":{"line":278,"column":1}},"line":222},"27":{"name":"(anonymous_27)","decl":{"start":{"line":236,"column":12},"end":{"line":236,"column":13}},"loc":{"start":{"line":236,"column":20},"end":{"line":277,"column":2}},"line":236},"28":{"name":"(anonymous_28)","decl":{"start":{"line":238,"column":27},"end":{"line":238,"column":28}},"loc":{"start":{"line":238,"column":41},"end":{"line":240,"column":9}},"line":238},"29":{"name":"(anonymous_29)","decl":{"start":{"line":246,"column":15},"end":{"line":246,"column":16}},"loc":{"start":{"line":246,"column":40},"end":{"line":268,"column":5}},"line":246},"30":{"name":"(anonymous_30)","decl":{"start":{"line":269,"column":10},"end":{"line":269,"column":11}},"loc":{"start":{"line":269,"column":20},"end":{"line":271,"column":6}},"line":269},"31":{"name":"(anonymous_31)","decl":{"start":{"line":271,"column":14},"end":{"line":271,"column":15}},"loc":{"start":{"line":271,"column":21},"end":{"line":273,"column":5}},"line":271},"32":{"name":"(anonymous_32)","decl":{"start":{"line":280,"column":26},"end":{"line":280,"column":27}},"loc":{"start":{"line":280,"column":48},"end":{"line":316,"column":1}},"line":280},"33":{"name":"(anonymous_33)","decl":{"start":{"line":318,"column":31},"end":{"line":318,"column":32}},"loc":{"start":{"line":318,"column":52},"end":{"line":334,"column":1}},"line":318},"34":{"name":"(anonymous_34)","decl":{"start":{"line":329,"column":14},"end":{"line":329,"column":15}},"loc":{"start":{"line":329,"column":22},"end":{"line":331,"column":9}},"line":329},"35":{"name":"(anonymous_35)","decl":{"start":{"line":331,"column":17},"end":{"line":331,"column":18}},"loc":{"start":{"line":331,"column":22},"end":{"line":333,"column":11}},"line":331},"36":{"name":"(anonymous_36)","decl":{"start":{"line":336,"column":24},"end":{"line":336,"column":25}},"loc":{"start":{"line":336,"column":46},"end":{"line":425,"column":5}},"line":336},"37":{"name":"(anonymous_37)","decl":{"start":{"line":408,"column":47},"end":{"line":408,"column":48}},"loc":{"start":{"line":408,"column":61},"end":{"line":410,"column":20}},"line":408},"38":{"name":"(anonymous_38)","decl":{"start":{"line":413,"column":48},"end":{"line":413,"column":49}},"loc":{"start":{"line":413,"column":62},"end":{"line":415,"column":20}},"line":413},"39":{"name":"(anonymous_39)","decl":{"start":{"line":419,"column":43},"end":{"line":419,"column":44}},"loc":{"start":{"line":419,"column":57},"end":{"line":421,"column":16}},"line":419},"40":{"name":"(anonymous_40)","decl":{"start":{"line":427,"column":20},"end":{"line":427,"column":21}},"loc":{"start":{"line":427,"column":36},"end":{"line":446,"column":1}},"line":427},"41":{"name":"(anonymous_41)","decl":{"start":{"line":431,"column":12},"end":{"line":431,"column":13}},"loc":{"start":{"line":431,"column":22},"end":{"line":440,"column":6}},"line":431},"42":{"name":"(anonymous_42)","decl":{"start":{"line":432,"column":22},"end":{"line":432,"column":23}},"loc":{"start":{"line":432,"column":36},"end":{"line":438,"column":8}},"line":432},"43":{"name":"(anonymous_43)","decl":{"start":{"line":440,"column":13},"end":{"line":440,"column":14}},"loc":{"start":{"line":440,"column":21},"end":{"line":442,"column":6}},"line":440},"44":{"name":"(anonymous_44)","decl":{"start":{"line":443,"column":12},"end":{"line":443,"column":13}},"loc":{"start":{"line":443,"column":19},"end":{"line":445,"column":6}},"line":443},"45":{"name":"(anonymous_45)","decl":{"start":{"line":448,"column":26},"end":{"line":448,"column":27}},"loc":{"start":{"line":448,"column":47},"end":{"line":540,"column":2}},"line":448},"46":{"name":"(anonymous_46)","decl":{"start":{"line":520,"column":51},"end":{"line":520,"column":52}},"loc":{"start":{"line":520,"column":65},"end":{"line":522,"column":24}},"line":520},"47":{"name":"(anonymous_47)","decl":{"start":{"line":527,"column":52},"end":{"line":527,"column":53}},"loc":{"start":{"line":527,"column":66},"end":{"line":529,"column":24}},"line":527},"48":{"name":"(anonymous_48)","decl":{"start":{"line":534,"column":47},"end":{"line":534,"column":48}},"loc":{"start":{"line":534,"column":61},"end":{"line":536,"column":20}},"line":534},"49":{"name":"(anonymous_49)","decl":{"start":{"line":542,"column":26},"end":{"line":542,"column":27}},"loc":{"start":{"line":542,"column":42},"end":{"line":565,"column":1}},"line":542},"50":{"name":"(anonymous_50)","decl":{"start":{"line":549,"column":10},"end":{"line":549,"column":11}},"loc":{"start":{"line":549,"column":18},"end":{"line":558,"column":6}},"line":549},"51":{"name":"(anonymous_51)","decl":{"start":{"line":553,"column":23},"end":{"line":553,"column":24}},"loc":{"start":{"line":553,"column":37},"end":{"line":556,"column":9}},"line":553},"52":{"name":"(anonymous_52)","decl":{"start":{"line":559,"column":11},"end":{"line":559,"column":12}},"loc":{"start":{"line":559,"column":19},"end":{"line":561,"column":6}},"line":559},"53":{"name":"(anonymous_53)","decl":{"start":{"line":562,"column":12},"end":{"line":562,"column":13}},"loc":{"start":{"line":562,"column":19},"end":{"line":564,"column":6}},"line":562},"54":{"name":"(anonymous_54)","decl":{"start":{"line":567,"column":34},"end":{"line":567,"column":35}},"loc":{"start":{"line":567,"column":50},"end":{"line":577,"column":1}},"line":567},"55":{"name":"(anonymous_55)","decl":{"start":{"line":571,"column":12},"end":{"line":571,"column":13}},"loc":{"start":{"line":571,"column":20},"end":{"line":573,"column":6}},"line":571},"56":{"name":"(anonymous_56)","decl":{"start":{"line":574,"column":12},"end":{"line":574,"column":13}},"loc":{"start":{"line":574,"column":19},"end":{"line":576,"column":6}},"line":574},"57":{"name":"(anonymous_57)","decl":{"start":{"line":579,"column":28},"end":{"line":579,"column":29}},"loc":{"start":{"line":579,"column":49},"end":{"line":691,"column":1}},"line":579},"58":{"name":"(anonymous_58)","decl":{"start":{"line":593,"column":27},"end":{"line":593,"column":28}},"loc":{"start":{"line":593,"column":41},"end":{"line":610,"column":6}},"line":593},"59":{"name":"(anonymous_59)","decl":{"start":{"line":603,"column":16},"end":{"line":603,"column":17}},"loc":{"start":{"line":603,"column":25},"end":{"line":609,"column":9}},"line":603},"60":{"name":"(anonymous_60)","decl":{"start":{"line":625,"column":27},"end":{"line":625,"column":28}},"loc":{"start":{"line":625,"column":41},"end":{"line":642,"column":6}},"line":625},"61":{"name":"(anonymous_61)","decl":{"start":{"line":635,"column":16},"end":{"line":635,"column":17}},"loc":{"start":{"line":635,"column":25},"end":{"line":641,"column":9}},"line":635},"62":{"name":"(anonymous_62)","decl":{"start":{"line":645,"column":30},"end":{"line":645,"column":31}},"loc":{"start":{"line":645,"column":44},"end":{"line":662,"column":6}},"line":645},"63":{"name":"(anonymous_63)","decl":{"start":{"line":655,"column":16},"end":{"line":655,"column":17}},"loc":{"start":{"line":655,"column":25},"end":{"line":661,"column":9}},"line":655},"64":{"name":"(anonymous_64)","decl":{"start":{"line":666,"column":12},"end":{"line":666,"column":13}},"loc":{"start":{"line":666,"column":20},"end":{"line":687,"column":6}},"line":666},"65":{"name":"(anonymous_65)","decl":{"start":{"line":675,"column":45},"end":{"line":675,"column":46}},"loc":{"start":{"line":675,"column":59},"end":{"line":677,"column":17}},"line":675},"66":{"name":"(anonymous_66)","decl":{"start":{"line":679,"column":24},"end":{"line":679,"column":25}},"loc":{"start":{"line":679,"column":35},"end":{"line":681,"column":14}},"line":679},"67":{"name":"(anonymous_67)","decl":{"start":{"line":688,"column":12},"end":{"line":688,"column":13}},"loc":{"start":{"line":688,"column":19},"end":{"line":690,"column":6}},"line":688},"68":{"name":"(anonymous_68)","decl":{"start":{"line":694,"column":31},"end":{"line":694,"column":32}},"loc":{"start":{"line":694,"column":52},"end":{"line":704,"column":1}},"line":694}},"branchMap":{"0":{"loc":{"start":{"line":42,"column":4},"end":{"line":103,"column":5}},"type":"if","locations":[{"start":{"line":42,"column":4},"end":{"line":103,"column":5}},{"start":{"line":42,"column":4},"end":{"line":103,"column":5}}],"line":42},"1":{"loc":{"start":{"line":47,"column":8},"end":{"line":55,"column":9}},"type":"if","locations":[{"start":{"line":47,"column":8},"end":{"line":55,"column":9}},{"start":{"line":47,"column":8},"end":{"line":55,"column":9}}],"line":47},"2":{"loc":{"start":{"line":49,"column":15},"end":{"line":55,"column":9}},"type":"if","locations":[{"start":{"line":49,"column":15},"end":{"line":55,"column":9}},{"start":{"line":49,"column":15},"end":{"line":55,"column":9}}],"line":49},"3":{"loc":{"start":{"line":51,"column":14},"end":{"line":55,"column":9}},"type":"if","locations":[{"start":{"line":51,"column":14},"end":{"line":55,"column":9}},{"start":{"line":51,"column":14},"end":{"line":55,"column":9}}],"line":51},"4":{"loc":{"start":{"line":59,"column":12},"end":{"line":101,"column":11}},"type":"if","locations":[{"start":{"line":59,"column":12},"end":{"line":101,"column":11}},{"start":{"line":59,"column":12},"end":{"line":101,"column":11}}],"line":59},"5":{"loc":{"start":{"line":66,"column":16},"end":{"line":68,"column":17}},"type":"if","locations":[{"start":{"line":66,"column":16},"end":{"line":68,"column":17}},{"start":{"line":66,"column":16},"end":{"line":68,"column":17}}],"line":66},"6":{"loc":{"start":{"line":71,"column":8},"end":{"line":99,"column":14}},"type":"if","locations":[{"start":{"line":71,"column":8},"end":{"line":99,"column":14}},{"start":{"line":71,"column":8},"end":{"line":99,"column":14}}],"line":71},"7":{"loc":{"start":{"line":93,"column":15},"end":{"line":97,"column":17}},"type":"if","locations":[{"start":{"line":93,"column":15},"end":{"line":97,"column":17}},{"start":{"line":93,"column":15},"end":{"line":97,"column":17}}],"line":93},"8":{"loc":{"start":{"line":115,"column":8},"end":{"line":117,"column":9}},"type":"if","locations":[{"start":{"line":115,"column":8},"end":{"line":117,"column":9}},{"start":{"line":115,"column":8},"end":{"line":117,"column":9}}],"line":115},"9":{"loc":{"start":{"line":159,"column":8},"end":{"line":218,"column":9}},"type":"if","locations":[{"start":{"line":159,"column":8},"end":{"line":218,"column":9}},{"start":{"line":159,"column":8},"end":{"line":218,"column":9}}],"line":159},"10":{"loc":{"start":{"line":164,"column":12},"end":{"line":172,"column":13}},"type":"if","locations":[{"start":{"line":164,"column":12},"end":{"line":172,"column":13}},{"start":{"line":164,"column":12},"end":{"line":172,"column":13}}],"line":164},"11":{"loc":{"start":{"line":166,"column":19},"end":{"line":172,"column":13}},"type":"if","locations":[{"start":{"line":166,"column":19},"end":{"line":172,"column":13}},{"start":{"line":166,"column":19},"end":{"line":172,"column":13}}],"line":166},"12":{"loc":{"start":{"line":168,"column":19},"end":{"line":172,"column":13}},"type":"if","locations":[{"start":{"line":168,"column":19},"end":{"line":172,"column":13}},{"start":{"line":168,"column":19},"end":{"line":172,"column":13}}],"line":168},"13":{"loc":{"start":{"line":181,"column":20},"end":{"line":183,"column":21}},"type":"if","locations":[{"start":{"line":181,"column":20},"end":{"line":183,"column":21}},{"start":{"line":181,"column":20},"end":{"line":183,"column":21}}],"line":181},"14":{"loc":{"start":{"line":228,"column":0},"end":{"line":232,"column":1}},"type":"if","locations":[{"start":{"line":228,"column":0},"end":{"line":232,"column":1}},{"start":{"line":228,"column":0},"end":{"line":232,"column":1}}],"line":228},"15":{"loc":{"start":{"line":237,"column":8},"end":{"line":276,"column":3}},"type":"if","locations":[{"start":{"line":237,"column":8},"end":{"line":276,"column":3}},{"start":{"line":237,"column":8},"end":{"line":276,"column":3}}],"line":237},"16":{"loc":{"start":{"line":254,"column":12},"end":{"line":266,"column":10}},"type":"if","locations":[{"start":{"line":254,"column":12},"end":{"line":266,"column":10}},{"start":{"line":254,"column":12},"end":{"line":266,"column":10}}],"line":254},"17":{"loc":{"start":{"line":257,"column":17},"end":{"line":263,"column":18}},"type":"if","locations":[{"start":{"line":257,"column":17},"end":{"line":263,"column":18}},{"start":{"line":257,"column":17},"end":{"line":263,"column":18}}],"line":257},"18":{"loc":{"start":{"line":285,"column":4},"end":{"line":291,"column":5}},"type":"if","locations":[{"start":{"line":285,"column":4},"end":{"line":291,"column":5}},{"start":{"line":285,"column":4},"end":{"line":291,"column":5}}],"line":285},"19":{"loc":{"start":{"line":352,"column":9},"end":{"line":424,"column":11}},"type":"if","locations":[{"start":{"line":352,"column":9},"end":{"line":424,"column":11}},{"start":{"line":352,"column":9},"end":{"line":424,"column":11}}],"line":352},"20":{"loc":{"start":{"line":355,"column":16},"end":{"line":375,"column":15}},"type":"if","locations":[{"start":{"line":355,"column":16},"end":{"line":375,"column":15}},{"start":{"line":355,"column":16},"end":{"line":375,"column":15}}],"line":355},"21":{"loc":{"start":{"line":367,"column":17},"end":{"l
[...]
3,"column":21},"end":{"line":73,"column":129}},"25":{"start":{"line":75,"column":8},"end":{"line":75,"column":15}}},"fnMap":{"0":{"name":"(anonymous_0)","decl":{"start":{"line":3,"column":31},"end":{"line":3,"column":32}},"loc":{"start":{"line":3,"column":37},"end":{"line":77,"column":1}},"line":3},"1":{"name":"(anonymous_1)","decl":{"start":{"line":4,"column":36},"end":{"line":4,"column":37}},"loc":{"start":{"line":4,"column":46},"end":{"line":16,"column":5}},"line":4},"2":{"name":"(anonymous_2)","decl":{"start":{"line":17,"column":28},"end":{"line":17,"column":29}},"loc":{"start":{"line":17,"column":38},"end":{"line":28,"column":5}},"line":17},"3":{"name":"(anonymous_3)","decl":{"start":{"line":29,"column":26},"end":{"line":29,"column":27}},"loc":{"start":{"line":29,"column":36},"end":{"line":40,"column":5}},"line":29},"4":{"name":"(anonymous_4)","decl":{"start":{"line":41,"column":24},"end":{"line":41,"column":25}},"loc":{"start":{"line":41,"column":34},"end":{"line":52,"column":5}},"line":41},"5":{"name":"(anonymous_5)","decl":{"start":{"line":53,"column":23},"end":{"line":53,"column":24}},"loc":{"start":{"line":53,"column":33},"end":{"line":64,"column":5}},"line":53},"6":{"name":"(anonymous_6)","decl":{"start":{"line":65,"column":31},"end":{"line":65,"column":32}},"loc":{"start":{"line":65,"column":41},"end":{"line":76,"column":5}},"line":65}},"branchMap":{},"s":{"0":0,"1":0,"2":0,"3":0,"4":0,"5":0,"6":0,"7":0,"8":0,"9":0,"10":0,"11":0,"12":0,"13":0,"14":0,"15":0,"16":0,"17":0,"18":0,"19":0,"20":0,"21":0,"22":0,"23":0,"24":0,"25":0},"f":{"0":0,"1":0,"2":0,"3":0,"4":0,"5":0,"6":0},"b":{}},"/home/aspl/Documents/new_clone_15_nov/jasmine/spec/unit/Routes-spec.js":{"path":"/home/aspl/Documents/new_clone_15_nov/jasmine/spec/unit/Routes-spec.js","statementMap":{"0":{"start":{"line":1,"column":28},"end":{"line":1,"column":72}},"1":{"start":{"line":2,"column":22},"end":{"line":2,"column":60}},"2":{"start":{"line":4,"column":21},"end":{"line":4,"column":58}},"3":{"start":{"line":5,"column":18},"end":{"line":5,"column":52}}},"fnMap":{},"branchMap":{},"s":{"0":0,"1":0,"2":0,"3":0},"f":{},"b":{}},"/home/aspl/Documents/new_clone_15_nov/jasmine/spec/unit/userController-spec.js":{"path":"/home/aspl/Documents/new_clone_15_nov/jasmine/spec/unit/userController-spec.js","statementMap":{"0":{"start":{"line":2,"column":21},"end":{"line":2,"column":64}},"1":{"start":{"line":3,"column":23},"end":{"line":3,"column":49}},"2":{"start":{"line":4,"column":22},"end":{"line":4,"column":48}},"3":{"start":{"line":5,"column":19},"end":{"line":5,"column":40}},"4":{"start":{"line":6,"column":16},"end":{"line":6,"column":38}},"5":{"start":{"line":10,"column":0},"end":{"line":152,"column":2}},"6":{"start":{"line":11,"column":4},"end":{"line":33,"column":7}},"7":{"start":{"line":12,"column":18},"end":{"line":12,"column":61}},"8":{"start":{"line":13,"column":18},"end":{"line":17,"column":9}},"9":{"start":{"line":19,"column":18},"end":{"line":21,"column":9}},"10":{"start":{"line":23,"column":21},"end":{"line":23,"column":40}},"11":{"start":{"line":25,"column":8},"end":{"line":25,"column":29}},"12":{"start":{"line":26,"column":8},"end":{"line":26,"column":50}},"13":{"start":{"line":27,"column":8},"end":{"line":30,"column":10}},"14":{"start":{"line":28,"column":12},"end":{"line":28,"column":37}},"15":{"start":{"line":31,"column":8},"end":{"line":31,"column":15}},"16":{"start":{"line":34,"column":4},"end":{"line":72,"column":7}},"17":{"start":{"line":35,"column":18},"end":{"line":35,"column":61}},"18":{"start":{"line":37,"column":18},"end":{"line":41,"column":9}},"19":{"start":{"line":42,"column":26},"end":{"line":50,"column":12}},"20":{"start":{"line":51,"column":19},"end":{"line":51,"column":48}},"21":{"start":{"line":52,"column":18},"end":{"line":54,"column":9}},"22":{"start":{"line":56,"column":21},"end":{"line":56,"column":44}},"23":{"start":{"line":58,"column":8},"end":{"line":58,"column":29}},"24":{"start":{"line":59,"column":8},"end":{"line":59,"column":51}},"25":{"start":{"line":60,"column":8},"end":{"line":63,"column":10}},"26":{"start":{"line":61,"column":12},"end":{"line":61,"column":37}},"27":{"start":{"line":64,"column":8},"end":{"line":64,"column":30}},"28":{"start":{"line":65,"column":8},"end":{"line":65,"column":49}},"29":{"start":{"line":66,"column":8},"end":{"line":69,"column":10}},"30":{"start":{"line":67,"column":12},"end":{"line":67,"column":37}},"31":{"start":{"line":70,"column":8},"end":{"line":70,"column":46}},"32":{"start":{"line":71,"column":8},"end":{"line":71,"column":15}},"33":{"start":{"line":115,"column":4},"end":{"line":133,"column":6}},"34":{"start":{"line":116,"column":18},"end":{"line":116,"column":43}},"35":{"start":{"line":117,"column":22},"end":{"line":122,"column":9}},"36":{"start":{"line":123,"column":18},"end":{"line":125,"column":9}},"37":{"start":{"line":126,"column":22},"end":{"line":126,"column":45}},"38":{"start":{"line":127,"column":8},"end":{"line":127,"column":30}},"39":{"start":{"line":128,"column":8},"end":{"line":128,"column":55}},"40":{"start":{"line":129,"column":8},"end":{"line":131,"column":10}},"41":{"start":{"line":130,"column":12},"end":{"line":130,"column":37}},"42":{"start":{"line":132,"column":8},"end":{"line":132,"column":15}},"43":{"start":{"line":134,"column":4},"end":{"line":151,"column":6}},"44":{"start":{"line":135,"column":18},"end":{"line":135,"column":43}},"45":{"start":{"line":136,"column":22},"end":{"line":140,"column":9}},"46":{"start":{"line":141,"column":18},"end":{"line":143,"column":9}},"47":{"start":{"line":144,"column":22},"end":{"line":144,"column":45}},"48":{"start":{"line":145,"column":8},"end":{"line":145,"column":30}},"49":{"start":{"line":146,"column":8},"end":{"line":146,"column":62}},"50":{"start":{"line":147,"column":8},"end":{"line":149,"column":10}},"51":{"start":{"line":148,"column":12},"end":{"line":148,"column":37}},"52":{"start":{"line":150,"column":8},"end":{"line":150,"column":15}}},"fnMap":{"0":{"name":"(anonymous_0)","decl":{"start":{"line":10,"column":31},"end":{"line":10,"column":32}},"loc":{"start":{"line":10,"column":35},"end":{"line":152,"column":1}},"line":10},"1":{"name":"(anonymous_1)","decl":{"start":{"line":11,"column":23},"end":{"line":11,"column":24}},"loc":{"start":{"line":11,"column":31},"end":{"line":33,"column":5}},"line":11},"2":{"name":"(anonymous_2)","decl":{"start":{"line":20,"column":18},"end":{"line":20,"column":19}},"loc":{"start":{"line":20,"column":24},"end":{"line":20,"column":27}},"line":20},"3":{"name":"(anonymous_3)","decl":{"start":{"line":27,"column":24},"end":{"line":27,"column":25}},"loc":{"start":{"line":27,"column":34},"end":{"line":30,"column":9}},"line":27},"4":{"name":"(anonymous_4)","decl":{"start":{"line":34,"column":24},"end":{"line":34,"column":25}},"loc":{"start":{"line":34,"column":32},"end":{"line":72,"column":5}},"line":34},"5":{"name":"(anonymous_5)","decl":{"start":{"line":53,"column":18},"end":{"line":53,"column":19}},"loc":{"start":{"line":53,"column":24},"end":{"line":53,"column":27}},"line":53},"6":{"name":"(anonymous_6)","decl":{"start":{"line":60,"column":24},"end":{"line":60,"column":25}},"loc":{"start":{"line":60,"column":34},"end":{"line":63,"column":9}},"line":60},"7":{"name":"(anonymous_7)","decl":{"start":{"line":66,"column":25},"end":{"line":66,"column":26}},"loc":{"start":{"line":66,"column":33},"end":{"line":69,"column":9}},"line":66},"8":{"name":"(anonymous_8)","decl":{"start":{"line":70,"column":39},"end":{"line":70,"column":40}},"loc":{"start":{"line":70,"column":43},"end":{"line":70,"column":45}},"line":70},"9":{"name":"(anonymous_9)","decl":{"start":{"line":115,"column":31},"end":{"line":115,"column":32}},"loc":{"start":{"line":115,"column":41},"end":{"line":133,"column":5}},"line":115},"10":{"name":"(anonymous_10)","decl":{"start":{"line":124,"column":18},"end":{"line":124,"column":19}},"loc":{"start":{"line":124,"column":24},"end":{"line":124,"column":27}},"line":124},"11":{"name":"(anonymous_11)","decl":{"start":{"line":129,"column":24},"end":{"line":129,"column":25}},"loc":{"start":{"line":129,"column":34},"end":{"line":131,"column":9}},"line":129},"12":{"name":"(anonymous_12)","decl":{"start":{"line":134,"column":38},"end":{"line":134,"column":39}},"loc":{"start":{"line":134,"column":48},"end":{"line":151,"column":5}},"line":134},"13":{"name":"(anonymous_13)","decl":{"start":{"line":142,"column":18},"end":{"line":142,"column":19}},"loc":{"start":{"line":142,"column":24},"end":{"line":142,"column":27}},"line":142},"14":{"name":"(anonymous_14)","decl":{"start":{"line":147,"column":24},"end":{"line":147,"column":25}},"loc":{"start":{"line":147,"column":34},"end":{"line":149,"column":9}},"line":147}},"branchMap":{},"s":{"0":0,"1":0,"2":0,"3":0,"4":0,"5":0,"6":0,"7":0,"8":0,"9":0,"10":0,"11":0,"12":0,"13":0,"14":0,"15":0,"16":0,"17":0,"18":0,"19":0,"20":0,"21":0,"22":0,"23":0,"24":0,"25":0,"26":0,"27":0,"28":0,"29":0,"30":0,"31":0,"32":0,"33":0,"34":0,"35":0,"36":0,"37":0,"38":0,"39":0,"40":0,"41":0,"42":0,"43":0,"44":0,"45":0,"46":0,"47":0,"48":0,"49":0,"50":0,"51":0,"52":0},"f":{"0":0,"1":0,"2":0,"3":0,"4":0,"5":0,"6":0,"7":0,"8":0,"9":0,"10":0,"11":0,"12":0,"13":0,"14":0},"b":{}},"/home/aspl/Documents/new_clone_15_nov/jasmine/spec/unit/utilHelper-spec.js":{"path":"/home/aspl/Documents/new_clone_15_nov/jasmine/spec/unit/utilHelper-spec.js","statementMap":{"0":{"start":{"line":1,"column":11},"end":{"line":1,"column":39}},"1":{"start":{"line":3,"column":0},"end":{"line":53,"column":2}},"2":{"start":{"line":4,"column":4},"end":{"line":10,"column":6}},"3":{"start":{"line":5,"column":8},"end":{"line":5,"column":81}},"4":{"start":{"line":6,"column":8},"end":{"line":6,"column":81}},"5":{"start":{"line":7,"column":8},"end":{"line":7,"column":80}},"6":{"start":{"line":8,"column":8},"end":{"line":8,"column":71}},"7":{"start":{"line":9,"column":8},"end":{"line":9,"column":15}},"8":{"start":{"line":11,"column":4},"end":{"line":15,"column":7}},"9":{"start":{"line":12,"column":8},"end":{"line":12,"column":67}},"10":{"start":{"line":13,"column":8},"end":{"line":13,"column":58}},"11":{"start":{"line":14,"column":8},"end":{"line":14,"column":15}},"12":{"start":{"line":16,"column":4},"end":{"line":19,"column":6}},"13":{"start":{"line":17,"column":8},"end":{"line":17,"column":32}},"14":{"start":{"line":18,"column":8},"end":{"line":18,"column":15}},"15":{"start":{"line":20,"column":4},"end":{"line":38,"column":6}},"16":{"start":{"line":21,"column":19},"end":{"line":23,"column":9}},"17":{"start":{"line":24,"column":29},"end":{"line":26,"column":9}},"18":{"start":{"line":27,"column":18},"end":{"line":27,"column":68}},"19":{"start":{"line":28,"column":8},"end":{"line":28,"column":78}},"20":{"start":{"line":29,"column":21},"end":{"line":31,"column":9}},"21":{"start":{"line":32,"column":31},"end":{"line":34,"column":9}},"22":{"start":{"line":35,"column":18},"end":{"line":35,"column":72}},"23":{"start":{"line":36,"column":8},"end":{"line":36,"column":82}},"24":{"start":{"line":37,"column":8},"end":{"line":37,"column":15}}},"fnMap":{"0":{"name":"(anonymous_0)","decl":{"start":{"line":3,"column":23},"end":{"line":3,"column":24}},"loc":{"start":{"line":3,"column":27},"end":{"line":53,"column":1}},"line":3},"1":{"name":"(anonymous_1)","decl":{"start":{"line":4,"column":44},"end":{"line":4,"column":45}},"loc":{"start":{"line":4,"column":52},"end":{"line":10,"column":5}},"line":4},"2":{"name":"(anonymous_2)","decl":{"start":{"line":11,"column":31},"end":{"line":11,"column":32}},"loc":{"start":{"line":11,"column":39},"end":{"line":15,"column":5}},"line":11},"3":{"name":"(anonymous_3)","decl":{"start":{"line":16,"column":31},"end":{"line":16,"column":32}},"loc":{"start":{"line":16,"column":39},"end":{"line":19,"column":5}},"line":16},"4":{"name":"(anonymous_4)","decl":{"start":{"line":20,"column":33},"end":{"line":20,"column":34}},"loc":{"start":{"line":20,"column":41},"end":{"line":38,"column":5}},"line":20}},"branchMap":{},"s":{"0":0,"1":0,"2":0,"3":0,"4":0,"5":0,"6":0,"7":0,"8":0,"9":0,"10":0,"11":0,"12":0,"13":0,"14":0,"15":0,"16":0,"17":0,"18":0,"19":0,"20":0,"21":0,"22":0,"23":0,"24":0},"f":{"0":0,"1":0,"2":0,"3":0,"4":0},"b":{}},"/home/aspl/Documents/new_clone_15_nov/jasmine/spec/unit/verifyToken-spec.js":{"path":"/home/aspl/Documents/new_clone_15_nov/jasmine/spec/unit/verifyToken-spec.js","statementMap":{"0":{"start":{"line":1,"column":15},"end":{"line":1,"column":48}},"1":{"start":{"line":2,"column":12},"end":{"line":2,"column":35}},"2":{"start":{"line":3,"column":12},"end":{"line":3,"column":45}},"3":{"start":{"line":5,"column":0},"end":{"line":16,"column":2}},"4":{"start":{"line":6,"column":4},"end":{"line":15,"column":6}},"5":{"start":{"line":7,"column":16},"end":{"line":9,"column":9}},"6":{"start":{"line":10,"column":18},"end":{"line":12,"column":9}},"7":{"start":{"line":14,"column":8},"end":{"line":14,"column":15}}},"fnMap":{"0":{"name":"(anonymous_0)","decl":{"start":{"line":5,"column":24},"end":{"line":5,"column":25}},"loc":{"start":{"line":5,"column":28},"end":{"line":16,"column":1}},"line":5},"1":{"name":"(anonymous_1)","decl":{"start":{"line":6,"column":29},"end":{"line":6,"column":30}},"loc":{"start":{"line":6,"column":37},"end":{"line":15,"column":5}},"line":6},"2":{"name":"(anonymous_2)","decl":{"start":{"line":11,"column":19},"end":{"line":11,"column":20}},"loc":{"start":{"line":11,"column":24},"end":{"line":11,"column":26}},"line":11}},"branchMap":{},"s":{"0":0,"1":0,"2":0,"3":0,"4":0,"5":0,"6":0,"7":0},"f":{"0":0,"1":0,"2":0},"b":{}},"/home/aspl/Documents/new_clone_15_nov/jasmine/validation/patientValidation.js":{"path":"/home/aspl/Documents/new_clone_15_nov/jasmine/validation/patientValidation.js","statementMap":{"0":{"start":{"line":1,"column":15},"end":{"line":1,"column":49}},"1":{"start":{"line":2,"column":17},"end":{"line":2,"column":46}},"2":{"start":{"line":5,"column":2},"end":{"line":23,"column":3}},"3":{"start":{"line":27,"column":2},"end":{"line":43,"column":3}},"4":{"start":{"line":47,"column":2},"end":{"line":63,"column":3}},"5":{"start":{"line":67,"column":2},"end":{"line":83,"column":3}},"6":{"start":{"line":87,"column":2},"end":{"line":104,"column":3}},"7":{"start":{"line":108,"column":2},"end":{"line":122,"column":3}},"8":{"start":{"line":126,"column":0},"end":{"line":133,"column":1}},"9":{"start":{"line":137,"column":2},"end":{"line":141,"column":3}},"10":{"start":{"line":145,"column":2},"end":{"line":153,"column":3}},"11":{"start":{"line":157,"column":2},"end":{"line":163,"column":3}},"12":{"start":{"line":167,"column":2},"end":{"line":179,"column":3}},"13":{"start":{"line":183,"column":2},"end":{"line":193,"column":3}},"14":{"start":{"line":197,"column":2},"end":{"line":221,"column":3}},"15":{"start":{"line":225,"column":2},"end":{"line":247,"column":3}},"16":{"start":{"line":251,"column":2},"end":{"line":291,"column":3}},"17":{"start":{"line":295,"column":2},"end":{"line":333,"column":3}},"18":{"start":{"line":336,"column":0},"end":{"line":384,"column":1}},"19":{"start":{"line":337,"column":0},"end":{"line":383,"column":3}},"20":{"start":{"line":339,"column":5},"end":{"line":348,"column":5}},"21":{"start":{"line":352,"column":4},"end":{"line":352,"column":38}},"22":{"start":{"line":356,"column":4},"end":{"line":356,"column":37}},"23":{"start":{"line":360,"column":4},"end":{"line":360,"column":33}},"24":{"start":{"line":364,"column":4},"end":{"line":364,"column":34}},"25":{"start":{"line":368,"column":4},"end":{"line":368,"column":34}},"26":{"start":{"line":372,"column":4},"end":{"line":372,"column":41}},"27":{"start":{"line":376,"column":4},"end":{"line":376,"column":36}},"28":{"start":{"line":380,"column":4},"end":{"line":380,"column":44}}},"fnMap":{"0":{"name":"saveValidateBabyAppears","decl":{"start":{"line":4,"column":9},"end":{"line":4,"column":32}},"loc":{"start":{"line":4,"column":34},"end":{"line":24,"column":1}},"line":4},"1":{"name":"updateValidateBabyAppears","decl":{"start":{"line":26,"column":9},"end":{"line":26,"column":34}},"loc":{"start":{"line":26,"column":36},"end":{"line":44,"column":1}},"line":26},"2":{"name":"saveValidationBabyResp","decl":{"start":{"line":46,"column":9},"end":{"line":46,"column":31}},"loc":{"start":{"line":46,"column":33},"end":{"line":64,"column":1}},"line":46},"3":{"name":"updateValidationBabyResp","decl":{"start":{"line":66,"column":9},"end":{"line":66,"column":33}},"loc":{"start":{"line":66,"column":35},"end":{"line":84,"column":1}},"line":66},"4":{"name":"saveValidateBabyCV","decl":{"start":{"line":86,"column":9},"end":{"line":86,"column":27}},"loc":{"start":{"line":86,"column":29},"end":{"line":105,"column":1}},"line":86},"5":{"name":"updateValidateBabyCV","decl":{"start":{"line":107,"column":9},"end":{"line":107,"column":29}},"loc":{"start":{"line":107,"column":31},"end":{"line":123,"column":1}},"line":107},"6":{"name":"saveValidateBabyCNS","decl":{"start":{"line":125,"column":9},"end":{"line":125,"column":28}},"loc":{"start":{"line":125,"column":30},"end":{"line":134,"column":1}},"line":125},"7":{"name":"updateValidateBabyCNS","decl":{"start":{"line":136,"column":9},"end":{"line":136,"column":30}},"loc":{"start":{"line":136,"column":32},"end":{"line":142,"column":1}},"line":136},"8":{"name":"saveValidateBabyGIT","decl":{"start":{"line":144,"column":9},"end":{"line":144,"column":28}},"loc":{"start":{"line":144,"column":30},"end":{"line":154,"column":1}},"line":144},"9":{"name":"updateValidateBabyGIT","decl":{"start":{"line":156,"column":9},"end":{"line":156,"column":30}},"loc":{"start":{"line":156,"column":32},"end":{"line":164,"column":1}},"line":156},"10":{"name":"saveValidateBabyAntibiotic","decl":{"start":{"line":166,"column":9},"end":{"line":166,"column":35}},"loc":{"start":{"line":166,"column":37},"end":{"line":180,"column":1}},"line":166},"11":{"name":"updateValidateBabyAntibiotic","decl":{"start":{"line":182,"column":9},"end":{"line":182,"column":37}},"loc":{"start":{"line":182,"column":39},"end":{"line":194,"column":1}},"line":182},"12":{"name":"saveValidateBabyFinal","decl":{"start":{"line":196,"column":9},"end":{"line":196,"column":30}},"loc":{"start":{"line":196,"column":32},"end":{"line":222,"column":1}},"line":196},"13":{"name":"updateValidateBabyFinal","decl":{"start":{"line":224,"column":9},"end":{"line":224,"column":32}},"loc":{"start":{"line":224,"column":34},"end":{"line":248,"column":1}},"line":224},"14":{"name":"saveValidateBabyInvestigation","decl":{"start":{"line":250,"column":9},"end":{"line":250,"column":38}},"loc":{"start":{"line":250,"column":40},"end":{"line":292,"column":1}},"line":250},"15":{"name":"updateValidateBabyInvestigation","decl":{"start":{"line":294,"column":9},"end":{"line":294,"column":40}},"loc":{"start":{"line":294,"column":42},"end":{"line":334,"column":1}},"line":294},"16":{"name":"(anonymous_16)","decl":{"start":{"line":336,"column":18},"end":{"line":336,"column":19}},"loc":{"start":{"line":336,"column":29},"end":{"line":384,"column":1}},"line":336}},"branchMap":{"0":{"loc":{"start":{"line":337,"column":0},"end":{"line":383,"column":3}},"type":"switch","locations":[{"start":{"line":338,"column":4},"end":{"line":349,"column":6}},{"start":{"line":351,"column":4},"end":{"line":353,"column":6}},{"start":{"line":355,"column":4},"end":{"line":357,"column":6}},{"start":{"line":359,"column":4},"end":{"line":361,"column":6}},{"start":{"line":363,"column":4},"end":{"line":365,"column":6}},{"start":{"line":367,"column":4},"end":{"line":369,"column":6}},{"start":{"line":371,"column":4},"end":{"line":373,"column":6}},{"start":{"line":375,"column":4},"end":{"line":377,"column":6}},{"start":{"line":379,"column":4},"end":{"line":381,"column":6}}],"line":337}},"s":{"0":0,"1":0,"2":0,"3":0,"4":0,"5":0,"6":0,"7":0,"8":0,"9":0,"10":0,"11":0,"12":0,"13":0,"14":0,"15":0,"16":0,"17":0,"18":0,"19":0,"20":0,"21":0,"22":0,"23":0,"24":0,"25":0,"26":0,"27":0,"28":0},"f":{"0":0,"1":0,"2":0,"3":0,"4":0,"5":0,"6":0,"7":0,"8":0,"9":0,"10":0,"11":0,"12":0,"13":0,"14":0,"15":0,"16":0},"b":{"0":[0,0,0,0,0,0,0,0,0]}}}