{"/home/aspl/Pictures/26_node_testing/jasmine/spec/unit/hospitalBranchController-spec.js":{"path":"/home/aspl/Pictures/26_node_testing/jasmine/spec/unit/hospitalBranchController-spec.js","statementMap":{"0":{"start":{"line":1,"column":23},"end":{"line":1,"column":49}},"1":{"start":{"line":2,"column":33},"end":{"line":2,"column":86}},"2":{"start":{"line":3,"column":22},"end":{"line":3,"column":48}},"3":{"start":{"line":8,"column":0},"end":{"line":473,"column":2}},"4":{"start":{"line":10,"column":4},"end":{"line":38,"column":7}},"5":{"start":{"line":11,"column":18},"end":{"line":11,"column":43}},"6":{"start":{"line":12,"column":18},"end":{"line":23,"column":9}},"7":{"start":{"line":25,"column":18},"end":{"line":27,"column":9}},"8":{"start":{"line":29,"column":21},"end":{"line":29,"column":44}},"9":{"start":{"line":31,"column":8},"end":{"line":31,"column":29}},"10":{"start":{"line":32,"column":8},"end":{"line":32,"column":68}},"11":{"start":{"line":33,"column":8},"end":{"line":36,"column":10}},"12":{"start":{"line":34,"column":12},"end":{"line":34,"column":37}},"13":{"start":{"line":35,"column":12},"end":{"line":35,"column":18}},"14":{"start":{"line":40,"column":4},"end":{"line":73,"column":7}},"15":{"start":{"line":41,"column":18},"end":{"line":41,"column":79}},"16":{"start":{"line":42,"column":18},"end":{"line":53,"column":9}},"17":{"start":{"line":55,"column":18},"end":{"line":57,"column":9}},"18":{"start":{"line":58,"column":21},"end":{"line":62,"column":10}},"19":{"start":{"line":60,"column":16},"end":{"line":60,"column":46}},"20":{"start":{"line":63,"column":8},"end":{"line":63,"column":29}},"21":{"start":{"line":64,"column":8},"end":{"line":64,"column":57}},"22":{"start":{"line":65,"column":8},"end":{"line":71,"column":10}},"23":{"start":{"line":67,"column":12},"end":{"line":70,"column":14}},"24":{"start":{"line":68,"column":16},"end":{"line":68,"column":39}},"25":{"start":{"line":69,"column":16},"end":{"line":69,"column":22}},"26":{"start":{"line":75,"column":4},"end":{"line":126,"column":7}},"27":{"start":{"line":76,"column":18},"end":{"line":76,"column":61}},"28":{"start":{"line":77,"column":19},"end":{"line":77,"column":61}},"29":{"start":{"line":79,"column":18},"end":{"line":91,"column":9}},"30":{"start":{"line":93,"column":18},"end":{"line":95,"column":9}},"31":{"start":{"line":96,"column":21},"end":{"line":101,"column":11}},"32":{"start":{"line":103,"column":8},"end":{"line":103,"column":29}},"33":{"start":{"line":104,"column":8},"end":{"line":104,"column":69}},"34":{"start":{"line":105,"column":8},"end":{"line":108,"column":10}},"35":{"start":{"line":106,"column":12},"end":{"line":106,"column":45}},"36":{"start":{"line":107,"column":12},"end":{"line":107,"column":18}},"37":{"start":{"line":110,"column":22},"end":{"line":112,"column":10}},"38":{"start":{"line":114,"column":8},"end":{"line":114,"column":30}},"39":{"start":{"line":115,"column":8},"end":{"line":115,"column":69}},"40":{"start":{"line":116,"column":8},"end":{"line":119,"column":10}},"41":{"start":{"line":117,"column":12},"end":{"line":117,"column":42}},"42":{"start":{"line":118,"column":12},"end":{"line":118,"column":18}},"43":{"start":{"line":120,"column":8},"end":{"line":120,"column":31}},"44":{"start":{"line":121,"column":20},"end":{"line":121,"column":37}},"45":{"start":{"line":122,"column":8},"end":{"line":122,"column":30}},"46":{"start":{"line":123,"column":8},"end":{"line":125,"column":10}},"47":{"start":{"line":124,"column":12},"end":{"line":124,"column":45}},"48":{"start":{"line":128,"column":4},"end":{"line":171,"column":7}},"49":{"start":{"line":129,"column":18},"end":{"line":129,"column":43}},"50":{"start":{"line":130,"column":18},"end":{"line":141,"column":9}},"51":{"start":{"line":142,"column":19},"end":{"line":153,"column":9}},"52":{"start":{"line":155,"column":18},"end":{"line":157,"column":9}},"53":{"start":{"line":158,"column":21},"end":{"line":158,"column":44}},"54":{"start":{"line":159,"column":8},"end":{"line":159,"column":29}},"55":{"start":{"line":160,"column":8},"end":{"line":160,"column":66}},"56":{"start":{"line":161,"column":8},"end":{"line":164,"column":10}},"57":{"start":{"line":162,"column":12},"end":{"line":162,"column":37}},"58":{"start":{"line":163,"column":12},"end":{"line":163,"column":18}},"59":{"start":{"line":165,"column":8},"end":{"line":165,"column":67}},"60":{"start":{"line":166,"column":8},"end":{"line":169,"column":10}},"61":{"start":{"line":167,"column":12},"end":{"line":167,"column":37}},"62":{"start":{"line":168,"column":12},"end":{"line":168,"column":18}},"63":{"start":{"line":174,"column":4},"end":{"line":210,"column":7}},"64":{"start":{"line":175,"column":18},"end":{"line":175,"column":61}},"65":{"start":{"line":176,"column":17},"end":{"line":176,"column":76}},"66":{"start":{"line":177,"column":18},"end":{"line":185,"column":9}},"67":{"start":{"line":187,"column":18},"end":{"line":189,"column":9}},"68":{"start":{"line":190,"column":21},"end":{"line":190,"column":46}},"69":{"start":{"line":191,"column":8},"end":{"line":191,"column":29}},"70":{"start":{"line":192,"column":8},"end":{"line":192,"column":30}},"71":{"start":{"line":193,"column":8},"end":{"line":193,"column":54}},"72":{"start":{"line":194,"column":8},"end":{"line":198,"column":10}},"73":{"start":{"line":195,"column":12},"end":{"line":195,"column":40}},"74":{"start":{"line":196,"column":12},"end":{"line":196,"column":45}},"75":{"start":{"line":197,"column":12},"end":{"line":197,"column":18}},"76":{"start":{"line":200,"column":22},"end":{"line":200,"column":41}},"77":{"start":{"line":201,"column":8},"end":{"line":201,"column":30}},"78":{"start":{"line":202,"column":8},"end":{"line":202,"column":31}},"79":{"start":{"line":203,"column":8},"end":{"line":203,"column":54}},"80":{"start":{"line":204,"column":8},"end":{"line":208,"column":10}},"81":{"start":{"line":205,"column":12},"end":{"line":205,"column":39}},"82":{"start":{"line":206,"column":12},"end":{"line":206,"column":45}},"83":{"start":{"line":207,"column":12},"end":{"line":207,"column":18}},"84":{"start":{"line":212,"column":4},"end":{"line":248,"column":7}},"85":{"start":{"line":213,"column":18},"end":{"line":213,"column":79}},"86":{"start":{"line":214,"column":17},"end":{"line":214,"column":58}},"87":{"start":{"line":215,"column":17},"end":{"line":215,"column":75}},"88":{"start":{"line":216,"column":18},"end":{"line":225,"column":9}},"89":{"start":{"line":227,"column":18},"end":{"line":229,"column":9}},"90":{"start":{"line":230,"column":21},"end":{"line":230,"column":44}},"91":{"start":{"line":232,"column":8},"end":{"line":232,"column":29}},"92":{"start":{"line":233,"column":8},"end":{"line":233,"column":30}},"93":{"start":{"line":234,"column":8},"end":{"line":234,"column":30}},"94":{"start":{"line":236,"column":8},"end":{"line":236,"column":73}},"95":{"start":{"line":237,"column":8},"end":{"line":240,"column":10}},"96":{"start":{"line":238,"column":12},"end":{"line":238,"column":37}},"97":{"start":{"line":239,"column":12},"end":{"line":239,"column":18}},"98":{"start":{"line":241,"column":8},"end":{"line":245,"column":10}},"99":{"start":{"line":242,"column":12},"end":{"line":242,"column":37}},"100":{"start":{"line":243,"column":12},"end":{"line":243,"column":46}},"101":{"start":{"line":244,"column":12},"end":{"line":244,"column":18}},"102":{"start":{"line":250,"column":4},"end":{"line":293,"column":7}},"103":{"start":{"line":251,"column":18},"end":{"line":251,"column":67}},"104":{"start":{"line":252,"column":17},"end":{"line":252,"column":81}},"105":{"start":{"line":254,"column":18},"end":{"line":262,"column":9}},"106":{"start":{"line":264,"column":18},"end":{"line":266,"column":9}},"107":{"start":{"line":267,"column":21},"end":{"line":272,"column":11}},"108":{"start":{"line":270,"column":19},"end":{"line":270,"column":49}},"109":{"start":{"line":273,"column":20},"end":{"line":273,"column":43}},"110":{"start":{"line":274,"column":8},"end":{"line":274,"column":29}},"111":{"start":{"line":275,"column":8},"end":{"line":275,"column":31}},"112":{"start":{"line":277,"column":8},"end":{"line":277,"column":60}},"113":{"start":{"line":278,"column":8},"end":{"line":282,"column":10}},"114":{"start":{"line":279,"column":12},"end":{"line":279,"column":40}},"115":{"start":{"line":280,"column":12},"end":{"line":280,"column":45}},"116":{"start":{"line":281,"column":12},"end":{"line":281,"column":18}},"117":{"start":{"line":284,"column":22},"end":{"line":284,"column":41}},"118":{"start":{"line":285,"column":8},"end":{"line":285,"column":30}},"119":{"start":{"line":286,"column":8},"end":{"line":286,"column":60}},"120":{"start":{"line":287,"column":8},"end":{"line":290,"column":10}},"121":{"start":{"line":288,"column":12},"end":{"line":288,"column":39}},"122":{"start":{"line":289,"column":12},"end":{"line":289,"column":18}},"123":{"start":{"line":296,"column":4},"end":{"line":322,"column":7}},"124":{"start":{"line":297,"column":18},"end":{"line":297,"column":43}},"125":{"start":{"line":298,"column":18},"end":{"line":309,"column":9}},"126":{"start":{"line":311,"column":18},"end":{"line":313,"column":9}},"127":{"start":{"line":314,"column":21},"end":{"line":314,"column":44}},"128":{"start":{"line":315,"column":8},"end":{"line":315,"column":29}},"129":{"start":{"line":316,"column":8},"end":{"line":316,"column":75}},"130":{"start":{"line":317,"column":8},"end":{"line":320,"column":10}},"131":{"start":{"line":318,"column":12},"end":{"line":318,"column":37}},"132":{"start":{"line":319,"column":12},"end":{"line":319,"column":18}},"133":{"start":{"line":324,"column":4},"end":{"line":357,"column":7}},"134":{"start":{"line":325,"column":18},"end":{"line":325,"column":84}},"135":{"start":{"line":326,"column":18},"end":{"line":337,"column":9}},"136":{"start":{"line":339,"column":18},"end":{"line":341,"column":9}},"137":{"start":{"line":342,"column":21},"end":{"line":346,"column":10}},"138":{"start":{"line":344,"column":16},"end":{"line":344,"column":46}},"139":{"start":{"line":347,"column":8},"end":{"line":347,"column":29}},"140":{"start":{"line":348,"column":8},"end":{"line":348,"column":63}},"141":{"start":{"line":349,"column":8},"end":{"line":355,"column":10}},"142":{"start":{"line":351,"column":12},"end":{"line":354,"column":14}},"143":{"start":{"line":352,"column":16},"end":{"line":352,"column":39}},"144":{"start":{"line":353,"column":16},"end":{"line":353,"column":22}},"145":{"start":{"line":360,"column":4},"end":{"line":395,"column":7}},"146":{"start":{"line":361,"column":18},"end":{"line":361,"column":84}},"147":{"start":{"line":362,"column":17},"end":{"line":362,"column":64}},"148":{"start":{"line":363,"column":17},"end":{"line":363,"column":80}},"149":{"start":{"line":364,"column":18},"end":{"line":375,"column":9}},"150":{"start":{"line":377,"column":18},"end":{"line":379,"column":9}},"151":{"start":{"line":380,"column":21},"end":{"line":380,"column":44}},"152":{"start":{"line":381,"column":8},"end":{"line":381,"column":29}},"153":{"start":{"line":382,"column":8},"end":{"line":382,"column":30}},"154":{"start":{"line":383,"column":8},"end":{"line":383,"column":30}},"155":{"start":{"line":385,"column":8},"end":{"line":385,"column":80}},"156":{"start":{"line":386,"column":8},"end":{"line":389,"column":10}},"157":{"start":{"line":387,"column":12},"end":{"line":387,"column":37}},"158":{"start":{"line":388,"column":12},"end":{"line":388,"column":18}},"159":{"start":{"line":390,"column":8},"end":{"line":394,"column":10}},"160":{"start":{"line":391,"column":12},"end":{"line":391,"column":37}},"161":{"start":{"line":392,"column":12},"end":{"line":392,"column":45}},"162":{"start":{"line":393,"column":12},"end":{"line":393,"column":18}},"163":{"start":{"line":397,"column":4},"end":{"line":420,"column":7}},"164":{"start":{"line":398,"column":18},"end":{"line":398,"column":43}},"165":{"start":{"line":399,"column":18},"end":{"line":407,"column":9}},"166":{"start":{"line":409,"column":18},"end":{"line":411,"column":9}},"167":{"start":{"line":412,"column":21},"end":{"line":412,"column":44}},"168":{"start":{"line":413,"column":8},"end":{"line":413,"column":29}},"169":{"start":{"line":414,"column":8},"end":{"line":414,"column":70}},"170":{"start":{"line":415,"column":8},"end":{"line":418,"column":10}},"171":{"start":{"line":416,"column":12},"end":{"line":416,"column":37}},"172":{"start":{"line":417,"column":12},"end":{"line":417,"column":18}},"173":{"start":{"line":422,"column":4},"end":{"line":471,"column":7}},"174":{"start":{"line":423,"column":18},"end":{"line":423,"column":73}},"175":{"start":{"line":424,"column":19},"end":{"line":424,"column":63}},"176":{"start":{"line":425,"column":18},"end":{"line":436,"column":9}},"177":{"start":{"line":438,"column":18},"end":{"line":440,"column":9}},"178":{"start":{"line":441,"column":21},"end":{"line":445,"column":10}},"179":{"start":{"line":443,"column":16},"end":{"line":443,"column":46}},"180":{"start":{"line":447,"column":22},"end":{"line":452,"column":10}},"181":{"start":{"line":450,"column":16},"end":{"line":450,"column":46}},"182":{"start":{"line":454,"column":8},"end":{"line":454,"column":29}},"183":{"start":{"line":455,"column":8},"end":{"line":455,"column":31}},"184":{"start":{"line":457,"column":8},"end":{"line":457,"column":73}},"185":{"start":{"line":459,"column":8},"end":{"line":464,"column":10}},"186":{"start":{"line":460,"column":12},"end":{"line":462,"column":14}},"187":{"start":{"line":461,"column":16},"end":{"line":461,"column":39}},"188":{"start":{"line":463,"column":12},"end":{"line":463,"column":18}},"189":{"start":{"line":465,"column":8},"end":{"line":469,"column":10}},"190":{"start":{"line":466,"column":12},"end":{"line":466,"column":42}},"191":{"start":{"line":468,"column":12},"end":{"line":468,"column":18}}},"fnMap":{"0":{"name":"(anonymous_0)","decl":{"start":{"line":8,"column":37},"end":{"line":8,"column":38}},"loc":{"start":{"line":8,"column":43},"end":{"line":473,"column":1}},"line":8},"1":{"name":"(anonymous_1)","decl":{"start":{"line":10,"column":37},"end":{"line":10,"column":38}},"loc":{"start":{"line":10,"column":47},"end":{"line":38,"column":5}},"line":10},"2":{"name":"(anonymous_2)","decl":{"start":{"line":26,"column":18},"end":{"line":26,"column":19}},"loc":{"start":{"line":26,"column":24},"end":{"line":26,"column":27}},"line":26},"3":{"name":"(anonymous_3)","decl":{"start":{"line":33,"column":24},"end":{"line":33,"column":25}},"loc":{"start":{"line":33,"column":34},"end":{"line":36,"column":9}},"line":33},"4":{"name":"(anonymous_4)","decl":{"start":{"line":40,"column":26},"end":{"line":40,"column":27}},"loc":{"start":{"line":40,"column":36},"end":{"line":73,"column":5}},"line":40},"5":{"name":"(anonymous_5)","decl":{"start":{"line":56,"column":18},"end":{"line":56,"column":19}},"loc":{"start":{"line":56,"column":24},"end":{"line":56,"column":27}},"line":56},"6":{"name":"(anonymous_6)","decl":{"start":{"line":59,"column":21},"end":{"line":59,"column":22}},"loc":{"start":{"line":59,"column":27},"end":{"line":61,"column":13}},"line":59},"7":{"name":"(anonymous_7)","decl":{"start":{"line":65,"column":24},"end":{"line":65,"column":25}},"loc":{"start":{"line":65,"column":34},"end":{"line":71,"column":9}},"line":65},"8":{"name":"(anonymous_8)","decl":{"start":{"line":67,"column":32},"end":{"line":67,"column":33}},"loc":{"start":{"line":67,"column":40},"end":{"line":70,"column":13}},"line":67},"9":{"name":"(anonymous_9)","decl":{"start":{"line":75,"column":38},"end":{"line":75,"column":39}},"loc":{"start":{"line":75,"column":48},"end":{"line":126,"column":5}},"line":75},"10":{"name":"(anonymous_10)","decl":{"start":{"line":94,"column":18},"end":{"line":94,"column":19}},"loc":{"start":{"line":94,"column":24},"end":{"line":94,"column":27}},"line":94},"11":{"name":"(anonymous_11)","decl":{"start":{"line":105,"column":24},"end":{"line":105,"column":25}},"loc":{"start":{"line":105,"column":34},"end":{"line":108,"column":9}},"line":105},"12":{"name":"(anonymous_12)","decl":{"start":{"line":116,"column":24},"end":{"line":116,"column":25}},"loc":{"start":{"line":116,"column":34},"end":{"line":119,"column":9}},"line":116},"13":{"name":"(anonymous_13)","decl":{"start":{"line":123,"column":24},"end":{"line":123,"column":25}},"loc":{"start":{"line":123,"column":32},"end":{"line":125,"column":9}},"line":123},"14":{"name":"(anonymous_14)","decl":{"start":{"line":128,"column":35},"end":{"line":128,"column":36}},"loc":{"start":{"line":128,"column":45},"end":{"line":171,"column":5}},"line":128},"15":{"name":"(anonymous_15)","decl":{"start":{"line":156,"column":18},"end":{"line":156,"column":19}},"loc":{"start":{"line":156,"column":24},"end":{"line":156,"column":27}},"line":156},"16":{"name":"(anonymous_16)","decl":{"start":{"line":161,"column":24},"end":{"line":161,"column":25}},"loc":{"start":{"line":161,"column":34},"end":{"line":164,"column":9}},"line":161},"17":{"name":"(anonymous_17)","decl":{"start":{"line":166,"column":24},"end":{"line":166,"column":25}},"loc":{"start":{"line":166,"column":34},"end":{"line":169,"column":9}},"line":166},"18":{"name":"(anonymous_18)","decl":{"start":{"line":174,"column":23},"end":{"line":174,"column":24}},"loc":{"start":{"line":174,"column":33},"end":{"line":210,"column":5}},"line":174},"19":{"name":"(anonymous_19)","decl":{"start":{"line":188,"column":18},"end":{"line":188,"column":19}},"loc":{"start":{"line":188,"column":24},"end":{"line":188,"column":27}},"line":188},"20":{"name":"(anonymous_20)","decl":{"start":{"line":194,"column":24},"end":{"line":194,"column":25}},"loc":{"start":{"line":194,"column":34},"end":{"line":198,"column":9}},"line":194},"21":{"name":"(anonymous_21)","decl":{"start":{"line":204,"column":24},"end":{"line":204,"column":25}},"loc":{"start":{"line":204,"column":34},"end":{"line":208,"column":9}},"line":204},"22":{"name":"(anonymous_22)","decl":{"start":{"line":212,"column":42},"end":{"line":212,"column":43}},"loc":{"start":{"line":212,"column":52},"end":{"line":248,"column":5}},"line":212},"23":{"name":"(anonymous_23)","decl":{"start":{"line":228,"column":18},"end":{"line":228,"column":19}},"loc":{"start":{"line":228,"column":24},"end":{"line":228,"column":27}},"line":228},"24":{"name":"(anonymous_24)","decl":{"start":{"line":237,"column":24},"end":{"line":237,"column":25}},"loc":{"start":{"line":237,"column":34},"end":{"line":240,"column":9}},"line":237},"25":{"name":"(anonymous_25)","decl":{"start":{"line":241,"column":25},"end":{"line":241,"column":26}},"loc":{"start":{"line":241,"column":35},"end":{"line":245,"column":9}},"line":241},"26":{"name":"(anonymous_26)","decl":{"start":{"line":250,"column":29},"end":{"line":250,"column":30}},"loc":{"start":{"line":250,"column":39},"end":{"line":293,"column":5}},"line":250},"27":{"name":"(anonymous_27)","decl":{"start":{"line":265,"column":18},"end":{"line":265,"column":19}},"loc":{"start":{"line":265,"column":24},"end":{"line":265,"column":27}},"line":265},"28":{"name":"(anonymous_28)","decl":{"start":{"line":269,"column":22},"end":{"line":269,"column":23}},"loc":{"start":{"line":269,"column":28},"end":{"line":271,"column":18}},"line":269},"29":{"name":"(anonymous_29)","decl":{"start":{"line":278,"column":24},"end":{"line":278,"column":25}},"loc":{"start":{"line":278,"column":34},"end":{"line":282,"column":9}},"line":278},"30":{"name":"(anonymous_30)","decl":{"start":{"line":287,"column":24},"end":{"line":287,"column":25}},"loc":{"start":{"line":287,"column":34},"end":{"line":290,"column":9}},"line":287},"31":{"name":"(anonymous_31)","decl":{"start":{"line":296,"column":44},"end":{"line":296,"column":45}},"loc":{"start":{"line":296,"column":54},"end":{"line":322,"column":5}},"line":296},"32":{"name":"(anonymous_32)","decl":{"start":{"line":312,"column":18},"end":{"line":312,"column":19}},"loc":{"start":{"line":312,"column":24},"end":{"line":312,"column":27}},"line":312},"33":{"name":"(anonymous_33)","decl":{"start":{"line":317,"column":24},"end":{"line":317,"column":25}},"loc":{"start":{"line":317,"column":34},"end":{"line":320,"column":9}},"line":317},"34":{"name":"(anonymous_34)","decl":{"start":{"line":324,"column":32},"end":{"line":324,"column":33}},"loc":{"start":{"line":324,"column":42},"end":{"line":357,"column":5}},"line":324},"35":{"name":"(anonymous_35)","decl":{"start":{"line":340,"column":18},"end":{"line":340,"column":19}},"loc":{"start":{"line":340,"column":24},"end":{"line":340,"column":27}},"line":340},"36":{"name":"(anonymous_36)","decl":{"start":{"line":343,"column":21},"end":{"line":343,"column":22}},"loc":{"start":{"line":343,"column":27},"end":{"line":345,"column":13}},"line":343},"37":{"name":"(anonymous_37)","decl":{"start":{"line":349,"column":24},"end":{"line":349,"column":25}},"loc":{"start":{"line":349,"column":34},"end":{"line":355,"column":9}},"line":349},"38":{"name":"(anonymous_38)","decl":{"start":{"line":351,"column":32},"end":{"line":351,"column":33}},"loc":{"start":{"line":351,"column":40},"end":{"line":354,"column":13}},"line":351},"39":{"name":"(anonymous_39)","decl":{"start":{"line":360,"column":49},"end":{"line":360,"column":50}},"loc":{"start":{"line":360,"column":59},"end":{"line":395,"column":5}},"line":360},"40":{"name":"(anonymous_40)","decl":{"start":{"line":378,"column":18},"end":{"line":378,"column":19}},"loc":{"start":{"line":378,"column":24},"end":{"line":378,"column":27}},"line":378},"41":{"name":"(anonymous_41)","decl":{"start":{"line":386,"column":24},"end":{"line":386,"column":25}},"loc":{"start":{"line":386,"column":34},"end":{"line":389,"column":9}},"line":386},"42":{"name":"(anonymous_42)","decl":{"start":{"line":390,"column":25},"end":{"line":390,"column":26}},"loc":{"start":{"line":390,"column":35},"end":{"line":394,"column":9}},"line":390},"43":{"name":"(anonymous_43)","decl":{"start":{"line":397,"column":39},"end":{"line":397,"column":40}},"loc":{"start":{"line":397,"column":49},"end":{"line":420,"column":5}},"line":397},"44":{"name":"(anonymous_44)","decl":{"start":{"line":410,"column":18},"end":{"line":410,"column":19}},"loc":{"start":{"line":410,"column":24},"end":{"line":410,"column":27}},"line":410},"45":{"name":"(anonymous_45)","decl":{"start":{"line":415,"column":24},"end":{"line":415,"column":25}},"loc":{"start":{"line":415,"column":34},"end":{"line":418,"column":9}},"line":415},"46":{"name":"(anonymous_46)","decl":{"start":{"line":422,"column":42},"end":{"line":422,"column":43}},"loc":{"start":{"line":422,"column":52},"end":{"line":471,"column":5}},"line":422},"47":{"name":"(anonymous_47)","decl":{"start":{"line":439,"column":18},"end":{"line":439,"column":19}},"loc":{"start":{"line":439,"column":24},"end":{"line":439,"column":27}},"line":439},"48":{"name":"(anonymous_48)","decl":{"start":{"line":442,"column":18},"end":{"line":442,"column":19}},"loc":{"start":{"line":442,"column":24},"end":{"line":444,"column":13}},"line":442},"49":{"name":"(anonymous_49)","decl":{"start":{"line":449,"column":18},"end":{"line":449,"column":19}},"loc":{"start":{"line":449,"column":24},"end":{"line":451,"column":13}},"line":449},"50":{"name":"(anonymous_50)","decl":{"start":{"line":459,"column":24},"end":{"line":459,"column":25}},"loc":{"start":{"line":459,"column":34},"end":{"line":464,"column":9}},"line":459},"51":{"name":"(anonymous_51)","decl":{"start":{"line":460,"column":29},"end":{"line":460,"column":30}},"loc":{"start":{"line":460,"column":37},"end":{"line":462,"column":13}},"line":460},"52":{"name":"(anonymous_52)","decl":{"start":{"line":465,"column":25},"end":{"line":465,"column":26}},"loc":{"start":{"line":465,"column":33},"end":{"line":469,"column":9}},"line":465}},"branchMap":{},"s":{"0":1,"1":1,"2":1,"3":1,"4":1,"5":1,"6":1,"7":1,"8":1,"9":1,"10":1,"11":1,"12":1,"13":1,"14":1,"15":1,"16":1,"17":1,"18":1,"19":2,"20":1,"21":1,"22":1,"23":1,"24":1,"25":1,"26":1,"27":1,"28":1,"29":1,"30":1,"31":1,"32":1,"33":1,"34":1,"35":1,"36":1,"37":1,"38":1,"39":1,"40":1,"41":1,"42":1,"43":1,"44":1,"45":1,"46":1,"47":1,"48":1,"49":1,"50":1,"51":1,"52":1,"53":1,"54":1,"55":1,"56":1,"57":1,"58":1,"59":1,"60":1,"61":1,"62":1,"63":1,"64":1,"65":1,"66":1,"67":1,"68":1,"69":1,"70":1,"71":1,"72":1,"73":1,"74":1,"75":1,"76":1,"77":1,"78":1,"79":1,"80":1,"81":1,"82":1,"83":1,"84":1,"85":1,"86":1,"87":1,"88":1,"89":1,"90":1,"91":1,"92":1,"93":1,"94":1,"95":1,"96":1,"97":1,"98":1,"99":1,"100":1,"101":1,"102":1,"103":1,"104":1,"105":1,"106":1,"107":1,"108":0,"109":1,"110":1,"111":1,"112":1,"113":1,"114":1,"115":1,"116":1,"117":1,"118":1,"119":1,"120":1,"121":1,"122":1,"123":1,"124":1,"125":1,"126":1,"127":1,"128":1,"129":1,"130":1,"131":1,"132":1,"133":1,"134":1,"135":1,"136":1,"137":1,"138":2,"139":1,"140":1,"141":1,"142":1,"143":1,"144":1,"145":1,"146":1,"147":1,"148":1,"149":1,"150":1,"151":1,"152":1,"153":1,"154":1,"155":1,"156":1,"157":1,"158":1,"159":1,"160":1,"161":1,"162":0,"163":1,"164":1,"165":1,"166":1,"167":1,"168":1,"169":1,"170":1,"171":1,"172":1,"173":1,"174":1,"175":1,"176":1,"177":1,"178":1,"179":2,"180":1,"181":1,"182":1,"183":1,"184":1,"185":1,"186":1,"187":1,"188":1,"189":1,"190":1,"191":1},"f":{"0":1,"1":1,"2":1,"3":1,"4":1,"5":1,"6":2,"7":1,"8":1,"9":1,"10":2,"11":1,"12":1,"13":1,"14":1,"15":2,"16":1,"17":1,"18":1,"19":2,"20":1,"21":1,"22":1,"23":1,"24":1,"25":1,"26":1,"27":1,"28":0,"29":1,"30":1,"31":1,"32":1,"33":1,"34":1,"35":1,"36":2,"37":1,"38":1,"39":1,"40":1,"41":1,"42":1,"43":1,"44":1,"45":1,"46":1,"47":1,"48":2,"49":1,"50":1,"51":1,"52":1},"b":{},"_coverageSchema":"43e27e138ebf9cfc5966b082cf9a028302ed4184","hash":"db8a78e172b8f56ab6c8a988653fec93793d2077","contentHash":"a262b3448242b7eb0fd20b952e8c84dc54766df3877e0f733c9d12952320d57c"},"/home/aspl/Pictures/26_node_testing/jasmine/sequelize.js":{"path":"/home/aspl/Pictures/26_node_testing/jasmine/sequelize.js","statementMap":{"0":{"start":{"line":2,"column":18},"end":{"line":2,"column":38}},"1":{"start":{"line":4,"column":16},"end":{"line":4,"column":43}},"2":{"start":{"line":5,"column":22},"end":{"line":5,"column":55}},"3":{"start":{"line":6,"column":14},"end":{"line":6,"column":39}},"4":{"start":{"line":7,"column":16},"end":{"line":7,"column":43}},"5":{"start":{"line":8,"column":17},"end":{"line":8,"column":45}},"6":{"start":{"line":9,"column":20},"end":{"line":9,"column":51}},"7":{"start":{"line":10,"column":18},"end":{"line":10,"column":47}},"8":{"start":{"line":11,"column":16},"end":{"line":11,"column":43}},"9":{"start":{"line":12,"column":17},"end":{"line":12,"column":45}},"10":{"start":{"line":13,"column":19},"end":{"line":13,"column":49}},"11":{"start":{"line":14,"column":24},"end":{"line":14,"column":59}},"12":{"start":{"line":15,"column":27},"end":{"line":15,"column":65}},"13":{"start":{"line":16,"column":17},"end":{"line":16,"column":45}},"14":{"start":{"line":17,"column":16},"end":{"line":17,"column":43}},"15":{"start":{"line":18,"column":23},"end":{"line":18,"column":53}},"16":{"start":{"line":19,"column":19},"end":{"line":19,"column":43}},"17":{"start":{"line":20,"column":24},"end":{"line":20,"column":57}},"18":{"start":{"line":21,"column":30},"end":{"line":21,"column":65}},"19":{"start":{"line":22,"column":19},"end":{"line":22,"column":44}},"20":{"start":{"line":23,"column":24},"end":{"line":23,"column":53}},"21":{"start":{"line":24,"column":25},"end":{"line":24,"column":55}},"22":{"start":{"line":25,"column":20},"end":{"line":25,"column":45}},"23":{"start":{"line":26,"column":29},"end":{"line":26,"column":63}},"24":{"start":{"line":27,"column":41},"end":{"line":27,"column":87}},"25":{"start":{"line":28,"column":36},"end":{"line":28,"column":77}},"26":{"start":{"line":29,"column":37},"end":{"line":29,"column":83}},"27":{"start":{"line":30,"column":31},"end":{"line":30,"column":70}},"28":{"start":{"line":31,"column":25},"end":{"line":31,"column":55}},"29":{"start":{"line":32,"column":22},"end":{"line":32,"column":55}},"30":{"start":{"line":33,"column":30},"end":{"line":33,"column":65}},"31":{"start":{"line":34,"column":33},"end":{"line":34,"column":71}},"32":{"start":{"line":35,"column":22},"end":{"line":35,"column":49}},"33":{"start":{"line":36,"column":38},"end":{"line":36,"column":81}},"34":{"start":{"line":37,"column":31},"end":{"line":37,"column":67}},"35":{"start":{"line":38,"column":28},"end":{"line":38,"column":62}},"36":{"start":{"line":46,"column":18},"end":{"line":51,"column":4}},"37":{"start":{"line":53,"column":19},"end":{"line":53,"column":48}},"38":{"start":{"line":55,"column":25},"end":{"line":55,"column":60}},"39":{"start":{"line":56,"column":17},"end":{"line":56,"column":44}},"40":{"start":{"line":57,"column":19},"end":{"line":57,"column":48}},"41":{"start":{"line":58,"column":20},"end":{"line":58,"column":50}},"42":{"start":{"line":59,"column":23},"end":{"line":59,"column":56}},"43":{"start":{"line":60,"column":21},"end":{"line":60,"column":52}},"44":{"start":{"line":61,"column":19},"end":{"line":61,"column":48}},"45":{"start":{"line":62,"column":20},"end":{"line":62,"column":50}},"46":{"start":{"line":63,"column":20},"end":{"line":63,"column":50}},"47":{"start":{"line":64,"column":22},"end":{"line":64,"column":54}},"48":{"start":{"line":65,"column":27},"end":{"line":65,"column":64}},"49":{"start":{"line":66,"column":30},"end":{"line":66,"column":70}},"50":{"start":{"line":67,"column":20},"end":{"line":67,"column":55}},"51":{"start":{"line":68,"column":16},"end":{"line":68,"column":47}},"52":{"start":{"line":69,"column":21},"end":{"line":69,"column":57}},"53":{"start":{"line":70,"column":16},"end":{"line":70,"column":47}},"54":{"start":{"line":71,"column":34},"end":{"line":71,"column":83}},"55":{"start":{"line":72,"column":27},"end":{"line":72,"column":69}},"56":{"start":{"line":73,"column":21},"end":{"line":73,"column":57}},"57":{"start":{"line":74,"column":21},"end":{"line":74,"column":58}},"58":{"start":{"line":75,"column":25},"end":{"line":75,"column":66}},"59":{"start":{"line":76,"column":37},"end":{"line":76,"column":90}},"60":{"start":{"line":77,"column":32},"end":{"line":77,"column":80}},"61":{"start":{"line":78,"column":17},"end":{"line":78,"column":49}},"62":{"start":{"line":79,"column":28},"end":{"line":79,"column":71}},"63":{"start":{"line":80,"column":22},"end":{"line":80,"column":59}},"64":{"start":{"line":81,"column":25},"end":{"line":81,"column":59}},"65":{"start":{"line":82,"column":27},"end":{"line":82,"column":69}},"66":{"start":{"line":83,"column":30},"end":{"line":83,"column":75}},"67":{"start":{"line":84,"column":19},"end":{"line":84,"column":53}},"68":{"start":{"line":85,"column":35},"end":{"line":85,"column":85}},"69":{"start":{"line":86,"column":27},"end":{"line":86,"column":70}},"70":{"start":{"line":87,"column":25},"end":{"line":87,"column":66}},"71":{"start":{"line":88,"column":0},"end":{"line":90,"column":3}},"72":{"start":{"line":92,"column":0},"end":{"line":128,"column":2}}},"fnMap":{"0":{"name":"(anonymous_0)","decl":{"start":{"line":88,"column":22},"end":{"line":88,"column":23}},"loc":{"start":{"line":88,"column":28},"end":{"line":88,"column":30}},"line":88},"1":{"name":"(anonymous_1)","decl":{"start":{"line":88,"column":40},"end":{"line":88,"column":41}},"loc":{"start":{"line":88,"column":46},"end":{"line":90,"column":1}},"line":88}},"branchMap":{},"s":{"0":1,"1":1,"2":1,"3":1,"4":1,"5":1,"6":1,"7":1,"8":1,"9":1,"10":1,"11":1,"12":1,"13":1,"14":1,"15":1,"16":1,"17":1,"18":1,"19":1,"20":1,"21":1,"22":1,"23":1,"24":1,"25":1,"26":1,"27":1,"28":1,"29":1,"30":1,"31":1,"32":1,"33":1,"34":1,"35":1,"36":1,"37":1,"38":1,"39":1,"40":1,"41":1,"42":1,"43":1,"44":1,"45":1,"46":1,"47":1,"48":1,"49":1,"50":1,"51":1,"52":1,"53":1,"54":1,"55":1,"56":1,"57":1,"58":1,"59":1,"60":1,"61":1,"62":1,"63":1,"64":1,"65":1,"66":1,"67":1,"68":1,"69":1,"70":1,"71":1,"72":1},"f":{"0":0,"1":0},"b":{},"_coverageSchema":"43e27e138ebf9cfc5966b082cf9a028302ed4184","hash":"304ac430865ccf68be1879c076cd60a81a354681","contentHash":"df85a094868242d7cb0927eaf996241439c1f21718fbf662b207a70d998da6b7"},"/home/aspl/Pictures/26_node_testing/jasmine/models/patient.js":{"path":"/home/aspl/Pictures/26_node_testing/jasmine/models/patient.js","statementMap":{"0":{"start":{"line":1,"column":20},"end":{"line":1,"column":46}},"1":{"start":{"line":2,"column":0},"end":{"line":15,"column":2}},"2":{"start":{"line":3,"column":2},"end":{"line":14,"column":5}}},"fnMap":{"0":{"name":"(anonymous_0)","decl":{"start":{"line":2,"column":17},"end":{"line":2,"column":18}},"loc":{"start":{"line":2,"column":38},"end":{"line":15,"column":1}},"line":2}},"branchMap":{},"s":{"0":1,"1":1,"2":1},"f":{"0":1},"b":{},"_coverageSchema":"43e27e138ebf9cfc5966b082cf9a028302ed4184","hash":"14f69556a191c2e48608d334fbe3438ad12c7672","contentHash":"f5a3a37ea8cb63eb621337a7c6c1f102f734c143f5a299cced40306f6c0167ef"},"/home/aspl/Pictures/26_node_testing/jasmine/config/table.js":{"path":"/home/aspl/Pictures/26_node_testing/jasmine/config/table.js","statementMap":{"0":{"start":{"line":1,"column":0},"end":{"line":37,"column":4}}},"fnMap":{},"branchMap":{},"s":{"0":1},"f":{},"b":{},"_coverageSchema":"43e27e138ebf9cfc5966b082cf9a028302ed4184","hash":"877c84f6876864418514fb42776bebb33b7ed4a0","contentHash":"9959494c36daaf665765c654cdb73e458bc0a7f60e0e37220aaa88108c89c4b8"},"/home/aspl/Pictures/26_node_testing/jasmine/models/patient_level.js":{"path":"/home/aspl/Pictures/26_node_testing/jasmine/models/patient_level.js","statementMap":{"0":{"start":{"line":1,"column":20},"end":{"line":1,"column":46}},"1":{"start":{"line":3,"column":0},"end":{"line":16,"column":2}},"2":{"start":{"line":4,"column":2},"end":{"line":15,"column":5}}},"fnMap":{"0":{"name":"(anonymous_0)","decl":{"start":{"line":3,"column":17},"end":{"line":3,"column":18}},"loc":{"start":{"line":3,"column":38},"end":{"line":16,"column":1}},"line":3}},"branchMap":{},"s":{"0":1,"1":1,"2":1},"f":{"0":1},"b":{},"_coverageSchema":"43e27e138ebf9cfc5966b082cf9a028302ed4184","hash":"b03cc7c6ad39b06d8223b8fad6d963bed7726d76","contentHash":"a0b0cf67c2cbf5b0113ddf09b20dcee61455fd7f53059721a6f55317eb685a13"},"/home/aspl/Pictures/26_node_testing/jasmine/models/basic.js":{"path":"/home/aspl/Pictures/26_node_testing/jasmine/models/basic.js","statementMap":{"0":{"start":{"line":2,"column":20},"end":{"line":2,"column":46}},"1":{"start":{"line":4,"column":0},"end":{"line":27,"column":2}},"2":{"start":{"line":5,"column":2},"end":{"line":26,"column":5}}},"fnMap":{"0":{"name":"(anonymous_0)","decl":{"start":{"line":4,"column":17},"end":{"line":4,"column":18}},"loc":{"start":{"line":4,"column":38},"end":{"line":27,"column":1}},"line":4}},"branchMap":{},"s":{"0":1,"1":1,"2":1},"f":{"0":1},"b":{},"_coverageSchema":"43e27e138ebf9cfc5966b082cf9a028302ed4184","hash":"874fc9bbcd2e7a9c3e91e273ca7a7ccf43636fd6","contentHash":"bd16d0cb30b718c08710e01eccde62c1962ffff7d36a837a18e78e2b947ba89a"},"/home/aspl/Pictures/26_node_testing/jasmine/models/general.js":{"path":"/home/aspl/Pictures/26_node_testing/jasmine/models/general.js","statementMap":{"0":{"start":{"line":2,"column":20},"end":{"line":2,"column":46}},"1":{"start":{"line":4,"column":0},"end":{"line":57,"column":2}},"2":{"start":{"line":5,"column":2},"end":{"line":56,"column":5}}},"fnMap":{"0":{"name":"(anonymous_0)","decl":{"start":{"line":4,"column":17},"end":{"line":4,"column":18}},"loc":{"start":{"line":4,"column":38},"end":{"line":57,"column":1}},"line":4}},"branchMap":{},"s":{"0":1,"1":1,"2":1},"f":{"0":1},"b":{},"_coverageSchema":"43e27e138ebf9cfc5966b082cf9a028302ed4184","hash":"893f8275e2a257c1c471887dc4546e4cb9493dde","contentHash":"c504ed7365a18f13597d9714866a7d6e1f4ab242a5a977baba68115c985328ad"},"/home/aspl/Pictures/26_node_testing/jasmine/models/maternal.js":{"path":"/home/aspl/Pictures/26_node_testing/jasmine/models/maternal.js","statementMap":{"0":{"start":{"line":2,"column":20},"end":{"line":2,"column":46}},"1":{"start":{"line":4,"column":0},"end":{"line":51,"column":2}},"2":{"start":{"line":5,"column":2},"end":{"line":50,"column":4}}},"fnMap":{"0":{"name":"(anonymous_0)","decl":{"start":{"line":4,"column":17},"end":{"line":4,"column":18}},"loc":{"start":{"line":4,"column":38},"end":{"line":51,"column":1}},"line":4}},"branchMap":{},"s":{"0":1,"1":1,"2":1},"f":{"0":1},"b":{},"_coverageSchema":"43e27e138ebf9cfc5966b082cf9a028302ed4184","hash":"10c7be5bad3ab5d0c6797aad00fc0b3af926b2eb","contentHash":"6cfcfa8aac936bf14b7ef4fecc5f3ffb25a6c3d1398fe57de6d17465f408953c"},"/home/aspl/Pictures/26_node_testing/jasmine/models/baby_appear.js":{"path":"/home/aspl/Pictures/26_node_testing/jasmine/models/baby_appear.js","statementMap":{"0":{"start":{"line":2,"column":20},"end":{"line":2,"column":46}},"1":{"start":{"line":4,"column":0},"end":{"line":35,"column":2}},"2":{"start":{"line":5,"column":2},"end":{"line":34,"column":5}}},"fnMap":{"0":{"name":"(anonymous_0)","decl":{"start":{"line":4,"column":17},"end":{"line":4,"column":18}},"loc":{"start":{"line":4,"column":38},"end":{"line":35,"column":1}},"line":4}},"branchMap":{},"s":{"0":1,"1":1,"2":1},"f":{"0":1},"b":{},"_coverageSchema":"43e27e138ebf9cfc5966b082cf9a028302ed4184","hash":"a6ceca535388868fd2366ef83d4de4e61d9e63fc","contentHash":"48f68c520972e8d61b4f93f15a981c145a7e3fbadc47698e270bdcb29734efa9"},"/home/aspl/Pictures/26_node_testing/jasmine/models/baby_resp.js":{"path":"/home/aspl/Pictures/26_node_testing/jasmine/models/baby_resp.js","statementMap":{"0":{"start":{"line":2,"column":20},"end":{"line":2,"column":46}},"1":{"start":{"line":4,"column":0},"end":{"line":31,"column":2}},"2":{"start":{"line":5,"column":2},"end":{"line":30,"column":5}}},"fnMap":{"0":{"name":"(anonymous_0)","decl":{"start":{"line":4,"column":17},"end":{"line":4,"column":18}},"loc":{"start":{"line":4,"column":38},"end":{"line":31,"column":1}},"line":4}},"branchMap":{},"s":{"0":1,"1":1,"2":1},"f":{"0":1},"b":{},"_coverageSchema":"43e27e138ebf9cfc5966b082cf9a028302ed4184","hash":"8dd7727fbb50702765864c84ce696707274adb4f","contentHash":"cb1da643d2848f8e0a2231e625e0819f41e2eead7cb56b3c8779a56b68ff49f2"},"/home/aspl/Pictures/26_node_testing/jasmine/models/baby_cv.js":{"path":"/home/aspl/Pictures/26_node_testing/jasmine/models/baby_cv.js","statementMap":{"0":{"start":{"line":1,"column":20},"end":{"line":1,"column":46}},"1":{"start":{"line":2,"column":0},"end":{"line":27,"column":2}},"2":{"start":{"line":3,"column":1},"end":{"line":26,"column":4}}},"fnMap":{"0":{"name":"(anonymous_0)","decl":{"start":{"line":2,"column":17},"end":{"line":2,"column":18}},"loc":{"start":{"line":2,"column":38},"end":{"line":27,"column":1}},"line":2}},"branchMap":{},"s":{"0":1,"1":1,"2":1},"f":{"0":1},"b":{},"_coverageSchema":"43e27e138ebf9cfc5966b082cf9a028302ed4184","hash":"b9b0a01486f88ecb6a272a1d2de1ba197dfbd418","contentHash":"ce908d12d9ac26b1a6344e99c5816b83b313c3b2d2c14ed91f3b2fcbd2e6c71c"},"/home/aspl/Pictures/26_node_testing/jasmine/models/baby_cns.js":{"path":"/home/aspl/Pictures/26_node_testing/jasmine/models/baby_cns.js","statementMap":{"0":{"start":{"line":1,"column":20},"end":{"line":1,"column":46}},"1":{"start":{"line":2,"column":0},"end":{"line":17,"column":2}},"2":{"start":{"line":3,"column":2},"end":{"line":16,"column":5}}},"fnMap":{"0":{"name":"(anonymous_0)","decl":{"start":{"line":2,"column":17},"end":{"line":2,"column":18}},"loc":{"start":{"line":2,"column":38},"end":{"line":17,"column":1}},"line":2}},"branchMap":{},"s":{"0":1,"1":1,"2":1},"f":{"0":1},"b":{},"_coverageSchema":"43e27e138ebf9cfc5966b082cf9a028302ed4184","hash":"9af89f28dc5e2e882b3aac67a53f70b3088f505f","contentHash":"7ef92df0d117219d707d44420e62e1bcafa8575472a57207b425d9cdf187a5d1"},"/home/aspl/Pictures/26_node_testing/jasmine/models/baby_final.js":{"path":"/home/aspl/Pictures/26_node_testing/jasmine/models/baby_final.js","statementMap":{"0":{"start":{"line":1,"column":20},"end":{"line":1,"column":46}},"1":{"start":{"line":2,"column":0},"end":{"line":34,"column":2}},"2":{"start":{"line":3,"column":2},"end":{"line":33,"column":5}}},"fnMap":{"0":{"name":"(anonymous_0)","decl":{"start":{"line":2,"column":17},"end":{"line":2,"column":18}},"loc":{"start":{"line":2,"column":38},"end":{"line":34,"column":1}},"line":2}},"branchMap":{},"s":{"0":1,"1":1,"2":1},"f":{"0":1},"b":{},"_coverageSchema":"43e27e138ebf9cfc5966b082cf9a028302ed4184","hash":"583b52277cb3b17bcc96cdf48729d094a675986a","contentHash":"bf0e64979defd81041328d67afb44f4e9a22a2f455870d8e7c97630cef21d612"},"/home/aspl/Pictures/26_node_testing/jasmine/models/baby_antibiotic.js":{"path":"/home/aspl/Pictures/26_node_testing/jasmine/models/baby_antibiotic.js","statementMap":{"0":{"start":{"line":1,"column":20},"end":{"line":1,"column":46}},"1":{"start":{"line":2,"column":0},"end":{"line":23,"column":2}},"2":{"start":{"line":3,"column":2},"end":{"line":22,"column":5}}},"fnMap":{"0":{"name":"(anonymous_0)","decl":{"start":{"line":2,"column":17},"end":{"line":2,"column":18}},"loc":{"start":{"line":2,"column":38},"end":{"line":23,"column":1}},"line":2}},"branchMap":{},"s":{"0":1,"1":1,"2":1},"f":{"0":1},"b":{},"_coverageSchema":"43e27e138ebf9cfc5966b082cf9a028302ed4184","hash":"d62e84a0f30825898fa383b42e9a6504691d0eab","contentHash":"13614bd458f4f0a4b361167b5f5110cc6ddd6d0e84e0cfa3b0a9f0d154da668d"},"/home/aspl/Pictures/26_node_testing/jasmine/models/baby_investigation.js":{"path":"/home/aspl/Pictures/26_node_testing/jasmine/models/baby_investigation.js","statementMap":{"0":{"start":{"line":1,"column":20},"end":{"line":1,"column":46}},"1":{"start":{"line":2,"column":0},"end":{"line":54,"column":2}},"2":{"start":{"line":3,"column":2},"end":{"line":53,"column":5}}},"fnMap":{"0":{"name":"(anonymous_0)","decl":{"start":{"line":2,"column":17},"end":{"line":2,"column":18}},"loc":{"start":{"line":2,"column":38},"end":{"line":54,"column":1}},"line":2}},"branchMap":{},"s":{"0":1,"1":1,"2":1},"f":{"0":1},"b":{},"_coverageSchema":"43e27e138ebf9cfc5966b082cf9a028302ed4184","hash":"97bba0779ea1a9b9fbc586580d433f3b362beabf","contentHash":"c4e6013cba2983a8bbeca4994bb97a5980338d49e3264f9677ad7d292844bb88"},"/home/aspl/Pictures/26_node_testing/jasmine/models/baby_git.js":{"path":"/home/aspl/Pictures/26_node_testing/jasmine/models/baby_git.js","statementMap":{"0":{"start":{"line":1,"column":20},"end":{"line":1,"column":46}},"1":{"start":{"line":2,"column":0},"end":{"line":19,"column":2}},"2":{"start":{"line":3,"column":2},"end":{"line":18,"column":5}}},"fnMap":{"0":{"name":"(anonymous_0)","decl":{"start":{"line":2,"column":17},"end":{"line":2,"column":18}},"loc":{"start":{"line":2,"column":38},"end":{"line":19,"column":1}},"line":2}},"branchMap":{},"s":{"0":1,"1":1,"2":1},"f":{"0":1},"b":{},"_coverageSchema":"43e27e138ebf9cfc5966b082cf9a028302ed4184","hash":"09c86fa919244ebff908cd3c2aed602a819f2148","contentHash":"3d1910623a21d6cb9c15c807cb7b7a20ac4786b6f3c18e94603228142677833e"},"/home/aspl/Pictures/26_node_testing/jasmine/config/setting.js":{"path":"/home/aspl/Pictures/26_node_testing/jasmine/config/setting.js","statementMap":{"0":{"start":{"line":1,"column":0},"end":{"line":14,"column":2}}},"fnMap":{},"branchMap":{},"s":{"0":1},"f":{},"b":{},"_coverageSchema":"43e27e138ebf9cfc5966b082cf9a028302ed4184","hash":"7fd984279f24dd4b7e06a21292b29309ad51cac6","contentHash":"81a5ae336093b36ee7c4100c0e2706f94a07023f2e3cc28b00aa8581108aba51"},"/home/aspl/Pictures/26_node_testing/jasmine/models/m_hospital.js":{"path":"/home/aspl/Pictures/26_node_testing/jasmine/models/m_hospital.js","statementMap":{"0":{"start":{"line":1,"column":20},"end":{"line":1,"column":46}},"1":{"start":{"line":3,"column":0},"end":{"line":18,"column":1}},"2":{"start":{"line":4,"column":4},"end":{"line":17,"column":6}}},"fnMap":{"0":{"name":"(anonymous_0)","decl":{"start":{"line":3,"column":16},"end":{"line":3,"column":17}},"loc":{"start":{"line":3,"column":34},"end":{"line":18,"column":1}},"line":3}},"branchMap":{},"s":{"0":1,"1":1,"2":1},"f":{"0":1},"b":{},"_coverageSchema":"43e27e138ebf9cfc5966b082cf9a028302ed4184","hash":"971e30606e8784eedea25fc00ae9e635f38f6b66","contentHash":"bab7bb5c3ec243fd39a8494364e1296b6ce6bcdaad5316a5a83946e4fe025e12"},"/home/aspl/Pictures/26_node_testing/jasmine/models/user.js":{"path":"/home/aspl/Pictures/26_node_testing/jasmine/models/user.js","statementMap":{"0":{"start":{"line":1,"column":20},"end":{"line":1,"column":46}},"1":{"start":{"line":3,"column":0},"end":{"line":27,"column":1}},"2":{"start":{"line":4,"column":4},"end":{"line":26,"column":6}}},"fnMap":{"0":{"name":"(anonymous_0)","decl":{"start":{"line":3,"column":16},"end":{"line":3,"column":17}},"loc":{"start":{"line":3,"column":34},"end":{"line":27,"column":1}},"line":3}},"branchMap":{},"s":{"0":1,"1":1,"2":1},"f":{"0":1},"b":{},"_coverageSchema":"43e27e138ebf9cfc5966b082cf9a028302ed4184","hash":"ea7abbc8b6624aa5e1b391db1bb8fb6b57987c26","contentHash":"ffcb4400ed7906dbefe00e4fc90f9fc018f88b183f983d6c7e0f488ac70c9c72"},"/home/aspl/Pictures/26_node_testing/jasmine/models/map_user_role.js":{"path":"/home/aspl/Pictures/26_node_testing/jasmine/models/map_user_role.js","statementMap":{"0":{"start":{"line":1,"column":20},"end":{"line":1,"column":46}},"1":{"start":{"line":3,"column":0},"end":{"line":18,"column":1}},"2":{"start":{"line":4,"column":4},"end":{"line":17,"column":6}}},"fnMap":{"0":{"name":"(anonymous_0)","decl":{"start":{"line":3,"column":16},"end":{"line":3,"column":17}},"loc":{"start":{"line":3,"column":34},"end":{"line":18,"column":1}},"line":3}},"branchMap":{},"s":{"0":1,"1":1,"2":1},"f":{"0":1},"b":{},"_coverageSchema":"43e27e138ebf9cfc5966b082cf9a028302ed4184","hash":"b53a57dfc3af5d4abfd6ac73133531f4d6d5ad3f","contentHash":"0a0dc525c55265cfc092727c7840aae58529412146805b774db96ba2a900998e"},"/home/aspl/Pictures/26_node_testing/jasmine/models/hospital_branch.js":{"path":"/home/aspl/Pictures/26_node_testing/jasmine/models/hospital_branch.js","statementMap":{"0":{"start":{"line":1,"column":20},"end":{"line":1,"column":46}},"1":{"start":{"line":3,"column":0},"end":{"line":20,"column":1}},"2":{"start":{"line":4,"column":4},"end":{"line":19,"column":6}}},"fnMap":{"0":{"name":"(anonymous_0)","decl":{"start":{"line":3,"column":16},"end":{"line":3,"column":17}},"loc":{"start":{"line":3,"column":34},"end":{"line":20,"column":1}},"line":3}},"branchMap":{},"s":{"0":1,"1":1,"2":1},"f":{"0":1},"b":{},"_coverageSchema":"43e27e138ebf9cfc5966b082cf9a028302ed4184","hash":"c5a9b290cb47d027394bfa19df91d9546817a237","contentHash":"210b547a4c5594df573d363d78c927166bb33ce9759bdc1f1151eb598b888313"},"/home/aspl/Pictures/26_node_testing/jasmine/models/roles.js":{"path":"/home/aspl/Pictures/26_node_testing/jasmine/models/roles.js","statementMap":{"0":{"start":{"line":1,"column":20},"end":{"line":1,"column":46}},"1":{"start":{"line":3,"column":0},"end":{"line":17,"column":1}},"2":{"start":{"line":4,"column":4},"end":{"line":16,"column":6}}},"fnMap":{"0":{"name":"(anonymous_0)","decl":{"start":{"line":3,"column":16},"end":{"line":3,"column":17}},"loc":{"start":{"line":3,"column":34},"end":{"line":17,"column":1}},"line":3}},"branchMap":{},"s":{"0":1,"1":1,"2":1},"f":{"0":1},"b":{},"_coverageSchema":"43e27e138ebf9cfc5966b082cf9a028302ed4184","hash":"7ede4559918805d71ba5ff0a2968bd4079c14bdf","contentHash":"7d5cb64402c8ae2246fdcbbb1934401bebeee39838d9a9b13a68c6ed34700db3"},"/home/aspl/Pictures/26_node_testing/jasmine/models/user_type.js":{"path":"/home/aspl/Pictures/26_node_testing/jasmine/models/user_type.js","statementMap":{"0":{"start":{"line":1,"column":20},"end":{"line":1,"column":46}},"1":{"start":{"line":3,"column":0},"end":{"line":12,"column":1}},"2":{"start":{"line":4,"column":4},"end":{"line":11,"column":6}}},"fnMap":{"0":{"name":"(anonymous_0)","decl":{"start":{"line":3,"column":16},"end":{"line":3,"column":17}},"loc":{"start":{"line":3,"column":34},"end":{"line":12,"column":1}},"line":3}},"branchMap":{},"s":{"0":1,"1":1,"2":1},"f":{"0":1},"b":{},"_coverageSchema":"43e27e138ebf9cfc5966b082cf9a028302ed4184","hash":"0fdd1f4c0c526d4317bb6bc8823ca15dca86883d","contentHash":"bc7522c0494164388125915d0c6a7f25bb1f7fde5c66d82c99406fedba7d3d70"},"/home/aspl/Pictures/26_node_testing/jasmine/models/speciality.js":{"path":"/home/aspl/Pictures/26_node_testing/jasmine/models/speciality.js","statementMap":{"0":{"start":{"line":1,"column":20},"end":{"line":1,"column":46}},"1":{"start":{"line":3,"column":0},"end":{"line":17,"column":1}},"2":{"start":{"line":4,"column":4},"end":{"line":16,"column":6}}},"fnMap":{"0":{"name":"(anonymous_0)","decl":{"start":{"line":3,"column":16},"end":{"line":3,"column":17}},"loc":{"start":{"line":3,"column":34},"end":{"line":17,"column":1}},"line":3}},"branchMap":{},"s":{"0":1,"1":1,"2":1},"f":{"0":1},"b":{},"_coverageSchema":"43e27e138ebf9cfc5966b082cf9a028302ed4184","hash":"d0a90fdc606af4a6cec6e978fafea20f6ee889f2","contentHash":"5e428692878cd69e2f195b3fd9b151268bba269353c5fac909b7d1e942c19c20"},"/home/aspl/Pictures/26_node_testing/jasmine/models/staff.js":{"path":"/home/aspl/Pictures/26_node_testing/jasmine/models/staff.js","statementMap":{"0":{"start":{"line":1,"column":20},"end":{"line":1,"column":46}},"1":{"start":{"line":3,"column":0},"end":{"line":22,"column":1}},"2":{"start":{"line":4,"column":4},"end":{"line":21,"column":6}}},"fnMap":{"0":{"name":"(anonymous_0)","decl":{"start":{"line":3,"column":16},"end":{"line":3,"column":17}},"loc":{"start":{"line":3,"column":34},"end":{"line":22,"column":1}},"line":3}},"branchMap":{},"s":{"0":1,"1":1,"2":1},"f":{"0":1},"b":{},"_coverageSchema":"43e27e138ebf9cfc5966b082cf9a028302ed4184","hash":"39b4da9f6ec7db9100d444520c4d1dff46517d24","contentHash":"2c2059f6b3c1479d8bf8694e870e576a4d5778ca366313cea908f00813963902"},"/home/aspl/Pictures/26_node_testing/jasmine/models/hospital_staff.js":{"path":"/home/aspl/Pictures/26_node_testing/jasmine/models/hospital_staff.js","statementMap":{"0":{"start":{"line":1,"column":20},"end":{"line":1,"column":46}},"1":{"start":{"line":3,"column":0},"end":{"line":20,"column":1}},"2":{"start":{"line":4,"column":4},"end":{"line":19,"column":6}}},"fnMap":{"0":{"name":"(anonymous_0)","decl":{"start":{"line":3,"column":16},"end":{"line":3,"column":17}},"loc":{"start":{"line":3,"column":34},"end":{"line":20,"column":1}},"line":3}},"branchMap":{},"s":{"0":1,"1":1,"2":1},"f":{"0":1},"b":{},"_coverageSchema":"43e27e138ebf9cfc5966b082cf9a028302ed4184","hash":"797e5b61ed6780a9ed0c2b246a2a789ade5aa047","contentHash":"9d1f35c34303a7ecf884e90924cd1d4def56412db331397846dcec75b01fca1b"},"/home/aspl/Pictures/26_node_testing/jasmine/models/hospital_branch_speciality.js":{"path":"/home/aspl/Pictures/26_node_testing/jasmine/models/hospital_branch_speciality.js","statementMap":{"0":{"start":{"line":1,"column":20},"end":{"line":1,"column":46}},"1":{"start":{"line":3,"column":0},"end":{"line":17,"column":1}},"2":{"start":{"line":4,"column":4},"end":{"line":16,"column":6}}},"fnMap":{"0":{"name":"(anonymous_0)","decl":{"start":{"line":3,"column":16},"end":{"line":3,"column":17}},"loc":{"start":{"line":3,"column":34},"end":{"line":17,"column":1}},"line":3}},"branchMap":{},"s":{"0":1,"1":1,"2":1},"f":{"0":1},"b":{},"_coverageSchema":"43e27e138ebf9cfc5966b082cf9a028302ed4184","hash":"ab064970202c5b9e6fa6aeccc809af2c4962afff","contentHash":"e3f3203c541165c7c9a63a84c908b0046ee70eb0d76c646833bd614f17a37aa0"},"/home/aspl/Pictures/26_node_testing/jasmine/models/hospital_branch_roles.js":{"path":"/home/aspl/Pictures/26_node_testing/jasmine/models/hospital_branch_roles.js","statementMap":{"0":{"start":{"line":1,"column":20},"end":{"line":1,"column":46}},"1":{"start":{"line":3,"column":0},"end":{"line":17,"column":1}},"2":{"start":{"line":4,"column":4},"end":{"line":16,"column":6}}},"fnMap":{"0":{"name":"(anonymous_0)","decl":{"start":{"line":3,"column":16},"end":{"line":3,"column":17}},"loc":{"start":{"line":3,"column":34},"end":{"line":17,"column":1}},"line":3}},"branchMap":{},"s":{"0":1,"1":1,"2":1},"f":{"0":1},"b":{},"_coverageSchema":"43e27e138ebf9cfc5966b082cf9a028302ed4184","hash":"6ff24e1383909809ae10c62cdce1734e8f5a150a","contentHash":"c755beff4f026dde9dae7f6d6a0d04d04e8d6a1518ffb3be28ea66fc42907224"},"/home/aspl/Pictures/26_node_testing/jasmine/models/map_user_module_permission.js":{"path":"/home/aspl/Pictures/26_node_testing/jasmine/models/map_user_module_permission.js","statementMap":{"0":{"start":{"line":1,"column":20},"end":{"line":1,"column":46}},"1":{"start":{"line":3,"column":0},"end":{"line":19,"column":1}},"2":{"start":{"line":4,"column":4},"end":{"line":18,"column":6}}},"fnMap":{"0":{"name":"(anonymous_0)","decl":{"start":{"line":3,"column":16},"end":{"line":3,"column":17}},"loc":{"start":{"line":3,"column":34},"end":{"line":19,"column":1}},"line":3}},"branchMap":{},"s":{"0":1,"1":1,"2":1},"f":{"0":1},"b":{},"_coverageSchema":"43e27e138ebf9cfc5966b082cf9a028302ed4184","hash":"c87b5b7045ac6b71b92c3f3a5ebf12de25db7f7f","contentHash":"de635d66873d909a1af680d0c63b83a577e1f86c997149e86a13871217e5aaed"},"/home/aspl/Pictures/26_node_testing/jasmine/models/map_user_permission.js":{"path":"/home/aspl/Pictures/26_node_testing/jasmine/models/map_user_permission.js","statementMap":{"0":{"start":{"line":1,"column":20},"end":{"line":1,"column":46}},"1":{"start":{"line":3,"column":0},"end":{"line":18,"column":1}},"2":{"start":{"line":4,"column":4},"end":{"line":17,"column":6}}},"fnMap":{"0":{"name":"(anonymous_0)","decl":{"start":{"line":3,"column":16},"end":{"line":3,"column":17}},"loc":{"start":{"line":3,"column":34},"end":{"line":18,"column":1}},"line":3}},"branchMap":{},"s":{"0":1,"1":1,"2":1},"f":{"0":1},"b":{},"_coverageSchema":"43e27e138ebf9cfc5966b082cf9a028302ed4184","hash":"5da46cded9514312bfab5677d967cc3e27c9ed90","contentHash":"22b5d9b2b8331345f8ccf6f09d0b1485f0ce4fbeb56bb53294d5cbd3a1d85c21"},"/home/aspl/Pictures/26_node_testing/jasmine/models/permission.js":{"path":"/home/aspl/Pictures/26_node_testing/jasmine/models/permission.js","statementMap":{"0":{"start":{"line":1,"column":20},"end":{"line":1,"column":46}},"1":{"start":{"line":3,"column":0},"end":{"line":16,"column":1}},"2":{"start":{"line":4,"column":4},"end":{"line":15,"column":6}}},"fnMap":{"0":{"name":"(anonymous_0)","decl":{"start":{"line":3,"column":16},"end":{"line":3,"column":17}},"loc":{"start":{"line":3,"column":34},"end":{"line":16,"column":1}},"line":3}},"branchMap":{},"s":{"0":1,"1":1,"2":1},"f":{"0":1},"b":{},"_coverageSchema":"43e27e138ebf9cfc5966b082cf9a028302ed4184","hash":"ade362b8ae3ee9fea558d2be9589a9e147968d83","contentHash":"dfaabcfc1a43f15f85822fcfb25453ec11d48b0842cf876b27c040da38597f76"},"/home/aspl/Pictures/26_node_testing/jasmine/models/patient_infos.js":{"path":"/home/aspl/Pictures/26_node_testing/jasmine/models/patient_infos.js","statementMap":{"0":{"start":{"line":1,"column":20},"end":{"line":1,"column":46}},"1":{"start":{"line":2,"column":0},"end":{"line":26,"column":2}},"2":{"start":{"line":3,"column":2},"end":{"line":25,"column":5}}},"fnMap":{"0":{"name":"(anonymous_0)","decl":{"start":{"line":2,"column":17},"end":{"line":2,"column":18}},"loc":{"start":{"line":2,"column":38},"end":{"line":26,"column":1}},"line":2}},"branchMap":{},"s":{"0":1,"1":1,"2":1},"f":{"0":1},"b":{},"_coverageSchema":"43e27e138ebf9cfc5966b082cf9a028302ed4184","hash":"c7f1289d3be67d544a5517c3fae0809d4c1ee25d","contentHash":"004e04c2155cdc0f2361f2cf0c9a3c0bb99516829050f0ef350f912f6ae19c97"},"/home/aspl/Pictures/26_node_testing/jasmine/models/referral_doctor.js":{"path":"/home/aspl/Pictures/26_node_testing/jasmine/models/referral_doctor.js","statementMap":{"0":{"start":{"line":1,"column":20},"end":{"line":1,"column":46}},"1":{"start":{"line":3,"column":0},"end":{"line":21,"column":1}},"2":{"start":{"line":4,"column":4},"end":{"line":20,"column":6}}},"fnMap":{"0":{"name":"(anonymous_0)","decl":{"start":{"line":3,"column":16},"end":{"line":3,"column":17}},"loc":{"start":{"line":3,"column":34},"end":{"line":21,"column":1}},"line":3}},"branchMap":{},"s":{"0":1,"1":1,"2":1},"f":{"0":1},"b":{},"_coverageSchema":"43e27e138ebf9cfc5966b082cf9a028302ed4184","hash":"d144950d6a8b2f0ddc80f0e2f2f8fb160cd56f5b","contentHash":"4ee64dbc7c0df99443ae13ed5383aa9f95ec3a7446bd10376d00ccafeb3e4fdf"},"/home/aspl/Pictures/26_node_testing/jasmine/models/referral_hospitals.js":{"path":"/home/aspl/Pictures/26_node_testing/jasmine/models/referral_hospitals.js","statementMap":{"0":{"start":{"line":1,"column":20},"end":{"line":1,"column":46}},"1":{"start":{"line":3,"column":0},"end":{"line":24,"column":1}},"2":{"start":{"line":4,"column":4},"end":{"line":23,"column":6}}},"fnMap":{"0":{"name":"(anonymous_0)","decl":{"start":{"line":3,"column":16},"end":{"line":3,"column":17}},"loc":{"start":{"line":3,"column":34},"end":{"line":24,"column":1}},"line":3}},"branchMap":{},"s":{"0":1,"1":1,"2":1},"f":{"0":1},"b":{},"_coverageSchema":"43e27e138ebf9cfc5966b082cf9a028302ed4184","hash":"f10eb23a5bde19c1d49452cb127192363355b37a","contentHash":"bdace5740e7144e48e76644271d2a1710f6efec166b3ef25003747f43e474430"},"/home/aspl/Pictures/26_node_testing/jasmine/models/message.js":{"path":"/home/aspl/Pictures/26_node_testing/jasmine/models/message.js","statementMap":{"0":{"start":{"line":1,"column":20},"end":{"line":1,"column":46}},"1":{"start":{"line":2,"column":0},"end":{"line":19,"column":2}},"2":{"start":{"line":3,"column":2},"end":{"line":18,"column":5}}},"fnMap":{"0":{"name":"(anonymous_0)","decl":{"start":{"line":2,"column":17},"end":{"line":2,"column":18}},"loc":{"start":{"line":2,"column":38},"end":{"line":19,"column":1}},"line":2}},"branchMap":{},"s":{"0":1,"1":1,"2":1},"f":{"0":1},"b":{},"_coverageSchema":"43e27e138ebf9cfc5966b082cf9a028302ed4184","hash":"65915113d9af2cbc62dc2e54b7bf44c385420342","contentHash":"8b454cd201842dceb81f6c306426439f9e868fe589d6bf02d6b11e5a0a7a64a1"},"/home/aspl/Pictures/26_node_testing/jasmine/models/staff_referral_hospital.js":{"path":"/home/aspl/Pictures/26_node_testing/jasmine/models/staff_referral_hospital.js","statementMap":{"0":{"start":{"line":1,"column":20},"end":{"line":1,"column":46}},"1":{"start":{"line":3,"column":0},"end":{"line":19,"column":1}},"2":{"start":{"line":4,"column":4},"end":{"line":18,"column":6}}},"fnMap":{"0":{"name":"(anonymous_0)","decl":{"start":{"line":3,"column":16},"end":{"line":3,"column":17}},"loc":{"start":{"line":3,"column":34},"end":{"line":19,"column":1}},"line":3}},"branchMap":{},"s":{"0":1,"1":1,"2":1},"f":{"0":1},"b":{},"_coverageSchema":"43e27e138ebf9cfc5966b082cf9a028302ed4184","hash":"b07bd0972a56d31aee39ae509a113eeb56553422","contentHash":"1a4939551f1a2c875139d6368a42df9635d43e2b7b80f320dd480a1cb8130e3f"},"/home/aspl/Pictures/26_node_testing/jasmine/models/referral_opinion.js":{"path":"/home/aspl/Pictures/26_node_testing/jasmine/models/referral_opinion.js","statementMap":{"0":{"start":{"line":1,"column":20},"end":{"line":1,"column":46}},"1":{"start":{"line":3,"column":0},"end":{"line":16,"column":1}},"2":{"start":{"line":4,"column":4},"end":{"line":15,"column":6}}},"fnMap":{"0":{"name":"(anonymous_0)","decl":{"start":{"line":3,"column":16},"end":{"line":3,"column":17}},"loc":{"start":{"line":3,"column":34},"end":{"line":16,"column":1}},"line":3}},"branchMap":{},"s":{"0":1,"1":1,"2":1},"f":{"0":1},"b":{},"_coverageSchema":"43e27e138ebf9cfc5966b082cf9a028302ed4184","hash":"2b2624a3c88c21cf0bbeff5296ea8eadbd682a9a","contentHash":"ecc4bd062af0ec6f13ba174071174aa74cdb18109859667ddf24530d5220cfe0"},"/home/aspl/Pictures/26_node_testing/jasmine/models/referral_files.js":{"path":"/home/aspl/Pictures/26_node_testing/jasmine/models/referral_files.js","statementMap":{"0":{"start":{"line":1,"column":20},"end":{"line":1,"column":46}},"1":{"start":{"line":3,"column":0},"end":{"line":16,"column":1}},"2":{"start":{"line":4,"column":4},"end":{"line":15,"column":6}}},"fnMap":{"0":{"name":"(anonymous_0)","decl":{"start":{"line":3,"column":16},"end":{"line":3,"column":17}},"loc":{"start":{"line":3,"column":34},"end":{"line":16,"column":1}},"line":3}},"branchMap":{},"s":{"0":1,"1":1,"2":1},"f":{"0":1},"b":{},"_coverageSchema":"43e27e138ebf9cfc5966b082cf9a028302ed4184","hash":"d08cc5e3c17369caf7b354804f1eaf16313938f3","contentHash":"b34210a25f41803e7b55bd3809b0ae819b08a330d4ae0083f7c7ec8d88a00955"},"/home/aspl/Pictures/26_node_testing/jasmine/controllers/hospitalBranchController.js":{"path":"/home/aspl/Pictures/26_node_testing/jasmine/controllers/hospitalBranchController.js","statementMap":{"0":{"start":{"line":1,"column":23},"end":{"line":1,"column":46}},"1":{"start":{"line":2,"column":27},"end":{"line":2,"column":61}},"2":{"start":{"line":3,"column":23},"end":{"line":3,"column":47}},"3":{"start":{"line":4,"column":17},"end":{"line":4,"column":46}},"4":{"start":{"line":5,"column":20},"end":{"line":5,"column":43}},"5":{"start":{"line":6,"column":16},"end":{"line":6,"column":44}},"6":{"start":{"line":7,"column":15},"end":{"line":7,"column":42}},"7":{"start":{"line":8,"column":18},"end":{"line":8,"column":43}},"8":{"start":{"line":9,"column":19},"end":{"line":9,"column":40}},"9":{"start":{"line":10,"column":19},"end":{"line":10,"column":73}},"10":{"start":{"line":12,"column":0},"end":{"line":154,"column":1}},"11":{"start":{"line":13,"column":21},"end":{"line":13,"column":23}},"12":{"start":{"line":14,"column":17},"end":{"line":14,"column":19}},"13":{"start":{"line":15,"column":16},"end":{"line":15,"column":18}},"14":{"start":{"line":16,"column":4},"end":{"line":16,"column":61}},"15":{"start":{"line":17,"column":4},"end":{"line":17,"column":103}},"16":{"start":{"line":18,"column":4},"end":{"line":18,"column":125}},"17":{"start":{"line":19,"column":4},"end":{"line":153,"column":6}},"18":{"start":{"line":38,"column":8},"end":{"line":138,"column":9}},"19":{"start":{"line":39,"column":32},"end":{"line":43,"column":14}},"20":{"start":{"line":40,"column":16},"end":{"line":42,"column":17}},"21":{"start":{"line":41,"column":20},"end":{"line":41,"column":98}},"22":{"start":{"line":44,"column":31},"end":{"line":44,"column":104}},"23":{"start":{"line":44,"column":55},"end":{"line":44,"column":101}},"24":{"start":{"line":45,"column":29},"end":{"line":45,"column":122}},"25":{"start":{"line":45,"column":53},"end":{"line":45,"column":119}},"26":{"start":{"line":46,"column":27},"end":{"line":46,"column":128}},"27":{"start":{"line":46,"column":51},"end":{"line":46,"column":125}},"28":{"start":{"line":48,"column":12},"end":{"line":58,"column":13}},"29":{"start":{"line":49,"column":16},"end":{"line":49,"column":90}},"30":{"start":{"line":50,"column":19},"end":{"line":58,"column":13}},"31":{"start":{"line":51,"column":16},"end":{"line":51,"column":93}},"32":{"start":{"line":52,"column":19},"end":{"line":58,"column":13}},"33":{"start":{"line":53,"column":16},"end":{"line":53,"column":92}},"34":{"start":{"line":54,"column":19},"end":{"line":58,"column":13}},"35":{"start":{"line":55,"column":16},"end":{"line":55,"column":87}},"36":{"start":{"line":57,"column":16},"end":{"line":57,"column":80}},"37":{"start":{"line":60,"column":12},"end":{"line":137,"column":18}},"38":{"start":{"line":62,"column":20},"end":{"line":136,"column":21}},"39":{"start":{"line":63,"column":24},"end":{"line":63,"column":70}},"40":{"start":{"line":64,"column":24},"end":{"line":70,"column":26}},"41":{"start":{"line":65,"column":28},"end":{"line":67,"column":29}},"42":{"start":{"line":66,"column":32},"end":{"line":66,"column":82}},"43":{"start":{"line":69,"column":28},"end":{"line":69,"column":88}},"44":{"start":{"line":71,"column":24},"end":{"line":71,"column":77}},"45":{"start":{"line":72,"column":24},"end":{"line":135,"column":30}},"46":{"start":{"line":75,"column":32},"end":{"line":131,"column":33}},"47":{"start":{"line":77,"column":36},"end":{"line":130,"column":38}},"48":{"start":{"line":82,"column":40},"end":{"line":96,"column":42}},"49":{"start":{"line":83,"column":44},"end":{"line":94,"column":46}},"50":{"start":{"line":92,"column":48},"end":{"line":92,"column":124}},"51":{"start":{"line":97,"column":40},"end":{"line":128,"column":41}},"52":{"start":{"line":98,"column":62},"end":{"line":106,"column":46}},"53":{"start":{"line":108,"column":62},"end":{"line":120,"column":45}},"54":{"start":{"line":121,"column":44},"end":{"line":127,"column":47}},"55":{"start":{"line":122,"column":48},"end":{"line":126,"column":49}},"56":{"start":{"line":123,"column":52},"end":{"line":123,"column":88}},"57":{"start":{"line":125,"column":52},"end":{"line":125,"column":97}},"58":{"start":{"line":129,"column":40},"end":{"line":129,"column":115}},"59":{"start":{"line":134,"column":32},"end":{"line":134,"column":92}},"60":{"start":{"line":139,"column":8},"end":{"line":139,"column":21}},"61":{"start":{"line":150,"column":8},"end":{"line":150,"column":25}},"62":{"start":{"line":152,"column":8},"end":{"line":152,"column":68}},"63":{"start":{"line":156,"column":0},"end":{"line":178,"column":1}},"64":{"start":{"line":157,"column":17},"end":{"line":157,"column":45}},"65":{"start":{"line":158,"column":12},"end":{"line":158,"column":16}},"66":{"start":{"line":159,"column":0},"end":{"line":164,"column":1}},"67":{"start":{"line":160,"column":1},"end":{"line":160,"column":83}},"68":{"start":{"line":163,"column":4},"end":{"line":163,"column":82}},"69":{"start":{"line":165,"column":4},"end":{"line":177,"column":10}},"70":{"start":{"line":173,"column":8},"end":{"line":173,"column":66}},"71":{"start":{"line":176,"column":12},"end":{"line":176,"column":72}},"72":{"start":{"line":180,"column":0},"end":{"line":231,"column":1}},"73":{"start":{"line":181,"column":15},"end":{"line":181,"column":17}},"74":{"start":{"line":182,"column":27},"end":{"line":182,"column":29}},"75":{"start":{"line":183,"column":4},"end":{"line":183,"column":53}},"76":{"start":{"line":185,"column":4},"end":{"line":230,"column":6}},"77":{"start":{"line":190,"column":4},"end":{"line":226,"column":9}},"78":{"start":{"line":191,"column":8},"end":{"line":210,"column":10}},"79":{"start":{"line":197,"column":10},"end":{"line":209,"column":11}},"80":{"start":{"line":198,"column":12},"end":{"line":198,"column":72}},"81":{"start":{"line":200,"column":12},"end":{"line":200,"column":56}},"82":{"start":{"line":201,"column":12},"end":{"line":201,"column":64}},"83":{"start":{"line":202,"column":12},"end":{"line":202,"column":77}},"84":{"start":{"line":203,"column":12},"end":{"line":203,"column":45}},"85":{"start":{"line":204,"column":12},"end":{"line":204,"column":44}},"86":{"start":{"line":205,"column":12},"end":{"line":208,"column":14}},"87":{"start":{"line":207,"column":12},"end":{"line":207,"column":84}},"88":{"start":{"line":213,"column":12},"end":{"line":225,"column":14}},"89":{"start":{"line":214,"column":16},"end":{"line":224,"column":17}},"90":{"start":{"line":215,"column":20},"end":{"line":215,"column":61}},"91":{"start":{"line":216,"column":20},"end":{"line":216,"column":72}},"92":{"start":{"line":217,"column":20},"end":{"line":217,"column":85}},"93":{"start":{"line":218,"column":20},"end":{"line":218,"column":53}},"94":{"start":{"line":219,"column":20},"end":{"line":219,"column":52}},"95":{"start":{"line":220,"column":20},"end":{"line":223,"column":22}},"96":{"start":{"line":222,"column":24},"end":{"line":222,"column":96}},"97":{"start":{"line":229,"column":9},"end":{"line":229,"column":68}},"98":{"start":{"line":233,"column":0},"end":{"line":244,"column":1}},"99":{"start":{"line":234,"column":4},"end":{"line":243,"column":6}},"100":{"start":{"line":236,"column":8},"end":{"line":236,"column":31}},"101":{"start":{"line":239,"column":8},"end":{"line":239,"column":79}},"102":{"start":{"line":242,"column":8},"end":{"line":242,"column":67}},"103":{"start":{"line":246,"column":0},"end":{"line":259,"column":1}},"104":{"start":{"line":247,"column":16},"end":{"line":247,"column":82}},"105":{"start":{"line":248,"column":4},"end":{"line":258,"column":7}},"106":{"start":{"line":254,"column":8},"end":{"line":254,"column":66}},"107":{"start":{"line":257,"column":8},"end":{"line":257,"column":67}},"108":{"start":{"line":261,"column":0},"end":{"line":297,"column":1}},"109":{"start":{"line":262,"column":14},"end":{"line":262,"column":16}},"110":{"start":{"line":263,"column":27},"end":{"line":263,"column":29}},"111":{"start":{"line":265,"column":4},"end":{"line":270,"column":6}},"112":{"start":{"line":268,"column":8},"end":{"line":268,"column":29}},"113":{"start":{"line":269,"column":8},"end":{"line":269,"column":21}},"114":{"start":{"line":272,"column":4},"end":{"line":276,"column":28}},"115":{"start":{"line":278,"column":4},"end":{"line":296,"column":6}},"116":{"start":{"line":281,"column":8},"end":{"line":292,"column":9}},"117":{"start":{"line":282,"column":12},"end":{"line":282,"column":53}},"118":{"start":{"line":283,"column":12},"end":{"line":283,"column":64}},"119":{"start":{"line":284,"column":12},"end":{"line":284,"column":77}},"120":{"start":{"line":285,"column":12},"end":{"line":285,"column":45}},"121":{"start":{"line":286,"column":12},"end":{"line":286,"column":44}},"122":{"start":{"line":288,"column":12},"end":{"line":291,"column":14}},"123":{"start":{"line":290,"column":16},"end":{"line":290,"column":88}},"124":{"start":{"line":295,"column":8},"end":{"line":295,"column":67}},"125":{"start":{"line":299,"column":0},"end":{"line":353,"column":1}},"126":{"start":{"line":300,"column":20},"end":{"line":300,"column":22}},"127":{"start":{"line":301,"column":33},"end":{"line":301,"column":35}},"128":{"start":{"line":302,"column":4},"end":{"line":302,"column":69}},"129":{"start":{"line":303,"column":4},"end":{"line":352,"column":6}},"130":{"start":{"line":309,"column":8},"end":{"line":309,"column":17}},"131":{"start":{"line":310,"column":4},"end":{"line":348,"column":5}},"132":{"start":{"line":311,"column":7},"end":{"line":313,"column":8}},"133":{"start":{"line":312,"column":8},"end":{"line":312,"column":74}},"134":{"start":{"line":314,"column":8},"end":{"line":333,"column":5}},"135":{"start":{"line":320,"column":10},"end":{"line":332,"column":6}},"136":{"start":{"line":321,"column":12},"end":{"line":321,"column":78}},"137":{"start":{"line":323,"column":8},"end":{"line":323,"column":70}},"138":{"start":{"line":324,"column":8},"end":{"line":324,"column":66}},"139":{"start":{"line":325,"column":8},"end":{"line":325,"column":79}},"140":{"start":{"line":326,"column":8},"end":{"line":326,"column":47}},"141":{"start":{"line":327,"column":8},"end":{"line":327,"column":46}},"142":{"start":{"line":328,"column":8},"end":{"line":331,"column":10}},"143":{"start":{"line":330,"column":11},"end":{"line":330,"column":89}},"144":{"start":{"line":335,"column":8},"end":{"line":347,"column":10}},"145":{"start":{"line":336,"column":12},"end":{"line":346,"column":13}},"146":{"start":{"line":337,"column":8},"end":{"line":337,"column":67}},"147":{"start":{"line":338,"column":8},"end":{"line":338,"column":66}},"148":{"start":{"line":339,"column":8},"end":{"line":339,"column":79}},"149":{"start":{"line":340,"column":8},"end":{"line":340,"column":47}},"150":{"start":{"line":341,"column":8},"end":{"line":341,"column":46}},"151":{"start":{"line":342,"column":8},"end":{"line":345,"column":16}},"152":{"start":{"line":344,"column":13},"end":{"line":344,"column":91}},"153":{"start":{"line":351,"column":9},"end":{"line":351,"column":68}},"154":{"start":{"line":355,"column":0},"end":{"line":369,"column":1}},"155":{"start":{"line":356,"column":16},"end":{"line":356,"column":89}},"156":{"start":{"line":357,"column":4},"end":{"line":368,"column":10}},"157":{"start":{"line":364,"column":12},"end":{"line":364,"column":70}},"158":{"start":{"line":367,"column":12},"end":{"line":367,"column":72}},"159":{"start":{"line":371,"column":0},"end":{"line":382,"column":1}},"160":{"start":{"line":372,"column":4},"end":{"line":381,"column":6}},"161":{"start":{"line":374,"column":8},"end":{"line":374,"column":31}},"162":{"start":{"line":377,"column":8},"end":{"line":377,"column":79}},"163":{"start":{"line":380,"column":8},"end":{"line":380,"column":67}},"164":{"start":{"line":384,"column":0},"end":{"line":420,"column":1}},"165":{"start":{"line":385,"column":19},"end":{"line":385,"column":21}},"166":{"start":{"line":386,"column":33},"end":{"line":386,"column":35}},"167":{"start":{"line":388,"column":4},"end":{"line":393,"column":6}},"168":{"start":{"line":391,"column":8},"end":{"line":391,"column":29}},"169":{"start":{"line":392,"column":8},"end":{"line":392,"column":21}},"170":{"start":{"line":395,"column":4},"end":{"line":399,"column":45}},"171":{"start":{"line":401,"column":4},"end":{"line":419,"column":6}},"172":{"start":{"line":404,"column":8},"end":{"line":415,"column":9}},"173":{"start":{"line":405,"column":12},"end":{"line":405,"column":71}},"174":{"start":{"line":406,"column":12},"end":{"line":406,"column":70}},"175":{"start":{"line":407,"column":12},"end":{"line":407,"column":83}},"176":{"start":{"line":408,"column":12},"end":{"line":408,"column":51}},"177":{"start":{"line":409,"column":12},"end":{"line":409,"column":50}},"178":{"start":{"line":411,"column":12},"end":{"line":414,"column":14}},"179":{"start":{"line":413,"column":16},"end":{"line":413,"column":98}},"180":{"start":{"line":418,"column":8},"end":{"line":418,"column":67}},"181":{"start":{"line":422,"column":0},"end":{"line":434,"column":1}},"182":{"start":{"line":423,"column":16},"end":{"line":423,"column":84}},"183":{"start":{"line":424,"column":4},"end":{"line":433,"column":6}},"184":{"start":{"line":429,"column":9},"end":{"line":429,"column":67}},"185":{"start":{"line":432,"column":9},"end":{"line":432,"column":68}},"186":{"start":{"line":436,"column":0},"end":{"line":496,"column":1}},"187":{"start":{"line":437,"column":4},"end":{"line":495,"column":7}},"188":{"start":{"line":439,"column":6},"end":{"line":439,"column":45}},"189":{"start":{"line":440,"column":6},"end":{"line":440,"column":26}},"190":{"start":{"line":443,"column":22},"end":{"line":443,"column":72}},"191":{"start":{"line":444,"column":5},"end":{"line":444,"column":22}},"192":{"start":{"line":447,"column":8},"end":{"line":490,"column":11}},"193":{"start":{"line":459,"column":12},"end":{"line":489,"column":13}},"194":{"start":{"line":460,"column":36},"end":{"line":464,"column":18}},"195":{"start":{"line":461,"column":20},"end":{"line":463,"column":21}},"196":{"start":{"line":462,"column":24},"end":{"line":462,"column":101}},"197":{"start":{"line":465,"column":35},"end":{"line":465,"column":116}},"198":{"start":{"line":465,"column":60},"end":{"line":465,"column":113}},"199":{"start":{"line":466,"column":31},"end":{"line":466,"column":132}},"200":{"start":{"line":466,"column":56},"end":{"line":466,"column":129}},"201":{"start":{"line":469,"column":16},"end":{"line":477,"column":17}},"202":{"start":{"line":470,"column":20},"end":{"line":470,"column":92}},"203":{"start":{"line":471,"column":23},"end":{"line":477,"column":17}},"204":{"start":{"line":472,"column":20},"end":{"line":472,"column":97}},"205":{"start":{"line":473,"column":23},"end":{"line":477,"column":17}},"206":{"start":{"line":474,"column":20},"end":{"line":474,"column":98}},"207":{"start":{"line":476,"column":20},"end":{"line":476,"column":85}},"208":{"start":{"line":479,"column":16},"end":{"line":479,"column":54}},"209":{"start":{"line":480,"column":16},"end":{"line":480,"column":64}},"210":{"start":{"line":481,"column":16},"end":{"line":481,"column":62}},"211":{"start":{"line":482,"column":16},"end":{"line":482,"column":47}},"212":{"start":{"line":483,"column":16},"end":{"line":483,"column":45}},"213":{"start":{"line":484,"column":16},"end":{"line":484,"column":51}},"214":{"start":{"line":485,"column":16},"end":{"line":485,"column":51}},"215":{"start":{"line":486,"column":16},"end":{"line":486,"column":53}},"216":{"start":{"line":487,"column":16},"end":{"line":487,"column":33}},"217":{"start":{"line":488,"column":16},"end":{"line":488,"column":67}},"218":{"start":{"line":494,"column":8},"end":{"line":494,"column":67}}},"fnMap":{"0":{"name":"(anonymous_0)","decl":{"start":{"line":12,"column":33},"end":{"line":12,"column":34}},"loc":{"start":{"line":12,"column":53},"end":{"line":154,"column":1}},"line":12},"1":{"name":"(anonymous_1)","decl":{"start":{"line":37,"column":12},"end":{"line":37,"column":13}},"loc":{"start":{"line":37,"column":22},"end":{"line":149,"column":5}},"line":37},"2":{"name":"(anonymous_2)","decl":{"start":{"line":39,"column":44},"end":{"line":39,"column":45}},"loc":{"start":{"line":39,"column":54},"end":{"line":43,"column":13}},"line":39},"3":{"name":"(anonymous_3)","decl":{"start":{"line":44,"column":43},"end":{"line":44,"column":44}},"loc":{"start":{"line":44,"column":53},"end":{"line":44,"column":103}},"line":44},"4":{"name":"(anonymous_4)","decl":{"start":{"line":45,"column":41},"end":{"line":45,"column":42}},"loc":{"start":{"line":45,"column":51},"end":{"line":45,"column":121}},"line":45},"5":{"name":"(anonymous_5)","decl":{"start":{"line":46,"column":39},"end":{"line":46,"column":40}},"loc":{"start":{"line":46,"column":49},"end":{"line":46,"column":127}},"line":46},"6":{"name":"(anonymous_6)","decl":{"start":{"line":61,"column":22},"end":{"line":61,"column":23}},"loc":{"start":{"line":61,"column":32},"end":{"line":137,"column":17}},"line":61},"7":{"name":"(anonymous_7)","decl":{"start":{"line":64,"column":74},"end":{"line":64,"column":75}},"loc":{"start":{"line":64,"column":84},"end":{"line":68,"column":25}},"line":64},"8":{"name":"(anonymous_8)","decl":{"start":{"line":68,"column":33},"end":{"line":68,"column":34}},"loc":{"start":{"line":68,"column":40},"end":{"line":70,"column":25}},"line":68},"9":{"name":"(anonymous_9)","decl":{"start":{"line":73,"column":34},"end":{"line":73,"column":35}},"loc":{"start":{"line":73,"column":44},"end":{"line":133,"column":29}},"line":73},"10":{"name":"(anonymous_10)","decl":{"start":{"line":81,"column":44},"end":{"line":81,"column":45}},"loc":{"start":{"line":81,"column":55},"end":{"line":130,"column":37}},"line":81},"11":{"name":"(anonymous_11)","decl":{"start":{"line":82,"column":56},"end":{"line":82,"column":57}},"loc":{"start":{"line":82,"column":73},"end":{"line":96,"column":41}},"line":82},"12":{"name":"(anonymous_12)","decl":{"start":{"line":91,"column":51},"end":{"line":91,"column":52}},"loc":{"start":{"line":91,"column":62},"end":{"line":94,"column":45}},"line":91},"13":{"name":"(anonymous_13)","decl":{"start":{"line":121,"column":78},"end":{"line":121,"column":79}},"loc":{"start":{"line":121,"column":101},"end":{"line":127,"column":45}},"line":121},"14":{"name":"(anonymous_14)","decl":{"start":{"line":133,"column":37},"end":{"line":133,"column":38}},"loc":{"start":{"line":133,"column":44},"end":{"line":135,"column":29}},"line":133},"15":{"name":"(anonymous_15)","decl":{"start":{"line":149,"column":13},"end":{"line":149,"column":14}},"loc":{"start":{"line":149,"column":20},"end":{"line":153,"column":5}},"line":149},"16":{"name":"(anonymous_16)","decl":{"start":{"line":156,"column":28},"end":{"line":156,"column":29}},"loc":{"start":{"line":156,"column":44},"end":{"line":178,"column":1}},"line":156},"17":{"name":"(anonymous_17)","decl":{"start":{"line":172,"column":11},"end":{"line":172,"column":12}},"loc":{"start":{"line":172,"column":21},"end":{"line":174,"column":5}},"line":172},"18":{"name":"(anonymous_18)","decl":{"start":{"line":175,"column":15},"end":{"line":175,"column":16}},"loc":{"start":{"line":175,"column":22},"end":{"line":177,"column":9}},"line":175},"19":{"name":"(anonymous_19)","decl":{"start":{"line":180,"column":17},"end":{"line":180,"column":18}},"loc":{"start":{"line":180,"column":33},"end":{"line":231,"column":1}},"line":180},"20":{"name":"(anonymous_20)","decl":{"start":{"line":189,"column":12},"end":{"line":189,"column":13}},"loc":{"start":{"line":189,"column":22},"end":{"line":227,"column":5}},"line":189},"21":{"name":"(anonymous_21)","decl":{"start":{"line":196,"column":16},"end":{"line":196,"column":17}},"loc":{"start":{"line":196,"column":26},"end":{"line":210,"column":9}},"line":196},"22":{"name":"(anonymous_22)","decl":{"start":{"line":206,"column":18},"end":{"line":206,"column":19}},"loc":{"start":{"line":206,"column":26},"end":{"line":208,"column":13}},"line":206},"23":{"name":"(anonymous_23)","decl":{"start":{"line":213,"column":57},"end":{"line":213,"column":58}},"loc":{"start":{"line":213,"column":65},"end":{"line":225,"column":13}},"line":213},"24":{"name":"(anonymous_24)","decl":{"start":{"line":221,"column":26},"end":{"line":221,"column":27}},"loc":{"start":{"line":221,"column":34},"end":{"li
[...]
lumn":27}},"6":{"start":{"line":11,"column":12},"end":{"line":11,"column":21}},"7":{"start":{"line":13,"column":16},"end":{"line":13,"column":53}},"8":{"start":{"line":14,"column":16},"end":{"line":14,"column":54}},"9":{"start":{"line":15,"column":17},"end":{"line":15,"column":61}},"10":{"start":{"line":16,"column":17},"end":{"line":16,"column":60}},"11":{"start":{"line":17,"column":17},"end":{"line":17,"column":51}}},"fnMap":{},"branchMap":{},"s":{"0":1,"1":1,"2":1,"3":1,"4":1,"5":1,"6":1,"7":1,"8":1,"9":1,"10":1,"11":1},"f":{},"b":{},"_coverageSchema":"43e27e138ebf9cfc5966b082cf9a028302ed4184","hash":"fbe593b358919794017effb90a3f629c4db7db3b","contentHash":"86a7f0ab1bcb86c20058a427a47f1642af3dae1f8e6e9251557f3950a37b8107"},"/home/aspl/Pictures/26_node_testing/jasmine/server.js":{"path":"/home/aspl/Pictures/26_node_testing/jasmine/server.js","statementMap":{"0":{"start":{"line":2,"column":14},"end":{"line":2,"column":32}},"1":{"start":{"line":3,"column":11},"end":{"line":3,"column":26}},"2":{"start":{"line":4,"column":17},"end":{"line":4,"column":39}},"3":{"start":{"line":5,"column":13},"end":{"line":5,"column":30}},"4":{"start":{"line":10,"column":0},"end":{"line":10,"column":27}},"5":{"start":{"line":11,"column":12},"end":{"line":11,"column":21}},"6":{"start":{"line":13,"column":16},"end":{"line":13,"column":49}},"7":{"start":{"line":14,"column":16},"end":{"line":14,"column":50}},"8":{"start":{"line":15,"column":17},"end":{"line":15,"column":57}},"9":{"start":{"line":16,"column":17},"end":{"line":16,"column":56}},"10":{"start":{"line":17,"column":17},"end":{"line":17,"column":47}},"11":{"start":{"line":19,"column":0},"end":{"line":19,"column":35}},"12":{"start":{"line":20,"column":17},"end":{"line":20,"column":45}},"13":{"start":{"line":24,"column":0},"end":{"line":24,"column":16}},"14":{"start":{"line":25,"column":0},"end":{"line":25,"column":50}},"15":{"start":{"line":27,"column":0},"end":{"line":27,"column":34}},"16":{"start":{"line":31,"column":0},"end":{"line":31,"column":27}},"17":{"start":{"line":32,"column":0},"end":{"line":32,"column":23}},"18":{"start":{"line":33,"column":0},"end":{"line":33,"column":27}},"19":{"start":{"line":34,"column":0},"end":{"line":34,"column":28}},"20":{"start":{"line":35,"column":0},"end":{"line":35,"column":35}},"21":{"start":{"line":36,"column":0},"end":{"line":36,"column":34}},"22":{"start":{"line":37,"column":0},"end":{"line":37,"column":21}},"23":{"start":{"line":60,"column":0},"end":{"line":60,"column":73}},"24":{"start":{"line":60,"column":27},"end":{"line":60,"column":71}},"25":{"start":{"line":62,"column":0},"end":{"line":62,"column":20}},"26":{"start":{"line":64,"column":0},"end":{"line":64,"column":24}}},"fnMap":{"0":{"name":"(anonymous_0)","decl":{"start":{"line":60,"column":21},"end":{"line":60,"column":22}},"loc":{"start":{"line":60,"column":27},"end":{"line":60,"column":71}},"line":60}},"branchMap":{"0":{"loc":{"start":{"line":20,"column":17},"end":{"line":20,"column":45}},"type":"binary-expr","locations":[{"start":{"line":20,"column":17},"end":{"line":20,"column":37}},{"start":{"line":20,"column":41},"end":{"line":20,"column":45}}],"line":20}},"s":{"0":1,"1":1,"2":1,"3":1,"4":1,"5":1,"6":1,"7":1,"8":1,"9":1,"10":1,"11":1,"12":1,"13":1,"14":1,"15":1,"16":1,"17":1,"18":1,"19":1,"20":1,"21":1,"22":1,"23":1,"24":1,"25":1,"26":1},"f":{"0":1},"b":{"0":[1,1]},"_coverageSchema":"43e27e138ebf9cfc5966b082cf9a028302ed4184","hash":"5630932de83437683ca594eb77cc66d3446eda75","contentHash":"34590abf172d0db9838c8683f40c9e1ecd6d0b1015a92886b4dc748f68504d44"},"/home/aspl/Pictures/26_node_testing/jasmine/spec/unit/userController-spec.js":{"path":"/home/aspl/Pictures/26_node_testing/jasmine/spec/unit/userController-spec.js","statementMap":{"0":{"start":{"line":2,"column":21},"end":{"line":2,"column":64}},"1":{"start":{"line":3,"column":23},"end":{"line":3,"column":49}},"2":{"start":{"line":4,"column":22},"end":{"line":4,"column":48}},"3":{"start":{"line":5,"column":19},"end":{"line":5,"column":40}},"4":{"start":{"line":6,"column":16},"end":{"line":6,"column":38}},"5":{"start":{"line":10,"column":0},"end":{"line":145,"column":2}},"6":{"start":{"line":11,"column":4},"end":{"line":39,"column":7}},"7":{"start":{"line":12,"column":18},"end":{"line":12,"column":61}},"8":{"start":{"line":13,"column":18},"end":{"line":19,"column":9}},"9":{"start":{"line":21,"column":18},"end":{"line":23,"column":9}},"10":{"start":{"line":25,"column":21},"end":{"line":29,"column":11}},"11":{"start":{"line":31,"column":8},"end":{"line":31,"column":29}},"12":{"start":{"line":32,"column":8},"end":{"line":32,"column":50}},"13":{"start":{"line":33,"column":8},"end":{"line":36,"column":10}},"14":{"start":{"line":34,"column":12},"end":{"line":34,"column":60}},"15":{"start":{"line":37,"column":8},"end":{"line":37,"column":15}},"16":{"start":{"line":40,"column":4},"end":{"line":78,"column":7}},"17":{"start":{"line":41,"column":18},"end":{"line":41,"column":61}},"18":{"start":{"line":43,"column":18},"end":{"line":47,"column":9}},"19":{"start":{"line":48,"column":26},"end":{"line":56,"column":12}},"20":{"start":{"line":57,"column":19},"end":{"line":57,"column":48}},"21":{"start":{"line":58,"column":18},"end":{"line":60,"column":9}},"22":{"start":{"line":62,"column":21},"end":{"line":62,"column":44}},"23":{"start":{"line":64,"column":8},"end":{"line":64,"column":29}},"24":{"start":{"line":65,"column":8},"end":{"line":65,"column":51}},"25":{"start":{"line":66,"column":8},"end":{"line":69,"column":10}},"26":{"start":{"line":67,"column":12},"end":{"line":67,"column":37}},"27":{"start":{"line":70,"column":8},"end":{"line":70,"column":30}},"28":{"start":{"line":71,"column":8},"end":{"line":71,"column":49}},"29":{"start":{"line":72,"column":8},"end":{"line":75,"column":10}},"30":{"start":{"line":73,"column":12},"end":{"line":73,"column":37}},"31":{"start":{"line":76,"column":8},"end":{"line":76,"column":46}},"32":{"start":{"line":77,"column":8},"end":{"line":77,"column":15}},"33":{"start":{"line":120,"column":4},"end":{"line":143,"column":7}},"34":{"start":{"line":121,"column":18},"end":{"line":121,"column":61}},"35":{"start":{"line":122,"column":18},"end":{"line":127,"column":9}},"36":{"start":{"line":129,"column":18},"end":{"line":131,"column":9}},"37":{"start":{"line":133,"column":21},"end":{"line":133,"column":40}},"38":{"start":{"line":135,"column":8},"end":{"line":135,"column":29}},"39":{"start":{"line":136,"column":8},"end":{"line":136,"column":42}},"40":{"start":{"line":137,"column":8},"end":{"line":140,"column":10}},"41":{"start":{"line":138,"column":12},"end":{"line":138,"column":37}},"42":{"start":{"line":141,"column":8},"end":{"line":141,"column":15}}},"fnMap":{"0":{"name":"(anonymous_0)","decl":{"start":{"line":10,"column":31},"end":{"line":10,"column":32}},"loc":{"start":{"line":10,"column":35},"end":{"line":145,"column":1}},"line":10},"1":{"name":"(anonymous_1)","decl":{"start":{"line":11,"column":23},"end":{"line":11,"column":24}},"loc":{"start":{"line":11,"column":31},"end":{"line":39,"column":5}},"line":11},"2":{"name":"(anonymous_2)","decl":{"start":{"line":22,"column":18},"end":{"line":22,"column":19}},"loc":{"start":{"line":22,"column":24},"end":{"line":22,"column":27}},"line":22},"3":{"name":"(anonymous_3)","decl":{"start":{"line":27,"column":19},"end":{"line":27,"column":20}},"loc":{"start":{"line":27,"column":25},"end":{"line":27,"column":28}},"line":27},"4":{"name":"(anonymous_4)","decl":{"start":{"line":33,"column":24},"end":{"line":33,"column":25}},"loc":{"start":{"line":33,"column":34},"end":{"line":36,"column":9}},"line":33},"5":{"name":"(anonymous_5)","decl":{"start":{"line":40,"column":24},"end":{"line":40,"column":25}},"loc":{"start":{"line":40,"column":32},"end":{"line":78,"column":5}},"line":40},"6":{"name":"(anonymous_6)","decl":{"start":{"line":59,"column":18},"end":{"line":59,"column":19}},"loc":{"start":{"line":59,"column":24},"end":{"line":59,"column":27}},"line":59},"7":{"name":"(anonymous_7)","decl":{"start":{"line":66,"column":24},"end":{"line":66,"column":25}},"loc":{"start":{"line":66,"column":34},"end":{"line":69,"column":9}},"line":66},"8":{"name":"(anonymous_8)","decl":{"start":{"line":72,"column":25},"end":{"line":72,"column":26}},"loc":{"start":{"line":72,"column":33},"end":{"line":75,"column":9}},"line":72},"9":{"name":"(anonymous_9)","decl":{"start":{"line":76,"column":39},"end":{"line":76,"column":40}},"loc":{"start":{"line":76,"column":43},"end":{"line":76,"column":45}},"line":76},"10":{"name":"(anonymous_10)","decl":{"start":{"line":120,"column":15},"end":{"line":120,"column":16}},"loc":{"start":{"line":120,"column":23},"end":{"line":143,"column":5}},"line":120},"11":{"name":"(anonymous_11)","decl":{"start":{"line":130,"column":18},"end":{"line":130,"column":19}},"loc":{"start":{"line":130,"column":24},"end":{"line":130,"column":27}},"line":130},"12":{"name":"(anonymous_12)","decl":{"start":{"line":137,"column":24},"end":{"line":137,"column":25}},"loc":{"start":{"line":137,"column":34},"end":{"line":140,"column":9}},"line":137}},"branchMap":{},"s":{"0":1,"1":1,"2":1,"3":1,"4":1,"5":1,"6":1,"7":1,"8":1,"9":1,"10":1,"11":1,"12":1,"13":1,"14":0,"15":1,"16":1,"17":1,"18":1,"19":1,"20":1,"21":1,"22":1,"23":1,"24":1,"25":1,"26":0,"27":1,"28":1,"29":1,"30":0,"31":1,"32":1,"33":1,"34":1,"35":1,"36":1,"37":1,"38":1,"39":1,"40":1,"41":0,"42":1},"f":{"0":1,"1":1,"2":0,"3":0,"4":0,"5":1,"6":0,"7":0,"8":0,"9":0,"10":1,"11":0,"12":0},"b":{},"_coverageSchema":"43e27e138ebf9cfc5966b082cf9a028302ed4184","hash":"110b97a7096aeea8728ddf56a5c2aff1b51b5539","contentHash":"fb340caa6d8591d27bd70f72febcea4bade7c65ce95ccd18ef6d941ba4a0178c"},"/home/aspl/Pictures/26_node_testing/jasmine/spec/unit/utilHelper-spec.js":{"path":"/home/aspl/Pictures/26_node_testing/jasmine/spec/unit/utilHelper-spec.js","statementMap":{"0":{"start":{"line":1,"column":11},"end":{"line":1,"column":39}},"1":{"start":{"line":2,"column":22},"end":{"line":2,"column":48}},"2":{"start":{"line":3,"column":23},"end":{"line":3,"column":49}},"3":{"start":{"line":6,"column":0},"end":{"line":77,"column":2}},"4":{"start":{"line":7,"column":4},"end":{"line":13,"column":6}},"5":{"start":{"line":8,"column":8},"end":{"line":8,"column":81}},"6":{"start":{"line":9,"column":8},"end":{"line":9,"column":81}},"7":{"start":{"line":10,"column":8},"end":{"line":10,"column":80}},"8":{"start":{"line":11,"column":8},"end":{"line":11,"column":71}},"9":{"start":{"line":12,"column":8},"end":{"line":12,"column":15}},"10":{"start":{"line":14,"column":4},"end":{"line":18,"column":7}},"11":{"start":{"line":15,"column":8},"end":{"line":15,"column":67}},"12":{"start":{"line":16,"column":8},"end":{"line":16,"column":58}},"13":{"start":{"line":17,"column":8},"end":{"line":17,"column":15}},"14":{"start":{"line":19,"column":4},"end":{"line":22,"column":6}},"15":{"start":{"line":20,"column":8},"end":{"line":20,"column":32}},"16":{"start":{"line":21,"column":8},"end":{"line":21,"column":15}},"17":{"start":{"line":23,"column":4},"end":{"line":41,"column":6}},"18":{"start":{"line":24,"column":19},"end":{"line":26,"column":9}},"19":{"start":{"line":27,"column":29},"end":{"line":29,"column":9}},"20":{"start":{"line":30,"column":18},"end":{"line":30,"column":68}},"21":{"start":{"line":31,"column":8},"end":{"line":31,"column":78}},"22":{"start":{"line":32,"column":21},"end":{"line":34,"column":9}},"23":{"start":{"line":35,"column":31},"end":{"line":37,"column":9}},"24":{"start":{"line":38,"column":18},"end":{"line":38,"column":72}},"25":{"start":{"line":39,"column":8},"end":{"line":39,"column":82}},"26":{"start":{"line":40,"column":8},"end":{"line":40,"column":15}},"27":{"start":{"line":42,"column":4},"end":{"line":59,"column":6}},"28":{"start":{"line":43,"column":15},"end":{"line":43,"column":39}},"29":{"start":{"line":44,"column":22},"end":{"line":47,"column":9}},"30":{"start":{"line":48,"column":16},"end":{"line":50,"column":9}},"31":{"start":{"line":51,"column":19},"end":{"line":51,"column":42}},"32":{"start":{"line":52,"column":8},"end":{"line":52,"column":29}},"33":{"start":{"line":53,"column":8},"end":{"line":53,"column":70}},"34":{"start":{"line":54,"column":8},"end":{"line":57,"column":10}},"35":{"start":{"line":55,"column":12},"end":{"line":55,"column":37}},"36":{"start":{"line":58,"column":8},"end":{"line":58,"column":15}},"37":{"start":{"line":60,"column":4},"end":{"line":76,"column":7}},"38":{"start":{"line":61,"column":16},"end":{"line":61,"column":40}},"39":{"start":{"line":62,"column":20},"end":{"line":64,"column":9}},"40":{"start":{"line":65,"column":17},"end":{"line":67,"column":10}},"41":{"start":{"line":68,"column":20},"end":{"line":68,"column":43}},"42":{"start":{"line":69,"column":9},"end":{"line":69,"column":30}},"43":{"start":{"line":70,"column":9},"end":{"line":70,"column":80}},"44":{"start":{"line":71,"column":9},"end":{"line":74,"column":11}},"45":{"start":{"line":72,"column":13},"end":{"line":72,"column":38}},"46":{"start":{"line":75,"column":9},"end":{"line":75,"column":16}}},"fnMap":{"0":{"name":"(anonymous_0)","decl":{"start":{"line":6,"column":23},"end":{"line":6,"column":24}},"loc":{"start":{"line":6,"column":27},"end":{"line":77,"column":1}},"line":6},"1":{"name":"(anonymous_1)","decl":{"start":{"line":7,"column":44},"end":{"line":7,"column":45}},"loc":{"start":{"line":7,"column":52},"end":{"line":13,"column":5}},"line":7},"2":{"name":"(anonymous_2)","decl":{"start":{"line":14,"column":31},"end":{"line":14,"column":32}},"loc":{"start":{"line":14,"column":39},"end":{"line":18,"column":5}},"line":14},"3":{"name":"(anonymous_3)","decl":{"start":{"line":19,"column":31},"end":{"line":19,"column":32}},"loc":{"start":{"line":19,"column":39},"end":{"line":22,"column":5}},"line":19},"4":{"name":"(anonymous_4)","decl":{"start":{"line":23,"column":33},"end":{"line":23,"column":34}},"loc":{"start":{"line":23,"column":41},"end":{"line":41,"column":5}},"line":23},"5":{"name":"(anonymous_5)","decl":{"start":{"line":42,"column":30},"end":{"line":42,"column":31}},"loc":{"start":{"line":42,"column":38},"end":{"line":59,"column":5}},"line":42},"6":{"name":"(anonymous_6)","decl":{"start":{"line":49,"column":17},"end":{"line":49,"column":18}},"loc":{"start":{"line":49,"column":21},"end":{"line":49,"column":23}},"line":49},"7":{"name":"(anonymous_7)","decl":{"start":{"line":54,"column":24},"end":{"line":54,"column":25}},"loc":{"start":{"line":54,"column":34},"end":{"line":57,"column":9}},"line":54},"8":{"name":"(anonymous_8)","decl":{"start":{"line":60,"column":25},"end":{"line":60,"column":26}},"loc":{"start":{"line":60,"column":33},"end":{"line":76,"column":6}},"line":60},"9":{"name":"(anonymous_9)","decl":{"start":{"line":66,"column":20},"end":{"line":66,"column":21}},"loc":{"start":{"line":66,"column":24},"end":{"line":66,"column":26}},"line":66},"10":{"name":"(anonymous_10)","decl":{"start":{"line":71,"column":25},"end":{"line":71,"column":26}},"loc":{"start":{"line":71,"column":35},"end":{"line":74,"column":10}},"line":71}},"branchMap":{},"s":{"0":1,"1":1,"2":1,"3":1,"4":1,"5":1,"6":1,"7":1,"8":1,"9":1,"10":1,"11":1,"12":1,"13":1,"14":1,"15":1,"16":1,"17":1,"18":1,"19":1,"20":1,"21":1,"22":1,"23":1,"24":1,"25":1,"26":1,"27":1,"28":1,"29":1,"30":1,"31":1,"32":1,"33":1,"34":1,"35":0,"36":1,"37":1,"38":1,"39":1,"40":1,"41":1,"42":1,"43":1,"44":1,"45":0,"46":1},"f":{"0":1,"1":1,"2":1,"3":1,"4":1,"5":1,"6":0,"7":0,"8":1,"9":0,"10":0},"b":{},"_coverageSchema":"43e27e138ebf9cfc5966b082cf9a028302ed4184","hash":"8554560889ffba140ff330f95158443d697bec67","contentHash":"de3261971d4072439b5c7203f099ceba4192b1b66e15a868641161a5e1335a59"},"/home/aspl/Pictures/26_node_testing/jasmine/spec/unit/verifyToken-spec.js":{"path":"/home/aspl/Pictures/26_node_testing/jasmine/spec/unit/verifyToken-spec.js","statementMap":{"0":{"start":{"line":1,"column":15},"end":{"line":1,"column":48}},"1":{"start":{"line":2,"column":12},"end":{"line":2,"column":35}},"2":{"start":{"line":3,"column":12},"end":{"line":3,"column":45}},"3":{"start":{"line":5,"column":0},"end":{"line":23,"column":2}},"4":{"start":{"line":6,"column":4},"end":{"line":22,"column":6}},"5":{"start":{"line":7,"column":16},"end":{"line":7,"column":35}},"6":{"start":{"line":8,"column":16},"end":{"line":12,"column":9}},"7":{"start":{"line":13,"column":20},"end":{"line":15,"column":9}},"8":{"start":{"line":16,"column":18},"end":{"line":18,"column":9}},"9":{"start":{"line":19,"column":8},"end":{"line":19,"column":26}},"10":{"start":{"line":20,"column":8},"end":{"line":20,"column":40}},"11":{"start":{"line":21,"column":8},"end":{"line":21,"column":15}}},"fnMap":{"0":{"name":"(anonymous_0)","decl":{"start":{"line":5,"column":24},"end":{"line":5,"column":25}},"loc":{"start":{"line":5,"column":28},"end":{"line":23,"column":1}},"line":5},"1":{"name":"(anonymous_1)","decl":{"start":{"line":6,"column":29},"end":{"line":6,"column":30}},"loc":{"start":{"line":6,"column":37},"end":{"line":22,"column":5}},"line":6},"2":{"name":"(anonymous_2)","decl":{"start":{"line":17,"column":17},"end":{"line":17,"column":18}},"loc":{"start":{"line":17,"column":22},"end":{"line":17,"column":24}},"line":17}},"branchMap":{},"s":{"0":1,"1":1,"2":1,"3":1,"4":1,"5":1,"6":1,"7":1,"8":1,"9":1,"10":1,"11":1},"f":{"0":1,"1":1,"2":1},"b":{},"_coverageSchema":"43e27e138ebf9cfc5966b082cf9a028302ed4184","hash":"1ceb737ae136c14d213d23dfb810757904dc84d1","contentHash":"ef5fd5b35f3edd827e1107177387dd5705bb07612dd5e9e0794715ce4618955d"},"/home/aspl/Pictures/26_node_testing/jasmine/config/jwtConfig.js":{"path":"/home/aspl/Pictures/26_node_testing/jasmine/config/jwtConfig.js","statementMap":{"0":{"start":{"line":1,"column":0},"end":{"line":3,"column":2}}},"fnMap":{},"branchMap":{},"s":{"0":1},"f":{},"b":{},"_coverageSchema":"43e27e138ebf9cfc5966b082cf9a028302ed4184","hash":"32a7d4dbaf4cdb250e42490e03cab3396e0e7b00","contentHash":"69e3ae0de078990ee7744227e2ca108b58e121a5f9737d64cd4c75e6b134c7e3"},"/home/aspl/Pictures/26_node_testing/jasmine/auth/verifyToken.js":{"path":"/home/aspl/Pictures/26_node_testing/jasmine/auth/verifyToken.js","statementMap":{"0":{"start":{"line":1,"column":15},"end":{"line":1,"column":45}},"1":{"start":{"line":2,"column":12},"end":{"line":2,"column":35}},"2":{"start":{"line":3,"column":16},"end":{"line":3,"column":40}},"3":{"start":{"line":6,"column":14},"end":{"line":6,"column":43}},"4":{"start":{"line":7,"column":2},"end":{"line":9,"column":61}},"5":{"start":{"line":9,"column":5},"end":{"line":9,"column":61}},"6":{"start":{"line":11,"column":2},"end":{"line":19,"column":5}},"7":{"start":{"line":12,"column":4},"end":{"line":13,"column":83}},"8":{"start":{"line":13,"column":6},"end":{"line":13,"column":83}},"9":{"start":{"line":17,"column":4},"end":{"line":17,"column":28}},"10":{"start":{"line":18,"column":4},"end":{"line":18,"column":11}},"11":{"start":{"line":21,"column":0},"end":{"line":21,"column":29}}},"fnMap":{"0":{"name":"verifyToken","decl":{"start":{"line":5,"column":9},"end":{"line":5,"column":20}},"loc":{"start":{"line":5,"column":37},"end":{"line":20,"column":1}},"line":5},"1":{"name":"(anonymous_1)","decl":{"start":{"line":11,"column":38},"end":{"line":11,"column":39}},"loc":{"start":{"line":11,"column":61},"end":{"line":19,"column":3}},"line":11}},"branchMap":{"0":{"loc":{"start":{"line":7,"column":2},"end":{"line":9,"column":61}},"type":"if","locations":[{"start":{"line":7,"column":2},"end":{"line":9,"column":61}},{"start":{"line":7,"column":2},"end":{"line":9,"column":61}}],"line":7},"1":{"loc":{"start":{"line":12,"column":4},"end":{"line":13,"column":83}},"type":"if","locations":[{"start":{"line":12,"column":4},"end":{"line":13,"column":83}},{"start":{"line":12,"column":4},"end":{"line":13,"column":83}}],"line":12}},"s":{"0":1,"1":1,"2":1,"3":1,"4":1,"5":1,"6":1,"7":0,"8":0,"9":0,"10":0,"11":1},"f":{"0":1,"1":0},"b":{"0":[1,0],"1":[0,0]},"_coverageSchema":"43e27e138ebf9cfc5966b082cf9a028302ed4184","hash":"ffc4c7e36df44266b9dbe68a6628dd3c441c89c1","contentHash":"ee422142db4ebadb61135bca207ed446349febb993bb90d57d91e8129fe4bf43"}}